#
# There is insufficient memory for the Java Runtime Environment to continue.
# Native memory allocation (mmap) failed to map 32505856 bytes for Failed to commit area from 0x000000008b000000 to 0x000000008cf00000 of length 32505856.
# Possible reasons:
#   The system is out of physical RAM or swap space
#   The process is running with CompressedOops enabled, and the Java Heap may be blocking the growth of the native heap
# Possible solutions:
#   Reduce memory load on the system
#   Increase physical memory or swap space
#   Check if swap backing store is full
#   Decrease Java heap size (-Xmx/-Xms)
#   Decrease number of Java threads
#   Decrease Java thread stack sizes (-Xss)
#   Set larger code cache with -XX:ReservedCodeCacheSize=
#   JVM is running with Unscaled Compressed Oops mode in which the Java heap is
#     placed in the first 4GB address space. The Java Heap base address is the
#     maximum limit for the native heap growth. Please use -XX:HeapBaseMinAddress
#     to set the Java Heap base and to place the Java Heap above 4GB virtual address.
# This output file may be truncated or incomplete.
#
#  Out of Memory Error (./src/hotspot/os/windows/os_windows.cpp:3386), pid=10708, tid=1504
#
# JRE version: OpenJDK Runtime Environment 18.9 (11.0.16+8) (build 11.0.16+8)
# Java VM: OpenJDK 64-Bit Server VM 18.9 (11.0.16+8, mixed mode, tiered, compressed oops, g1 gc, windows-amd64)
# No core dump will be written. Minidumps are not enabled by default on client versions of Windows
#

---------------  S U M M A R Y ------------

Command Line: org.jetbrains.kotlin.cli.jvm.K2JVMCompiler @D:\Code\Android\React_Native\Restaurant\node_modules\react-native-gesture-handler\android\build\20230222_8180135091811031500.compiler.options

Host: Intel(R) Core(TM) i5-5200U CPU @ 2.20GHz, 4 cores, 7G,  Windows 10 , 64 bit Build 19041 (10.0.19041.2546)
Time: Wed Feb 22 21:54:54 2023 SE Asia Standard Time elapsed time: 27.599390 seconds (0d 0h 0m 27s)

---------------  T H R E A D  ---------------

Current thread (0x000001f97f715000):  VMThread "VM Thread" [stack: 0x00000048ddd00000,0x00000048dde00000] [id=1504]

Stack: [0x00000048ddd00000,0x00000048dde00000]
[error occurred during error reporting (printing stack bounds), id 0xc0000005, EXCEPTION_ACCESS_VIOLATION (0xc0000005) at pc=0x000001f90868112d]

Native frames: (J=compiled Java code, j=interpreted, Vv=VM code, C=native code)
V  [jvm.dll+0x61a63a]
V  [jvm.dll+0x757439]
V  [jvm.dll+0x758b28]
V  [jvm.dll+0x759165]
V  [jvm.dll+0x75911b]
V  [jvm.dll+0x6199c7]
V  [jvm.dll+0x61a0d8]
C  [ntdll.dll+0xa241f]
C  [ntdll.dll+0x514a4]
C  [ntdll.dll+0xa0f4e]
C  0x000001f90868112d

VM_Operation (0x00000048dd7f89b0): G1CollectForAllocation, mode: safepoint, requested by thread 0x000001f97c5c3000


---------------  P R O C E S S  ---------------

Threads class SMR info:
_java_thread_list=0x000001f91b99ee10, length=10, elements={
0x000001f97c5c3000, 0x000001f97f74d800, 0x000001f97f74e800, 0x000001f91b773000,
0x000001f97f75d000, 0x000001f97f760000, 0x000001f97f763000, 0x000001f97f764000,
0x000001f91b7c1800, 0x000001f91b8bd000
}

Java Threads: ( => current thread )
  0x000001f97c5c3000 JavaThread "main" [_thread_blocked, id=5944, stack(0x00000048dd700000,0x00000048dd800000)]
  0x000001f97f74d800 JavaThread "Reference Handler" daemon [_thread_blocked, id=11196, stack(0x00000048dde00000,0x00000048ddf00000)]
  0x000001f97f74e800 JavaThread "Finalizer" daemon [_thread_blocked, id=72, stack(0x00000048ddf00000,0x00000048de000000)]
  0x000001f91b773000 JavaThread "Signal Dispatcher" daemon [_thread_blocked, id=7744, stack(0x00000048de000000,0x00000048de100000)]
  0x000001f97f75d000 JavaThread "Attach Listener" daemon [_thread_blocked, id=12808, stack(0x00000048de100000,0x00000048de200000)]
  0x000001f97f760000 JavaThread "Service Thread" daemon [_thread_blocked, id=12588, stack(0x00000048de200000,0x00000048de300000)]
  0x000001f97f763000 JavaThread "C2 CompilerThread0" daemon [_thread_blocked, id=11176, stack(0x00000048de300000,0x00000048de400000)]
  0x000001f97f764000 JavaThread "C1 CompilerThread0" daemon [_thread_blocked, id=7760, stack(0x00000048de400000,0x00000048de500000)]
  0x000001f91b7c1800 JavaThread "Sweeper thread" daemon [_thread_blocked, id=3388, stack(0x00000048de500000,0x00000048de600000)]
  0x000001f91b8bd000 JavaThread "Common-Cleaner" daemon [_thread_blocked, id=6020, stack(0x00000048de700000,0x00000048de800000)]

Other Threads:
=>0x000001f97f715000 VMThread "VM Thread" [stack: 0x00000048ddd00000,0x00000048dde00000] [id=1504]
  0x000001f91b8b4800 WatcherThread [stack: 0x00000048de600000,0x00000048de700000] [id=8808]
  0x000001f97c5db000 GCTaskThread "GC Thread#0" [stack: 0x00000048dd800000,0x00000048dd900000] [id=7044]
  0x000001f91bcd8800 GCTaskThread "GC Thread#1" [stack: 0x00000048de800000,0x00000048de900000] [id=9768]
  0x000001f91bcd9800 GCTaskThread "GC Thread#2" [stack: 0x00000048de900000,0x00000048dea00000] [id=12196]
  0x000001f97c60a000 ConcurrentGCThread "G1 Main Marker" [stack: 0x00000048dd900000,0x00000048dda00000] [id=12076]
  0x000001f97c60b800 ConcurrentGCThread "G1 Conc#0" [stack: 0x00000048dda00000,0x00000048ddb00000] [id=4220]
  0x000001f97c69b800 ConcurrentGCThread "G1 Refine#0" [stack: 0x00000048ddb00000,0x00000048ddc00000] [id=10636]
  0x000001f920672800 ConcurrentGCThread "G1 Refine#1" [stack: 0x00000048dea00000,0x00000048deb00000] [id=11144]
  0x000001f91bbd3800 ConcurrentGCThread "G1 Refine#2" [stack: 0x00000048deb00000,0x00000048dec00000] [id=2156]
  0x000001f97c69c800 ConcurrentGCThread "G1 Young RemSet Sampling" [stack: 0x00000048ddc00000,0x00000048ddd00000] [id=13188]

Threads with active compile tasks:
C2 CompilerThread0    27626 10287       4       org.jetbrains.kotlin.resolve.calls.context.ResolutionContext::<init> (203 bytes)

VM state:at safepoint (normal execution)

VM Mutex/Monitor currently owned by a thread:  ([mutex/lock_event])
[0x000001f97c5bf900] Threads_lock - owner thread: 0x000001f97f715000
[0x000001f97c5c0050] Heap_lock - owner thread: 0x000001f97c5c3000

Heap address: 0x0000000081600000, size: 2026 MB, Compressed Oops mode: 32-bit
Narrow klass base: 0x0000000000000000, Narrow klass shift: 3
Compressed class space size: 1073741824 Address: 0x0000000100000000

Heap:
 garbage-first heap   total 189440K, used 60778K [0x0000000081600000, 0x0000000100000000)
  region size 1024K, 6 young (6144K), 6 survivors (6144K)
 Metaspace       used 68010K, capacity 68939K, committed 69160K, reserved 1110016K
  class space    used 7536K, capacity 7905K, committed 8020K, reserved 1048576K
Heap Regions: E=young(eden), S=young(survivor), O=old, HS=humongous(starts), HC=humongous(continues), CS=collection set, F=free, A=archive, TAMS=top-at-mark-start (previous, next)
|   0|0x0000000081600000, 0x0000000081700000, 0x0000000081700000|100%|HS|  |TAMS 0x0000000081700000, 0x0000000081600000| Complete 
|   1|0x0000000081700000, 0x0000000081800000, 0x0000000081800000|100%|HC|  |TAMS 0x0000000081800000, 0x0000000081700000| Complete 
|   2|0x0000000081800000, 0x0000000081900000, 0x0000000081900000|100%|HC|  |TAMS 0x0000000081900000, 0x0000000081800000| Complete 
|   3|0x0000000081900000, 0x0000000081a00000, 0x0000000081a00000|100%| O|  |TAMS 0x0000000081a00000, 0x0000000081900000| Untracked 
|   4|0x0000000081a00000, 0x0000000081b00000, 0x0000000081b00000|100%| O|  |TAMS 0x0000000081b00000, 0x0000000081a00000| Untracked 
|   5|0x0000000081b00000, 0x0000000081c00000, 0x0000000081c00000|100%|HS|  |TAMS 0x0000000081c00000, 0x0000000081b00000| Complete 
|   6|0x0000000081c00000, 0x0000000081d00000, 0x0000000081d00000|100%|HC|  |TAMS 0x0000000081d00000, 0x0000000081c00000| Complete 
|   7|0x0000000081d00000, 0x0000000081e00000, 0x0000000081e00000|100%|HC|  |TAMS 0x0000000081e00000, 0x0000000081d00000| Complete 
|   8|0x0000000081e00000, 0x0000000081f00000, 0x0000000081f00000|100%| O|  |TAMS 0x0000000081f00000, 0x0000000081e00000| Untracked 
|   9|0x0000000081f00000, 0x0000000082000000, 0x0000000082000000|100%| O|  |TAMS 0x0000000082000000, 0x0000000081f00000| Untracked 
|  10|0x0000000082000000, 0x0000000082100000, 0x0000000082100000|100%| O|  |TAMS 0x0000000082100000, 0x0000000082000000| Untracked 
|  11|0x0000000082100000, 0x0000000082200000, 0x0000000082200000|100%| O|  |TAMS 0x0000000082200000, 0x0000000082100000| Untracked 
|  12|0x0000000082200000, 0x0000000082300000, 0x0000000082300000|100%| O|  |TAMS 0x0000000082300000, 0x0000000082200000| Untracked 
|  13|0x0000000082300000, 0x0000000082400000, 0x0000000082400000|100%| O|  |TAMS 0x0000000082400000, 0x0000000082300000| Untracked 
|  14|0x0000000082400000, 0x0000000082500000, 0x0000000082500000|100%| O|  |TAMS 0x0000000082500000, 0x0000000082400000| Untracked 
|  15|0x0000000082500000, 0x0000000082600000, 0x0000000082600000|100%| O|  |TAMS 0x0000000082600000, 0x0000000082500000| Untracked 
|  16|0x0000000082600000, 0x0000000082700000, 0x0000000082700000|100%| O|  |TAMS 0x0000000082700000, 0x0000000082600000| Untracked 
|  17|0x0000000082700000, 0x0000000082800000, 0x0000000082800000|100%| O|  |TAMS 0x0000000082800000, 0x0000000082700000| Untracked 
|  18|0x0000000082800000, 0x0000000082900000, 0x0000000082900000|100%| O|  |TAMS 0x0000000082900000, 0x0000000082800000| Untracked 
|  19|0x0000000082900000, 0x0000000082a00000, 0x0000000082a00000|100%| O|  |TAMS 0x0000000082a00000, 0x0000000082900000| Untracked 
|  20|0x0000000082a00000, 0x0000000082b00000, 0x0000000082b00000|100%|HS|  |TAMS 0x0000000082b00000, 0x0000000082a00000| Complete 
|  21|0x0000000082b00000, 0x0000000082c00000, 0x0000000082c00000|100%|HC|  |TAMS 0x0000000082c00000, 0x0000000082b00000| Complete 
|  22|0x0000000082c00000, 0x0000000082d00000, 0x0000000082d00000|100%| O|  |TAMS 0x0000000082d00000, 0x0000000082c00000| Untracked 
|  23|0x0000000082d00000, 0x0000000082e00000, 0x0000000082e00000|100%| O|  |TAMS 0x0000000082e00000, 0x0000000082d00000| Untracked 
|  24|0x0000000082e00000, 0x0000000082f00000, 0x0000000082f00000|100%| O|  |TAMS 0x0000000082f00000, 0x0000000082e00000| Untracked 
|  25|0x0000000082f00000, 0x0000000083000000, 0x0000000083000000|100%| O|  |TAMS 0x0000000083000000, 0x0000000082f00000| Untracked 
|  26|0x0000000083000000, 0x0000000083100000, 0x0000000083100000|100%| O|  |TAMS 0x0000000083100000, 0x0000000083000000| Untracked 
|  27|0x0000000083100000, 0x0000000083200000, 0x0000000083200000|100%| O|  |TAMS 0x0000000083200000, 0x0000000083100000| Untracked 
|  28|0x0000000083200000, 0x0000000083300000, 0x0000000083300000|100%| O|  |TAMS 0x0000000083300000, 0x0000000083200000| Untracked 
|  29|0x0000000083300000, 0x0000000083400000, 0x0000000083400000|100%| O|  |TAMS 0x0000000083400000, 0x0000000083300000| Untracked 
|  30|0x0000000083400000, 0x0000000083500000, 0x0000000083500000|100%| O|  |TAMS 0x0000000083500000, 0x0000000083400000| Untracked 
|  31|0x0000000083500000, 0x0000000083600000, 0x0000000083600000|100%| O|  |TAMS 0x0000000083600000, 0x0000000083500000| Untracked 
|  32|0x0000000083600000, 0x0000000083700000, 0x0000000083700000|100%| O|  |TAMS 0x0000000083700000, 0x0000000083600000| Untracked 
|  33|0x0000000083700000, 0x0000000083800000, 0x0000000083800000|100%| O|  |TAMS 0x0000000083800000, 0x0000000083700000| Untracked 
|  34|0x0000000083800000, 0x0000000083900000, 0x0000000083900000|100%| O|  |TAMS 0x0000000083900000, 0x0000000083800000| Untracked 
|  35|0x0000000083900000, 0x0000000083a00000, 0x0000000083a00000|100%| O|  |TAMS 0x0000000083a00000, 0x0000000083900000| Untracked 
|  36|0x0000000083a00000, 0x0000000083b00000, 0x0000000083b00000|100%| O|  |TAMS 0x0000000083a29400, 0x0000000083a00000| Untracked 
|  37|0x0000000083b00000, 0x0000000083c00000, 0x0000000083c00000|100%| O|  |TAMS 0x0000000083b00000, 0x0000000083b00000| Untracked 
|  38|0x0000000083c00000, 0x0000000083d00000, 0x0000000083d00000|100%| O|  |TAMS 0x0000000083c00000, 0x0000000083c00000| Untracked 
|  39|0x0000000083d00000, 0x0000000083e00000, 0x0000000083e00000|100%| O|  |TAMS 0x0000000083d00000, 0x0000000083d00000| Untracked 
|  40|0x0000000083e00000, 0x0000000083f00000, 0x0000000083f00000|100%| O|  |TAMS 0x0000000083e00000, 0x0000000083e00000| Untracked 
|  41|0x0000000083f00000, 0x0000000084000000, 0x0000000084000000|100%| O|  |TAMS 0x0000000083f00000, 0x0000000083f00000| Untracked 
|  42|0x0000000084000000, 0x0000000084100000, 0x0000000084100000|100%| O|  |TAMS 0x0000000084000000, 0x0000000084000000| Untracked 
|  43|0x0000000084100000, 0x0000000084200000, 0x0000000084200000|100%| O|  |TAMS 0x0000000084100000, 0x0000000084100000| Untracked 
|  44|0x0000000084200000, 0x0000000084300000, 0x0000000084300000|100%| O|  |TAMS 0x0000000084200000, 0x0000000084200000| Untracked 
|  45|0x0000000084300000, 0x0000000084400000, 0x0000000084400000|100%| O|  |TAMS 0x0000000084300000, 0x0000000084300000| Untracked 
|  46|0x0000000084400000, 0x0000000084500000, 0x0000000084500000|100%| O|  |TAMS 0x0000000084400000, 0x0000000084400000| Untracked 
|  47|0x0000000084500000, 0x0000000084600000, 0x0000000084600000|100%| O|  |TAMS 0x0000000084500000, 0x0000000084500000| Untracked 
|  48|0x0000000084600000, 0x0000000084700000, 0x0000000084700000|100%| O|  |TAMS 0x0000000084600000, 0x0000000084600000| Untracked 
|  49|0x0000000084700000, 0x0000000084800000, 0x0000000084800000|100%| O|  |TAMS 0x0000000084700000, 0x0000000084700000| Untracked 
|  50|0x0000000084800000, 0x0000000084900000, 0x0000000084900000|100%| O|  |TAMS 0x0000000084800000, 0x0000000084800000| Untracked 
|  51|0x0000000084900000, 0x0000000084a00000, 0x0000000084a00000|100%| O|  |TAMS 0x0000000084900000, 0x0000000084900000| Untracked 
|  52|0x0000000084a00000, 0x0000000084b00000, 0x0000000084b00000|100%| O|  |TAMS 0x0000000084a00000, 0x0000000084a00000| Untracked 
|  53|0x0000000084b00000, 0x0000000084c00000, 0x0000000084c00000|100%| O|  |TAMS 0x0000000084b00000, 0x0000000084b00000| Untracked 
|  54|0x0000000084c00000, 0x0000000084c00000, 0x0000000084d00000|  0%| F|  |TAMS 0x0000000084c00000, 0x0000000084c00000| Untracked 
|  55|0x0000000084d00000, 0x0000000084d00000, 0x0000000084e00000|  0%| F|  |TAMS 0x0000000084d00000, 0x0000000084d00000| Untracked 
|  56|0x0000000084e00000, 0x0000000084e00000, 0x0000000084f00000|  0%| F|  |TAMS 0x0000000084e00000, 0x0000000084e00000| Untracked 
|  57|0x0000000084f00000, 0x0000000084f00000, 0x0000000085000000|  0%| F|  |TAMS 0x0000000084f00000, 0x0000000084f00000| Untracked 
|  58|0x0000000085000000, 0x0000000085000000, 0x0000000085100000|  0%| F|  |TAMS 0x0000000085000000, 0x0000000085000000| Untracked 
|  59|0x0000000085100000, 0x0000000085100000, 0x0000000085200000|  0%| F|  |TAMS 0x0000000085100000, 0x0000000085100000| Untracked 
|  60|0x0000000085200000, 0x0000000085200000, 0x0000000085300000|  0%| F|  |TAMS 0x0000000085200000, 0x0000000085200000| Untracked 
|  61|0x0000000085300000, 0x0000000085300000, 0x0000000085400000|  0%| F|  |TAMS 0x0000000085300000, 0x0000000085300000| Untracked 
|  62|0x0000000085400000, 0x0000000085400000, 0x0000000085500000|  0%| F|  |TAMS 0x0000000085400000, 0x0000000085400000| Untracked 
|  63|0x0000000085500000, 0x0000000085500000, 0x0000000085600000|  0%| F|  |TAMS 0x0000000085500000, 0x0000000085500000| Untracked 
|  64|0x0000000085600000, 0x0000000085600000, 0x0000000085700000|  0%| F|  |TAMS 0x0000000085600000, 0x0000000085600000| Untracked 
|  65|0x0000000085700000, 0x0000000085700000, 0x0000000085800000|  0%| F|  |TAMS 0x0000000085700000, 0x0000000085700000| Untracked 
|  66|0x0000000085800000, 0x0000000085800000, 0x0000000085900000|  0%| F|  |TAMS 0x0000000085800000, 0x0000000085800000| Untracked 
|  67|0x0000000085900000, 0x0000000085900000, 0x0000000085a00000|  0%| F|  |TAMS 0x0000000085900000, 0x0000000085900000| Untracked 
|  68|0x0000000085a00000, 0x0000000085a00000, 0x0000000085b00000|  0%| F|  |TAMS 0x0000000085a00000, 0x0000000085a00000| Untracked 
|  69|0x0000000085b00000, 0x0000000085b00000, 0x0000000085c00000|  0%| F|  |TAMS 0x0000000085b00000, 0x0000000085b00000| Untracked 
|  70|0x0000000085c00000, 0x0000000085c00000, 0x0000000085d00000|  0%| F|  |TAMS 0x0000000085c00000, 0x0000000085c00000| Untracked 
|  71|0x0000000085d00000, 0x0000000085d00000, 0x0000000085e00000|  0%| F|  |TAMS 0x0000000085d00000, 0x0000000085d00000| Untracked 
|  72|0x0000000085e00000, 0x0000000085e00000, 0x0000000085f00000|  0%| F|  |TAMS 0x0000000085e00000, 0x0000000085e00000| Untracked 
|  73|0x0000000085f00000, 0x0000000085f00000, 0x0000000086000000|  0%| F|  |TAMS 0x0000000085f00000, 0x0000000085f00000| Untracked 
|  74|0x0000000086000000, 0x0000000086000000, 0x0000000086100000|  0%| F|  |TAMS 0x0000000086000000, 0x0000000086000000| Untracked 
|  75|0x0000000086100000, 0x0000000086100000, 0x0000000086200000|  0%| F|  |TAMS 0x0000000086100000, 0x0000000086100000| Untracked 
|  76|0x0000000086200000, 0x0000000086200000, 0x0000000086300000|  0%| F|  |TAMS 0x0000000086200000, 0x0000000086200000| Untracked 
|  77|0x0000000086300000, 0x0000000086300000, 0x0000000086400000|  0%| F|  |TAMS 0x0000000086300000, 0x0000000086300000| Untracked 
|  78|0x0000000086400000, 0x0000000086400000, 0x0000000086500000|  0%| F|  |TAMS 0x0000000086400000, 0x0000000086400000| Untracked 
|  79|0x0000000086500000, 0x0000000086500000, 0x0000000086600000|  0%| F|  |TAMS 0x0000000086500000, 0x0000000086500000| Untracked 
|  80|0x0000000086600000, 0x0000000086600000, 0x0000000086700000|  0%| F|  |TAMS 0x0000000086600000, 0x0000000086600000| Untracked 
|  81|0x0000000086700000, 0x0000000086700000, 0x0000000086800000|  0%| F|  |TAMS 0x0000000086700000, 0x0000000086700000| Untracked 
|  82|0x0000000086800000, 0x0000000086800000, 0x0000000086900000|  0%| F|  |TAMS 0x0000000086800000, 0x0000000086800000| Untracked 
|  83|0x0000000086900000, 0x0000000086900000, 0x0000000086a00000|  0%| F|  |TAMS 0x0000000086900000, 0x0000000086900000| Untracked 
|  84|0x0000000086a00000, 0x0000000086a00000, 0x0000000086b00000|  0%| F|  |TAMS 0x0000000086a00000, 0x0000000086a00000| Untracked 
|  85|0x0000000086b00000, 0x0000000086b00000, 0x0000000086c00000|  0%| F|  |TAMS 0x0000000086b00000, 0x0000000086b00000| Untracked 
|  86|0x0000000086c00000, 0x0000000086c00000, 0x0000000086d00000|  0%| F|  |TAMS 0x0000000086c00000, 0x0000000086c00000| Untracked 
|  87|0x0000000086d00000, 0x0000000086d00000, 0x0000000086e00000|  0%| F|  |TAMS 0x0000000086d00000, 0x0000000086d00000| Untracked 
|  88|0x0000000086e00000, 0x0000000086e00000, 0x0000000086f00000|  0%| F|  |TAMS 0x0000000086e00000, 0x0000000086e00000| Untracked 
|  89|0x0000000086f00000, 0x0000000086f00000, 0x0000000087000000|  0%| F|  |TAMS 0x0000000086f00000, 0x0000000086f00000| Untracked 
|  90|0x0000000087000000, 0x0000000087000000, 0x0000000087100000|  0%| F|  |TAMS 0x0000000087000000, 0x0000000087000000| Untracked 
|  91|0x0000000087100000, 0x0000000087100000, 0x0000000087200000|  0%| F|  |TAMS 0x0000000087100000, 0x0000000087100000| Untracked 
|  92|0x0000000087200000, 0x0000000087200000, 0x0000000087300000|  0%| F|  |TAMS 0x0000000087200000, 0x0000000087200000| Untracked 
|  93|0x0000000087300000, 0x0000000087300000, 0x0000000087400000|  0%| F|  |TAMS 0x0000000087300000, 0x0000000087300000| Untracked 
|  94|0x0000000087400000, 0x0000000087400000, 0x0000000087500000|  0%| F|  |TAMS 0x0000000087400000, 0x0000000087400000| Untracked 
|  95|0x0000000087500000, 0x000000008755aae0, 0x0000000087600000| 35%| S|CS|TAMS 0x0000000087500000, 0x0000000087500000| Complete 
|  96|0x0000000087600000, 0x0000000087700000, 0x0000000087700000|100%| S|CS|TAMS 0x0000000087600000, 0x0000000087600000| Complete 
|  97|0x0000000087700000, 0x0000000087800000, 0x0000000087800000|100%| S|CS|TAMS 0x0000000087700000, 0x0000000087700000| Complete 
|  98|0x0000000087800000, 0x0000000087900000, 0x0000000087900000|100%| S|CS|TAMS 0x0000000087800000, 0x0000000087800000| Complete 
|  99|0x0000000087900000, 0x0000000087a00000, 0x0000000087a00000|100%| S|CS|TAMS 0x0000000087900000, 0x0000000087900000| Complete 
| 100|0x0000000087a00000, 0x0000000087b00000, 0x0000000087b00000|100%| S|CS|TAMS 0x0000000087a00000, 0x0000000087a00000| Complete 
| 101|0x0000000087b00000, 0x0000000087b00000, 0x0000000087c00000|  0%| F|  |TAMS 0x0000000087b00000, 0x0000000087b00000| Untracked 
| 102|0x0000000087c00000, 0x0000000087c00000, 0x0000000087d00000|  0%| F|  |TAMS 0x0000000087c00000, 0x0000000087c00000| Untracked 
| 103|0x0000000087d00000, 0x0000000087d00000, 0x0000000087e00000|  0%| F|  |TAMS 0x0000000087d00000, 0x0000000087d00000| Untracked 
| 104|0x0000000087e00000, 0x0000000087e00000, 0x0000000087f00000|  0%| F|  |TAMS 0x0000000087e00000, 0x0000000087e00000| Untracked 
| 105|0x0000000087f00000, 0x0000000087f00000, 0x0000000088000000|  0%| F|  |TAMS 0x0000000087f00000, 0x0000000087f00000| Untracked 
| 106|0x0000000088000000, 0x0000000088000000, 0x0000000088100000|  0%| F|  |TAMS 0x0000000088000000, 0x0000000088000000| Untracked 
| 107|0x0000000088100000, 0x0000000088100000, 0x0000000088200000|  0%| F|  |TAMS 0x0000000088100000, 0x0000000088100000| Untracked 
| 108|0x0000000088200000, 0x0000000088200000, 0x0000000088300000|  0%| F|  |TAMS 0x0000000088200000, 0x0000000088200000| Untracked 
| 109|0x0000000088300000, 0x0000000088300000, 0x0000000088400000|  0%| F|  |TAMS 0x0000000088300000, 0x0000000088300000| Untracked 
| 110|0x0000000088400000, 0x0000000088400000, 0x0000000088500000|  0%| F|  |TAMS 0x0000000088400000, 0x0000000088400000| Untracked 
| 111|0x0000000088500000, 0x0000000088500000, 0x0000000088600000|  0%| F|  |TAMS 0x0000000088500000, 0x0000000088500000| Untracked 
| 112|0x0000000088600000, 0x0000000088600000, 0x0000000088700000|  0%| F|  |TAMS 0x0000000088600000, 0x0000000088600000| Untracked 
| 113|0x0000000088700000, 0x0000000088700000, 0x0000000088800000|  0%| F|  |TAMS 0x0000000088700000, 0x0000000088700000| Untracked 
| 114|0x0000000088800000, 0x0000000088800000, 0x0000000088900000|  0%| F|  |TAMS 0x0000000088800000, 0x0000000088800000| Untracked 
| 115|0x0000000088900000, 0x0000000088900000, 0x0000000088a00000|  0%| F|  |TAMS 0x0000000088900000, 0x0000000088900000| Untracked 
| 116|0x0000000088a00000, 0x0000000088a00000, 0x0000000088b00000|  0%| F|  |TAMS 0x0000000088a00000, 0x0000000088a00000| Untracked 
| 117|0x0000000088b00000, 0x0000000088b00000, 0x0000000088c00000|  0%| F|  |TAMS 0x0000000088b00000, 0x0000000088b00000| Untracked 
| 118|0x0000000088c00000, 0x0000000088c00000, 0x0000000088d00000|  0%| F|  |TAMS 0x0000000088c00000, 0x0000000088c00000| Untracked 
| 119|0x0000000088d00000, 0x0000000088d00000, 0x0000000088e00000|  0%| F|  |TAMS 0x0000000088d00000, 0x0000000088d00000| Untracked 
| 120|0x0000000088e00000, 0x0000000088e00000, 0x0000000088f00000|  0%| F|  |TAMS 0x0000000088e00000, 0x0000000088e00000| Untracked 
| 121|0x0000000088f00000, 0x0000000088f00000, 0x0000000089000000|  0%| F|  |TAMS 0x0000000088f00000, 0x0000000088f00000| Untracked 
| 122|0x0000000089000000, 0x0000000089000000, 0x0000000089100000|  0%| F|  |TAMS 0x0000000089000000, 0x0000000089000000| Untracked 
| 123|0x0000000089100000, 0x0000000089100000, 0x0000000089200000|  0%| F|  |TAMS 0x0000000089100000, 0x0000000089100000| Untracked 
| 124|0x0000000089200000, 0x0000000089200000, 0x0000000089300000|  0%| F|  |TAMS 0x0000000089200000, 0x0000000089200000| Untracked 
| 125|0x0000000089300000, 0x0000000089300000, 0x0000000089400000|  0%| F|  |TAMS 0x0000000089300000, 0x0000000089300000| Untracked 
| 126|0x0000000089400000, 0x0000000089400000, 0x0000000089500000|  0%| F|  |TAMS 0x0000000089400000, 0x0000000089400000| Untracked 
| 127|0x0000000089500000, 0x0000000089500000, 0x0000000089600000|  0%| F|  |TAMS 0x0000000089500000, 0x0000000089500000| Untracked 
| 128|0x0000000089600000, 0x0000000089600000, 0x0000000089700000|  0%| F|  |TAMS 0x0000000089600000, 0x0000000089600000| Untracked 
| 129|0x0000000089700000, 0x0000000089700000, 0x0000000089800000|  0%| F|  |TAMS 0x0000000089700000, 0x0000000089700000| Untracked 
| 130|0x0000000089800000, 0x0000000089800000, 0x0000000089900000|  0%| F|  |TAMS 0x0000000089800000, 0x0000000089800000| Untracked 
| 131|0x0000000089900000, 0x0000000089900000, 0x0000000089a00000|  0%| F|  |TAMS 0x0000000089900000, 0x0000000089900000| Untracked 
| 132|0x0000000089a00000, 0x0000000089a00000, 0x0000000089b00000|  0%| F|  |TAMS 0x0000000089a00000, 0x0000000089a00000| Untracked 
| 133|0x0000000089b00000, 0x0000000089b00000, 0x0000000089c00000|  0%| F|  |TAMS 0x0000000089b00000, 0x0000000089b00000| Untracked 
| 134|0x0000000089c00000, 0x0000000089c00000, 0x0000000089d00000|  0%| F|  |TAMS 0x0000000089c00000, 0x0000000089c00000| Untracked 
| 135|0x0000000089d00000, 0x0000000089d00000, 0x0000000089e00000|  0%| F|  |TAMS 0x0000000089d00000, 0x0000000089d00000| Untracked 
| 136|0x0000000089e00000, 0x0000000089e00000, 0x0000000089f00000|  0%| F|  |TAMS 0x0000000089e00000, 0x0000000089e00000| Untracked 
| 137|0x0000000089f00000, 0x0000000089f00000, 0x000000008a000000|  0%| F|  |TAMS 0x0000000089f00000, 0x0000000089f00000| Untracked 
| 138|0x000000008a000000, 0x000000008a000000, 0x000000008a100000|  0%| F|  |TAMS 0x000000008a000000, 0x000000008a000000| Untracked 
| 139|0x000000008a100000, 0x000000008a100000, 0x000000008a200000|  0%| F|  |TAMS 0x000000008a100000, 0x000000008a100000| Untracked 
| 140|0x000000008a200000, 0x000000008a200000, 0x000000008a300000|  0%| F|  |TAMS 0x000000008a200000, 0x000000008a200000| Untracked 
| 141|0x000000008a300000, 0x000000008a300000, 0x000000008a400000|  0%| F|  |TAMS 0x000000008a300000, 0x000000008a300000| Untracked 
| 142|0x000000008a400000, 0x000000008a400000, 0x000000008a500000|  0%| F|  |TAMS 0x000000008a400000, 0x000000008a400000| Untracked 
| 143|0x000000008a500000, 0x000000008a500000, 0x000000008a600000|  0%| F|  |TAMS 0x000000008a500000, 0x000000008a500000| Untracked 
| 144|0x000000008a600000, 0x000000008a600000, 0x000000008a700000|  0%| F|  |TAMS 0x000000008a600000, 0x000000008a600000| Untracked 
| 145|0x000000008a700000, 0x000000008a700000, 0x000000008a800000|  0%| F|  |TAMS 0x000000008a700000, 0x000000008a700000| Untracked 
| 146|0x000000008a800000, 0x000000008a800000, 0x000000008a900000|  0%| F|  |TAMS 0x000000008a800000, 0x000000008a800000| Untracked 
| 147|0x000000008a900000, 0x000000008a900000, 0x000000008aa00000|  0%| F|  |TAMS 0x000000008a900000, 0x000000008a900000| Untracked 
| 148|0x000000008aa00000, 0x000000008aa00000, 0x000000008ab00000|  0%| F|  |TAMS 0x000000008aa00000, 0x000000008aa00000| Untracked 
| 149|0x000000008ab00000, 0x000000008ab00000, 0x000000008ac00000|  0%| F|  |TAMS 0x000000008ab00000, 0x000000008ab00000| Untracked 
| 150|0x000000008ac00000, 0x000000008ac00000, 0x000000008ad00000|  0%| F|  |TAMS 0x000000008ac00000, 0x000000008ac00000| Untracked 
| 151|0x000000008ad00000, 0x000000008ad00000, 0x000000008ae00000|  0%| F|  |TAMS 0x000000008ad00000, 0x000000008ad00000| Untracked 
| 152|0x000000008ae00000, 0x000000008ae00000, 0x000000008af00000|  0%| F|  |TAMS 0x000000008ae00000, 0x000000008ae00000| Untracked 
| 153|0x000000008af00000, 0x000000008af00000, 0x000000008b000000|  0%| F|  |TAMS 0x000000008af00000, 0x000000008af00000| Untracked 

Card table byte_map: [0x000001f97caa0000,0x000001f97cea0000] _byte_map_base: 0x000001f97c695000

Marking Bits (Prev, Next): (CMBitMap*) 0x000001f97c6013a0, (CMBitMap*) 0x000001f97c601368
 Prev Bits: [0x000001f917680000, 0x000001f919628000)
 Next Bits: [0x000001f97d2a0000, 0x000001f97f248000)

Polling page: 0x000001f97a400000

Metaspace:

Usage:
  Non-class:     59.60 MB capacity,    59.06 MB (>99%) used,   438.21 KB ( <1%) free+waste,   121.88 KB ( <1%) overhead. 
      Class:      7.72 MB capacity,     7.36 MB ( 95%) used,   315.31 KB (  4%) free+waste,    52.81 KB ( <1%) overhead. 
       Both:     67.32 MB capacity,    66.42 MB ( 99%) used,   753.52 KB (  1%) free+waste,   174.69 KB ( <1%) overhead. 

Virtual space:
  Non-class space:       60.00 MB reserved,      59.71 MB (>99%) committed 
      Class space:        1.00 GB reserved,       7.83 MB ( <1%) committed 
             Both:        1.06 GB reserved,      67.54 MB (  6%) committed 

Chunk freelists:
   Non-Class:  42.00 KB
       Class:  0 bytes
        Both:  42.00 KB

MaxMetaspaceSize: 17179869184.00 GB
CompressedClassSpaceSize: 1.00 GB
Initial GC threshold: 20.80 MB
Current GC threshold: 99.02 MB
CDS: off

CodeHeap 'non-profiled nmethods': size=120064Kb used=3595Kb max_used=3595Kb free=116468Kb
 bounds [0x000001f910140000, 0x000001f9104d0000, 0x000001f917680000]
CodeHeap 'profiled nmethods': size=120000Kb used=25420Kb max_used=25420Kb free=94579Kb
 bounds [0x000001f908c10000, 0x000001f90a4f0000, 0x000001f910140000]
CodeHeap 'non-nmethods': size=5696Kb used=1304Kb max_used=1349Kb free=4392Kb
 bounds [0x000001f908680000, 0x000001f9088f0000, 0x000001f908c10000]
 total_blobs=10703 nmethods=10116 adapters=496
 compilation: enabled
              stopped_count=0, restarted_count=0
 full_count=0

Compilation events (20 events):
Event: 27.503 Thread 0x000001f97f763000 10287       4       org.jetbrains.kotlin.resolve.calls.context.ResolutionContext::<init> (203 bytes)
Event: 27.504 Thread 0x000001f97f764000 nmethod 10286 0x000001f90a4d9190 code [0x000001f90a4d9400, 0x000001f90a4d9b68]
Event: 27.522 Thread 0x000001f97f764000 10288       3       org.jetbrains.kotlin.psi.KtVisitorVoid::visitExpression (10 bytes)
Event: 27.523 Thread 0x000001f97f764000 nmethod 10288 0x000001f90a4d9d90 code [0x000001f90a4d9f60, 0x000001f90a4da2d8]
Event: 27.523 Thread 0x000001f97f764000 10289       3       org.jetbrains.kotlin.psi.KtVisitorVoid::visitExpression (17 bytes)
Event: 27.524 Thread 0x000001f97f764000 nmethod 10289 0x000001f90a4da410 code [0x000001f90a4da5e0, 0x000001f90a4da818]
Event: 27.524 Thread 0x000001f97f764000 10290       3       org.jetbrains.kotlin.com.intellij.psi.impl.PsiElementBase::acceptChildren (35 bytes)
Event: 27.525 Thread 0x000001f97f764000 nmethod 10290 0x000001f90a4da910 code [0x000001f90a4dab00, 0x000001f90a4daf58]
Event: 27.530 Thread 0x000001f97f764000 10291       3       org.jetbrains.kotlin.psi.KtExpressionImplStub::getParent (26 bytes)
Event: 27.533 Thread 0x000001f97f764000 nmethod 10291 0x000001f90a4db090 code [0x000001f90a4db380, 0x000001f90a4dc2f8]
Event: 27.533 Thread 0x000001f97f764000 10293       3       org.jetbrains.kotlin.descriptors.PackageFragmentProviderImpl::collectPackageFragments (88 bytes)
Event: 27.535 Thread 0x000001f97f764000 nmethod 10293 0x000001f90a4dc810 code [0x000001f90a4dcb60, 0x000001f90a4dde18]
Event: 27.540 Thread 0x000001f97f764000 10295       3       org.jetbrains.kotlin.protobuf.GeneratedMessageLite$GeneratedExtension::fromFieldSetType (84 bytes)
Event: 27.542 Thread 0x000001f97f764000 nmethod 10295 0x000001f90a4de410 code [0x000001f90a4de740, 0x000001f90a4dffe8]
Event: 27.542 Thread 0x000001f97f764000 10296       3       org.jetbrains.kotlin.resolve.calls.model.SimpleCandidateFactory::createReceiverArgument (55 bytes)
Event: 27.543 Thread 0x000001f97f764000 nmethod 10296 0x000001f90a4e0690 code [0x000001f90a4e0920, 0x000001f90a4e1638]
Event: 27.543 Thread 0x000001f97f764000 10298       3       org.jetbrains.kotlin.resolve.calls.components.candidate.ResolutionCandidate::isSuccessful (46 bytes)
Event: 27.545 Thread 0x000001f97f764000 nmethod 10298 0x000001f90a4e1a10 code [0x000001f90a4e1d40, 0x000001f90a4e2bd8]
Event: 27.545 Thread 0x000001f97f764000 10297       1       org.jetbrains.kotlin.serialization.deserialization.descriptors.DeserializedPropertyDescriptor::getProto (5 bytes)
Event: 27.545 Thread 0x000001f97f764000 nmethod 10297 0x000001f9104c2b90 code [0x000001f9104c2d40, 0x000001f9104c2df8]

GC Heap History (19 events):
Event: 1.612 GC heap before
{Heap before GC invocations=0 (full 0):
 garbage-first heap   total 131072K, used 17408K [0x0000000081600000, 0x0000000100000000)
  region size 1024K, 14 young (14336K), 0 survivors (0K)
 Metaspace       used 9858K, capacity 9970K, committed 10112K, reserved 1058816K
  class space    used 826K, capacity 853K, committed 896K, reserved 1048576K
}
Event: 1.625 GC heap after
{Heap after GC invocations=1 (full 0):
 garbage-first heap   total 131072K, used 5324K [0x0000000081600000, 0x0000000100000000)
  region size 1024K, 2 young (2048K), 2 survivors (2048K)
 Metaspace       used 9858K, capacity 9970K, committed 10112K, reserved 1058816K
  class space    used 826K, capacity 853K, committed 896K, reserved 1048576K
}
Event: 4.200 GC heap before
{Heap before GC invocations=1 (full 0):
 garbage-first heap   total 131072K, used 51404K [0x0000000081600000, 0x0000000100000000)
  region size 1024K, 48 young (49152K), 2 survivors (2048K)
 Metaspace       used 21034K, capacity 21182K, committed 21248K, reserved 1069056K
  class space    used 2212K, capacity 2280K, committed 2304K, reserved 1048576K
}
Event: 4.237 GC heap after
{Heap after GC invocations=2 (full 0):
 garbage-first heap   total 131072K, used 9239K [0x0000000081600000, 0x0000000100000000)
  region size 1024K, 6 young (6144K), 6 survivors (6144K)
 Metaspace       used 21034K, capacity 21182K, committed 21248K, reserved 1069056K
  class space    used 2212K, capacity 2280K, committed 2304K, reserved 1048576K
}
Event: 7.221 GC heap before
{Heap before GC invocations=3 (full 0):
 garbage-first heap   total 131072K, used 61463K [0x0000000081600000, 0x0000000100000000)
  region size 1024K, 52 young (53248K), 6 survivors (6144K)
 Metaspace       used 31847K, capacity 32282K, committed 32636K, reserved 1077248K
  class space    used 3927K, capacity 4116K, committed 4220K, reserved 1048576K
}
Event: 7.247 GC heap after
{Heap after GC invocations=4 (full 0):
 garbage-first heap   total 131072K, used 21141K [0x0000000081600000, 0x0000000100000000)
  region size 1024K, 7 young (7168K), 7 survivors (7168K)
 Metaspace       used 31847K, capacity 32282K, committed 32636K, reserved 1077248K
  class space    used 3927K, capacity 4116K, committed 4220K, reserved 1048576K
}
Event: 8.323 GC heap before
{Heap before GC invocations=4 (full 0):
 garbage-first heap   total 131072K, used 37525K [0x0000000081600000, 0x0000000100000000)
  region size 1024K, 24 young (24576K), 7 survivors (7168K)
 Metaspace       used 35503K, capacity 35915K, committed 36048K, reserved 1081344K
  class space    used 4340K, capacity 4538K, committed 4604K, reserved 1048576K
}
Event: 8.342 GC heap after
{Heap after GC invocations=5 (full 0):
 garbage-first heap   total 131072K, used 20849K [0x0000000081600000, 0x0000000100000000)
  region size 1024K, 3 young (3072K), 3 survivors (3072K)
 Metaspace       used 35503K, capacity 35915K, committed 36048K, reserved 1081344K
  class space    used 4340K, capacity 4538K, committed 4604K, reserved 1048576K
}
Event: 12.028 GC heap before
{Heap before GC invocations=6 (full 0):
 garbage-first heap   total 131072K, used 75121K [0x0000000081600000, 0x0000000100000000)
  region size 1024K, 56 young (57344K), 3 survivors (3072K)
 Metaspace       used 46301K, capacity 46849K, committed 47184K, reserved 1091584K
  class space    used 5404K, capacity 5614K, committed 5756K, reserved 1048576K
}
Event: 12.050 GC heap after
{Heap after GC invocations=7 (full 0):
 garbage-first heap   total 157696K, used 25996K [0x0000000081600000, 0x0000000100000000)
  region size 1024K, 7 young (7168K), 7 survivors (7168K)
 Metaspace       used 46301K, capacity 46849K, committed 47184K, reserved 1091584K
  class space    used 5404K, capacity 5614K, committed 5756K, reserved 1048576K
}
Event: 16.499 GC heap before
{Heap before GC invocations=7 (full 0):
 garbage-first heap   total 157696K, used 114060K [0x0000000081600000, 0x0000000100000000)
  region size 1024K, 90 young (92160K), 7 survivors (7168K)
 Metaspace       used 58009K, capacity 58699K, committed 58832K, reserved 1101824K
  class space    used 6748K, capacity 7035K, committed 7164K, reserved 1048576K
}
Event: 16.539 GC heap after
{Heap after GC invocations=8 (full 0):
 garbage-first heap   total 157696K, used 36864K [0x0000000081600000, 0x0000000100000000)
  region size 1024K, 12 young (12288K), 12 survivors (12288K)
 Metaspace       used 58009K, capacity 58699K, committed 58832K, reserved 1101824K
  class space    used 6748K, capacity 7035K, committed 7164K, reserved 1048576K
}
Event: 17.928 GC heap before
{Heap before GC invocations=8 (full 0):
 garbage-first heap   total 157696K, used 53248K [0x0000000081600000, 0x0000000100000000)
  region size 1024K, 29 young (29696K), 12 survivors (12288K)
 Metaspace       used 59674K, capacity 60439K, committed 60496K, reserved 1101824K
  class space    used 6911K, capacity 7238K, committed 7292K, reserved 1048576K
}
Event: 17.969 GC heap after
{Heap after GC invocations=9 (full 0):
 garbage-first heap   total 157696K, used 41125K [0x0000000081600000, 0x0000000100000000)
  region size 1024K, 4 young (4096K), 4 survivors (4096K)
 Metaspace       used 59674K, capacity 60439K, committed 60496K, reserved 1101824K
  class space    used 6911K, capacity 7238K, committed 7292K, reserved 1048576K
}
Event: 20.916 GC heap before
{Heap before GC invocations=10 (full 0):
 garbage-first heap   total 157696K, used 91301K [0x0000000081600000, 0x0000000100000000)
  region size 1024K, 53 young (54272K), 4 survivors (4096K)
 Metaspace       used 62278K, capacity 63104K, committed 63272K, reserved 1105920K
  class space    used 7115K, capacity 7442K, committed 7508K, reserved 1048576K
}
Event: 20.955 GC heap after
{Heap after GC invocations=11 (full 0):
 garbage-first heap   total 157696K, used 49664K [0x0000000081600000, 0x0000000100000000)
  region size 1024K, 7 young (7168K), 7 survivors (7168K)
 Metaspace       used 62278K, capacity 63104K, committed 63272K, reserved 1105920K
  class space    used 7115K, capacity 7442K, committed 7508K, reserved 1048576K
}
Event: 23.005 GC heap before
{Heap before GC invocations=11 (full 0):
 garbage-first heap   total 157696K, used 98816K [0x0000000081600000, 0x0000000100000000)
  region size 1024K, 55 young (56320K), 7 survivors (7168K)
 Metaspace       used 63969K, capacity 64822K, committed 64936K, reserved 1105920K
  class space    used 7255K, capacity 7589K, committed 7636K, reserved 1048576K
}
Event: 23.042 GC heap after
{Heap after GC invocations=12 (full 0):
 garbage-first heap   total 157696K, used 55741K [0x0000000081600000, 0x0000000100000000)
  region size 1024K, 6 young (6144K), 6 survivors (6144K)
 Metaspace       used 63969K, capacity 64822K, committed 64936K, reserved 1105920K
  class space    used 7255K, capacity 7589K, committed 7636K, reserved 1048576K
}
Event: 27.559 GC heap before
{Heap before GC invocations=12 (full 0):
 garbage-first heap   total 157696K, used 104893K [0x0000000081600000, 0x0000000100000000)
  region size 1024K, 54 young (55296K), 6 survivors (6144K)
 Metaspace       used 68010K, capacity 68939K, committed 69160K, reserved 1110016K
  class space    used 7536K, capacity 7905K, committed 8020K, reserved 1048576K
}

Deoptimization events (20 events):
Event: 27.361 Thread 0x000001f97c5c3000 Uncommon trap: trap_request=0xffffffc6 fr.pc=0x000001f9104b4da8 relative=0x0000000000000068
Event: 27.361 Thread 0x000001f97c5c3000 Uncommon trap: reason=bimorphic_or_optimized_type_check action=maybe_recompile pc=0x000001f9104b4da8 method=org.jetbrains.kotlin.resolve.calls.tower.SimpleScopeTowerProcessor$DefaultImpls.process(Lorg/jetbrains/kotlin/resolve/calls/tower/SimpleScopeTowerP
Event: 27.361 Thread 0x000001f97c5c3000 DEOPT PACKING pc=0x000001f9104b4da8 sp=0x00000048dd7f94b0
Event: 27.361 Thread 0x000001f97c5c3000 DEOPT UNPACKING pc=0x000001f9086ca1af sp=0x00000048dd7f93d0 mode 2
Event: 27.362 Thread 0x000001f97c5c3000 Uncommon trap: trap_request=0xffffffc6 fr.pc=0x000001f9104ad074 relative=0x00000000000004d4
Event: 27.362 Thread 0x000001f97c5c3000 Uncommon trap: reason=bimorphic_or_optimized_type_check action=maybe_recompile pc=0x000001f9104ad074 method=org.jetbrains.kotlin.resolve.calls.components.candidate.ResolutionCandidate.getResolutionSequence()Ljava/util/List; @ 7 c2
Event: 27.362 Thread 0x000001f97c5c3000 DEOPT PACKING pc=0x000001f9104ad074 sp=0x00000048dd7f9580
Event: 27.362 Thread 0x000001f97c5c3000 DEOPT UNPACKING pc=0x000001f9086ca1af sp=0x00000048dd7f9488 mode 2
Event: 27.525 Thread 0x000001f97c5c3000 Uncommon trap: trap_request=0xffffffc6 fr.pc=0x000001f9103c82f0 relative=0x0000000000000b90
Event: 27.525 Thread 0x000001f97c5c3000 Uncommon trap: reason=bimorphic_or_optimized_type_check action=maybe_recompile pc=0x000001f9103c82f0 method=kotlin.collections.CollectionsKt__MutableCollectionsKt.addAll(Ljava/util/Collection;Ljava/lang/Iterable;)Z @ 33 c2
Event: 27.525 Thread 0x000001f97c5c3000 DEOPT PACKING pc=0x000001f9103c82f0 sp=0x00000048dd7fd460
Event: 27.525 Thread 0x000001f97c5c3000 DEOPT UNPACKING pc=0x000001f9086ca1af sp=0x00000048dd7fd478 mode 2
Event: 27.535 Thread 0x000001f97c5c3000 Uncommon trap: trap_request=0xffffffde fr.pc=0x000001f91044fc14 relative=0x0000000000000f14
Event: 27.535 Thread 0x000001f97c5c3000 Uncommon trap: reason=class_check action=maybe_recompile pc=0x000001f91044fc14 method=org.jetbrains.kotlin.serialization.deserialization.descriptors.DeserializedMemberScope$OptimizedImplementation.getContributedVariables(Lorg/jetbrains/kotlin/name/Name;Lo
Event: 27.535 Thread 0x000001f97c5c3000 DEOPT PACKING pc=0x000001f91044fc14 sp=0x00000048dd7fabb0
Event: 27.535 Thread 0x000001f97c5c3000 DEOPT UNPACKING pc=0x000001f9086ca1af sp=0x00000048dd7fab68 mode 2
Event: 27.537 Thread 0x000001f97c5c3000 Uncommon trap: trap_request=0xffffffde fr.pc=0x000001f91044fc14 relative=0x0000000000000f14
Event: 27.537 Thread 0x000001f97c5c3000 Uncommon trap: reason=class_check action=maybe_recompile pc=0x000001f91044fc14 method=org.jetbrains.kotlin.serialization.deserialization.descriptors.DeserializedMemberScope$OptimizedImplementation.getContributedVariables(Lorg/jetbrains/kotlin/name/Name;Lo
Event: 27.537 Thread 0x000001f97c5c3000 DEOPT PACKING pc=0x000001f91044fc14 sp=0x00000048dd7fabb0
Event: 27.537 Thread 0x000001f97c5c3000 DEOPT UNPACKING pc=0x000001f9086ca1af sp=0x00000048dd7fab68 mode 2

Classes redefined (0 events):
No events

Internal exceptions (20 events):
Event: 14.066 Thread 0x000001f97c5c3000 Implicit null exception at 0x000001f9101a115e to 0x000001f9101a18c2
Event: 15.282 Thread 0x000001f97c5c3000 Implicit null exception at 0x000001f9102b57fe to 0x000001f9102b5a58
Event: 16.001 Thread 0x000001f97c5c3000 Exception <a 'java/lang/NoSuchMethodError'{0x000000008682c768}: 'int java.lang.invoke.DirectMethodHandle$Holder.invokeVirtual(java.lang.Object, java.lang.Object, java.lang.Object)'> (0x000000008682c768) thrown at [./src/hotspot/share/interpreter/linkResolver.cpp, line 773]
Event: 16.014 Thread 0x000001f97c5c3000 Exception <a 'java/lang/NoSuchMethodError'{0x000000008686c348}: 'java.lang.Object java.lang.invoke.DirectMethodHandle$Holder.invokeSpecial(java.lang.Object, java.lang.Object, java.lang.Object, java.lang.Object, java.lang.Object, int)'> (0x000000008686c348) thrown at [./src/hotspot/share/interpreter/linkResolver.cpp, line 773]
Event: 16.015 Thread 0x000001f97c5c3000 Exception <a 'java/lang/NoSuchMethodError'{0x000000008686fc40}: 'java.lang.Object java.lang.invoke.Invokers$Holder.linkToTargetMethod(java.lang.Object, java.lang.Object, java.lang.Object, int, java.lang.Object)'> (0x000000008686fc40) thrown at [./src/hotspot/share/interpreter/linkResolver.cpp, line 773]
Event: 16.121 Thread 0x000001f97c5c3000 Exception <a 'java/lang/NoSuchMethodError'{0x00000000867b87a8}: 'void java.lang.invoke.DirectMethodHandle$Holder.invokeInterface(java.lang.Object, java.lang.Object)'> (0x00000000867b87a8) thrown at [./src/hotspot/share/interpreter/linkResolver.cpp, line 773]
Event: 16.708 Thread 0x000001f97c5c3000 Exception <a 'java/lang/NoSuchMethodError'{0x000000008ac16a60}: 'java.lang.Object java.lang.invoke.DirectMethodHandle$Holder.invokeStaticInit(java.lang.Object, java.lang.Object, java.lang.Object)'> (0x000000008ac16a60) thrown at [./src/hotspot/share/interpreter/linkResolver.cpp, line 773]
Event: 16.766 Thread 0x000001f97c5c3000 Exception <a 'java/lang/NoSuchMethodError'{0x000000008acedac8}: 'int java.lang.invoke.DirectMethodHandle$Holder.invokeStatic(java.lang.Object, java.lang.Object, java.lang.Object, java.lang.Object, java.lang.Object)'> (0x000000008acedac8) thrown at [./src/hotspot/share/interpreter/linkResolver.cpp, line 773]
Event: 18.101 Thread 0x000001f97c5c3000 Exception <a 'java/lang/NoSuchMethodError'{0x000000008ae20098}: 'int java.lang.invoke.DirectMethodHandle$Holder.invokeStaticInit(java.lang.Object, int)'> (0x000000008ae20098) thrown at [./src/hotspot/share/interpreter/linkResolver.cpp, line 773]
Event: 18.974 Thread 0x000001f97c5c3000 Exception <a 'java/lang/NoSuchMethodError'{0x000000008a46b940}: 'int java.lang.invoke.DirectMethodHandle$Holder.invokeInterface(java.lang.Object, java.lang.Object)'> (0x000000008a46b940) thrown at [./src/hotspot/share/interpreter/linkResolver.cpp, line 773]
Event: 19.240 Thread 0x000001f97c5c3000 Exception <a 'java/lang/NoSuchMethodError'{0x000000008a04b2c8}: 'java.lang.Object java.lang.invoke.DirectMethodHandle$Holder.invokeStatic(java.lang.Object, int, java.lang.Object, java.lang.Object)'> (0x000000008a04b2c8) thrown at [./src/hotspot/share/interpreter/linkResolver.cpp, line 773]
Event: 19.242 Thread 0x000001f97c5c3000 Exception <a 'java/lang/NoSuchMethodError'{0x000000008a052a90}: 'java.lang.Object java.lang.invoke.DirectMethodHandle$Holder.invokeStatic(java.lang.Object, int, java.lang.Object)'> (0x000000008a052a90) thrown at [./src/hotspot/share/interpreter/linkResolver.cpp, line 773]
Event: 21.741 Thread 0x000001f97c5c3000 Exception <a 'java/lang/NoSuchMethodError'{0x0000000089cf9898}: 'java.lang.Object java.lang.invoke.DirectMethodHandle$Holder.invokeInterface(java.lang.Object, java.lang.Object, java.lang.Object)'> (0x0000000089cf9898) thrown at [./src/hotspot/share/interpreter/linkResolver.cpp, line 773]
Event: 21.742 Thread 0x000001f97c5c3000 Exception <a 'java/lang/IncompatibleClassChangeError'{0x0000000089cfcac8}: Found class java.lang.Object, but interface was expected> (0x0000000089cfcac8) thrown at [./src/hotspot/share/interpreter/linkResolver.cpp, line 839]
Event: 22.008 Thread 0x000001f97c5c3000 Exception <a 'java/lang/NoSuchMethodError'{0x00000000891e17f0}: 'java.lang.Object java.lang.invoke.Invokers$Holder.linkToTargetMethod(java.lang.Object, java.lang.Object, java.lang.Object, java.lang.Object, java.lang.Object, java.lang.Object, java.lang.Object)'> (0x00000000891e17f0) thrown at [./src/hotspot/share/interpreter/linkResolver.cpp, line 773]
Event: 22.550 Thread 0x000001f97c5c3000 Implicit null exception at 0x000001f9103c9c1c to 0x000001f9103cad64
Event: 22.972 Thread 0x000001f97c5c3000 Exception <a 'java/lang/NoSuchMethodError'{0x000000008809f0b0}: 'java.lang.Object java.lang.invoke.Invokers$Holder.linkToTargetMethod(java.lang.Object, java.lang.Object, java.lang.Object, int, int, java.lang.Object)'> (0x000000008809f0b0) thrown at [./src/hotspot/share/interpreter/linkResolver.cpp, line 773]
Event: 24.712 Thread 0x000001f97c5c3000 Implicit null exception at 0x000001f9101994f5 to 0x000001f9101996bc
Event: 25.980 Thread 0x000001f97c5c3000 Implicit null exception at 0x000001f91048944c to 0x000001f910489514
Event: 27.336 Thread 0x000001f97c5c3000 Implicit null exception at 0x000001f9103e31fc to 0x000001f9103e34dc

Events (20 events):
Event: 27.525 loading class javaslang/Tuple2 done
Event: 27.536 loading class org/jetbrains/kotlin/resolve/calls/inference/CapturedTypeConstructorKt$createCapturedIfNeeded$1
Event: 27.536 loading class org/jetbrains/kotlin/resolve/calls/inference/CapturedTypeConstructorKt$createCapturedIfNeeded$1 done
Event: 27.536 loading class org/jetbrains/kotlin/serialization/deserialization/MemberDeserializer$getPropertyFieldAnnotations$1
Event: 27.536 loading class org/jetbrains/kotlin/serialization/deserialization/MemberDeserializer$getPropertyFieldAnnotations$1 done
Event: 27.538 loading class org/jetbrains/kotlin/load/kotlin/AbstractBinaryClassAnnotationAndConstantLoader$PropertyRelatedElement
Event: 27.538 loading class org/jetbrains/kotlin/load/kotlin/AbstractBinaryClassAnnotationAndConstantLoader$PropertyRelatedElement done
Event: 27.539 loading class org/jetbrains/kotlin/metadata/jvm/deserialization/JvmFlags
Event: 27.539 loading class org/jetbrains/kotlin/metadata/jvm/deserialization/JvmFlags done
Event: 27.550 loading class org/jetbrains/kotlin/types/expressions/FakeCallResolver$resolveFakeCall$result$1
Event: 27.550 loading class org/jetbrains/kotlin/types/expressions/FakeCallResolver$resolveFakeCall$result$1 done
Event: 27.552 loading class org/jetbrains/kotlin/com/intellij/psi/impl/source/tree/Factory
Event: 27.552 loading class org/jetbrains/kotlin/com/intellij/psi/impl/source/tree/Factory done
Event: 27.553 loading class org/jetbrains/kotlin/com/intellij/psi/impl/source/tree/PsiErrorElementImpl
Event: 27.553 loading class org/jetbrains/kotlin/com/intellij/psi/impl/source/tree/PsiErrorElementImpl done
Event: 27.556 loading class org/jetbrains/kotlin/types/expressions/FakeCallResolver$WhenMappings
Event: 27.556 loading class org/jetbrains/kotlin/types/expressions/FakeCallResolver$WhenMappings done
Event: 27.556 loading class org/jetbrains/kotlin/types/expressions/FakeCallResolver$TracingStrategyForIteratorCall
Event: 27.556 loading class org/jetbrains/kotlin/types/expressions/FakeCallResolver$TracingStrategyForIteratorCall done
Event: 27.558 Executing VM operation: G1CollectForAllocation


Dynamic libraries:
0x00007ff785760000 - 0x00007ff78576d000 	C:\Program Files\OpenJDK\openjdk-11.0.16_8\bin\java.exe
0x00007ffbfee90000 - 0x00007ffbff088000 	C:\Windows\SYSTEM32\ntdll.dll
0x00007ffbfd490000 - 0x00007ffbfd54f000 	C:\Windows\System32\KERNEL32.DLL
0x00007ffbfc920000 - 0x00007ffbfcbf2000 	C:\Windows\System32\KERNELBASE.dll
0x00007ffbfcdd0000 - 0x00007ffbfced0000 	C:\Windows\System32\ucrtbase.dll
0x00007ffbe2cb0000 - 0x00007ffbe2cc7000 	C:\Program Files\OpenJDK\openjdk-11.0.16_8\bin\jli.dll
0x00007ffbfea00000 - 0x00007ffbfeba1000 	C:\Windows\System32\USER32.dll
0x00007ffbfc680000 - 0x00007ffbfc6a2000 	C:\Windows\System32\win32u.dll
0x00007ffbfe420000 - 0x00007ffbfe44b000 	C:\Windows\System32\GDI32.dll
0x00007ffbfc6b0000 - 0x00007ffbfc7bf000 	C:\Windows\System32\gdi32full.dll
0x00007ffbfcd30000 - 0x00007ffbfcdcd000 	C:\Windows\System32\msvcp_win.dll
0x00007ffbeffd0000 - 0x00007ffbeffe5000 	C:\Program Files\OpenJDK\openjdk-11.0.16_8\bin\VCRUNTIME140.dll
0x00007ffbed7e0000 - 0x00007ffbeda7a000 	C:\Windows\WinSxS\amd64_microsoft.windows.common-controls_6595b64144ccf1df_6.0.19041.1110_none_60b5254171f9507e\COMCTL32.dll
0x00007ffbfe1f0000 - 0x00007ffbfe28e000 	C:\Windows\System32\msvcrt.dll
0x00007ffbfd450000 - 0x00007ffbfd482000 	C:\Windows\System32\IMM32.DLL
0x00007ffbe2c10000 - 0x00007ffbe2cab000 	C:\Program Files\OpenJDK\openjdk-11.0.16_8\bin\msvcp140.dll
0x00007ffbaa550000 - 0x00007ffbab05e000 	C:\Program Files\OpenJDK\openjdk-11.0.16_8\bin\server\jvm.dll
0x00007ffbfe950000 - 0x00007ffbfe9fe000 	C:\Windows\System32\ADVAPI32.dll
0x00007ffbfd1b0000 - 0x00007ffbfd24c000 	C:\Windows\System32\sechost.dll
0x00007ffbfcf60000 - 0x00007ffbfd085000 	C:\Windows\System32\RPCRT4.dll
0x00007ffbfd1a0000 - 0x00007ffbfd1a8000 	C:\Windows\System32\PSAPI.DLL
0x00007ffbefe30000 - 0x00007ffbefe39000 	C:\Windows\SYSTEM32\WSOCK32.dll
0x00007ffbfe3b0000 - 0x00007ffbfe41b000 	C:\Windows\System32\WS2_32.dll
0x00007ffbeda80000 - 0x00007ffbedaa7000 	C:\Windows\SYSTEM32\WINMM.dll
0x00007ffbf08c0000 - 0x00007ffbf08ca000 	C:\Windows\SYSTEM32\VERSION.dll
0x00007ffbfa440000 - 0x00007ffbfa452000 	C:\Windows\SYSTEM32\kernel.appcore.dll
0x00007ffbeb970000 - 0x00007ffbeb980000 	C:\Program Files\OpenJDK\openjdk-11.0.16_8\bin\verify.dll
0x00007ffbecf90000 - 0x00007ffbed174000 	C:\Windows\SYSTEM32\DBGHELP.DLL
0x00007ffbecda0000 - 0x00007ffbecdd5000 	C:\Windows\SYSTEM32\dbgcore.DLL
0x00007ffbfc580000 - 0x00007ffbfc602000 	C:\Windows\System32\bcryptPrimitives.dll
0x00007ffbe2be0000 - 0x00007ffbe2c08000 	C:\Program Files\OpenJDK\openjdk-11.0.16_8\bin\java.dll
0x00007ffbe9a80000 - 0x00007ffbe9a8a000 	C:\Program Files\OpenJDK\openjdk-11.0.16_8\bin\jimage.dll
0x00007ffbe2bc0000 - 0x00007ffbe2bd8000 	C:\Program Files\OpenJDK\openjdk-11.0.16_8\bin\zip.dll
0x00007ffbfd630000 - 0x00007ffbfdd75000 	C:\Windows\System32\SHELL32.dll
0x00007ffbfa640000 - 0x00007ffbfadd2000 	C:\Windows\SYSTEM32\windows.storage.dll
0x00007ffbfde90000 - 0x00007ffbfe1e5000 	C:\Windows\System32\combase.dll
0x00007ffbfbfe0000 - 0x00007ffbfc010000 	C:\Windows\SYSTEM32\Wldp.dll
0x00007ffbfd0f0000 - 0x00007ffbfd19d000 	C:\Windows\System32\SHCORE.dll
0x00007ffbfdd80000 - 0x00007ffbfddd5000 	C:\Windows\System32\shlwapi.dll
0x00007ffbfc4c0000 - 0x00007ffbfc4df000 	C:\Windows\SYSTEM32\profapi.dll
0x00007ffbe2ba0000 - 0x00007ffbe2bb9000 	C:\Program Files\OpenJDK\openjdk-11.0.16_8\bin\net.dll
0x00007ffbf2250000 - 0x00007ffbf235c000 	C:\Windows\SYSTEM32\WINHTTP.dll
0x00007ffbfbd40000 - 0x00007ffbfbdaa000 	C:\Windows\system32\mswsock.dll
0x00007ffbe2b80000 - 0x00007ffbe2b93000 	C:\Program Files\OpenJDK\openjdk-11.0.16_8\bin\nio.dll

dbghelp: loaded successfully - version: 4.0.5 - missing functions: none
symbol engine: initialized successfully - sym options: 0x614 - pdb path: .;C:\Program Files\OpenJDK\openjdk-11.0.16_8\bin;C:\Windows\SYSTEM32;C:\Windows\WinSxS\amd64_microsoft.windows.common-controls_6595b64144ccf1df_6.0.19041.1110_none_60b5254171f9507e;C:\Program Files\OpenJDK\openjdk-11.0.16_8\bin\server

VM Arguments:
java_command: org.jetbrains.kotlin.cli.jvm.K2JVMCompiler @D:\Code\Android\React_Native\Restaurant\node_modules\react-native-gesture-handler\android\build\20230222_8180135091811031500.compiler.options
java_class_path (initial): C:\Users\minht\.gradle\caches\modules-2\files-2.1\org.jetbrains.kotlin\kotlin-compiler-embeddable\1.6.21\97bdd5a752ce73b58ef16c17bc7f0ea2faff7a2e\kotlin-compiler-embeddable-1.6.21.jar;C:\Users\minht\.gradle\caches\modules-2\files-2.1\org.jetbrains.kotlin\kotlin-reflect\1.6.21\5dc3574d9b7bebfcb4ec6b10ada4aaa9e140bd0b\kotlin-reflect-1.6.21.jar;C:\Users\minht\.gradle\caches\modules-2\files-2.1\org.jetbrains.kotlin\kotlin-stdlib\1.6.21\11ef67f1900634fd951bad28c53ec957fabbe5b8\kotlin-stdlib-1.6.21.jar;C:\Users\minht\.gradle\caches\modules-2\files-2.1\org.jetbrains.kotlin\kotlin-script-runtime\1.6.21\99c6675100da5d6d5b1c5a1032f27f28008d101b\kotlin-script-runtime-1.6.21.jar;C:\Users\minht\.gradle\caches\modules-2\files-2.1\org.jetbrains.kotlin\kotlin-daemon-embeddable\1.6.21\46b78cf392e1c4f10854c3cadba44abb7b82250f\kotlin-daemon-embeddable-1.6.21.jar;C:\Users\minht\.gradle\caches\modules-2\files-2.1\org.jetbrains.intellij.deps\trove4j\1.0.20200330\3afb14d5f9ceb459d724e907a21145e8ff394f02\trove4j-1.0.20200330.jar;C:\Users\minht\.gradle\caches\modules-2\files-2.1\net.java.dev.jna\jna\5.6.0\330f2244e9030119ab3030fc3fededc86713d9cc\jna-5.6.0.jar;C:\Users\minht\.gradle\caches\modules-2\files-2.1\org.jetbrains.kotlin\kotlin-stdlib-common\1.6.21\5e5b55c26dbc80372a920aef60eb774b714559b8\kotlin-stdlib-common-1.6.21.jar;C:\Users\minht\.gradle\caches\modules-2\files-2.1\org.jetbrains\annotations\13.0\919f0dfe192fb4e063e7dacadee7f8bb9a2672a9\annotations-13.0.jar
Launcher Type: SUN_STANDARD

[Global flags]
     intx CICompilerCount                          = 3                                         {product} {ergonomic}
     uint ConcGCThreads                            = 1                                         {product} {ergonomic}
     uint G1ConcRefinementThreads                  = 4                                         {product} {ergonomic}
   size_t G1HeapRegionSize                         = 1048576                                   {product} {ergonomic}
    uintx GCDrainStackTargetSize                   = 64                                        {product} {ergonomic}
   size_t InitialHeapSize                          = 134217728                                 {product} {ergonomic}
   size_t MarkStackSize                            = 4194304                                   {product} {ergonomic}
   size_t MaxHeapSize                              = 2124414976                                {product} {ergonomic}
   size_t MaxNewSize                               = 1274019840                                {product} {ergonomic}
   size_t MinHeapDeltaBytes                        = 1048576                                   {product} {ergonomic}
    uintx NonNMethodCodeHeapSize                   = 5830732                                {pd product} {ergonomic}
    uintx NonProfiledCodeHeapSize                  = 122913754                              {pd product} {ergonomic}
    uintx ProfiledCodeHeapSize                     = 122913754                              {pd product} {ergonomic}
    uintx ReservedCodeCacheSize                    = 251658240                              {pd product} {ergonomic}
     bool SegmentedCodeCache                       = true                                      {product} {ergonomic}
     bool UseCompressedClassPointers               = true                                 {lp64_product} {ergonomic}
     bool UseCompressedOops                        = true                                 {lp64_product} {ergonomic}
     bool UseG1GC                                  = true                                      {product} {ergonomic}
     bool UseLargePagesIndividualAllocation        = false                                  {pd product} {ergonomic}

Logging:
Log output configuration:
 #0: stdout all=warning uptime,level,tags
 #1: stderr all=off uptime,level,tags

Environment Variables:
JAVA_HOME=C:\Program Files\OpenJDK\openjdk-11.0.16_8
CLASSPATH=D:\Code\Android\React_Native\Restaurant\android\\gradle\wrapper\gradle-wrapper.jar
PATH=D:\Code\Android\React_Native\Restaurant\android\node_modules\.bin;D:\Code\Android\React_Native\Restaurant\node_modules\.bin;D:\Code\Android\React_Native\node_modules\.bin;D:\Code\Android\node_modules\.bin;D:\Code\node_modules\.bin;D:\node_modules\.bin;C:\Program Files\nodejs;D:\Code\Android\React_Native\Restaurant\node_modules\.bin;D:\Code\Android\React_Native\node_modules\.bin;D:\Code\Android\node_modules\.bin;D:\Code\node_modules\.bin;D:\node_modules\.bin;C:\Program Files\nodejs\node_modules\npm\node_modules\@npmcli\run-script\lib\node-gyp-bin;D:\Code\Android\React_Native\Restaurant\node_modules\.bin;D:\Code\Android\React_Native\node_modules\.bin;D:\Code\Android\node_modules\.bin;D:\Code\node_modules\.bin;D:\node_modules\.bin;C:\Program Files\nodejs;D:\Code\Android\React_Native\Restaurant\node_modules\.bin;D:\Code\Android\React_Native\node_modules\.bin;D:\Code\Android\node_modules\.bin;D:\Code\node_modules\.bin;D:\node_modules\.bin;C:\Program Files\nodejs\node_modules\npm\node_modules\@npmcli\run-script\lib\node-gyp-bin;C:\Program Files\Common Files\Oracle\Java\javapath;C:\Windows\system32;C:\Windows;C:\Windows\System32\Wbem;C:\Windows\System32\WindowsPowerShell\v1.0\;C:\Windows\System32\OpenSSH\;C:\Program Files\Git\cmd;C:\ProgramData\chocolatey\bin;C:\Program Files\nodejs\;C:\Program Files\OpenJDK\openjdk-11.0.16_8\bin;C:\Program Files\Microsoft SQL Server\Client SDK\ODBC\170\Tools\Binn\;C:\Program Files (x86)\Microsoft SQL Server\150\Tools\Binn\;C:\Program Files\Microsoft SQL Server\150\Tools\Binn\;C:\Program Files\Microsoft SQL Server\150\DTS\Binn\;C:\Program Files (x86)\Microsoft SQL Server\150\DTS\Binn\;C:\Program Files\Azure Data Studio\bin;C:\Users\minht\AppData\Local\Programs\Python\Python311\Scripts\;C:\Users\minht\AppData\Local\Programs\Python\Python311\;C:\Users\minht\AppData\Local\Microsoft\WindowsApps;C:\Users\minht\AppData\Local\Programs\Microsoft VS Code\bin;C:\Users\minht\AppData\Roaming\npm;C:\Users\minht\AppData\Local\Android\sdk\platform-tool
USERNAME=minht
LANG=en_US.UTF-8
OS=Windows_NT
PROCESSOR_IDENTIFIER=Intel64 Family 6 Model 61 Stepping 4, GenuineIntel
TMP=C:\Users\minht\AppData\Local\Temp
TEMP=C:\Users\minht\AppData\Local\Temp



---------------  S Y S T E M  ---------------

OS: Windows 10 , 64 bit Build 19041 (10.0.19041.2546)
OS uptime: 0 days 23:56 hours

CPU:total 4 (initial active 4) (2 cores per cpu, 2 threads per core) family 6 model 61 stepping 4 microcode 0x2d, cmov, cx8, fxsr, mmx, sse, sse2, sse3, ssse3, sse4.1, sse4.2, popcnt, avx, avx2, aes, clmul, erms, 3dnowpref, lzcnt, ht, tsc, tscinvbit, bmi1, bmi2, adx, fma

Memory: 4k page, system-wide physical 8103M (206M free)
TotalPageFile size 12199M (AvailPageFile size 22M)
current process WorkingSet (physical memory assigned to process): 326M, peak: 326M
current process commit charge ("private bytes"): 360M, peak: 391M

vm_info: OpenJDK 64-Bit Server VM (11.0.16+8) for windows-amd64 JRE (11.0.16+8), built on Jul 17 2022 01:33:05 by "tester" with MS VC++ 15.9 (VS2017)

END.
