#
# There is insufficient memory for the Java Runtime Environment to continue.
# Native memory allocation (malloc) failed to allocate 1835344 bytes for Chunk::new
# Possible reasons:
#   The system is out of physical RAM or swap space
#   The process is running with CompressedOops enabled, and the Java Heap may be blocking the growth of the native heap
# Possible solutions:
#   Reduce memory load on the system
#   Increase physical memory or swap space
#   Check if swap backing store is full
#   Decrease Java heap size (-Xmx/-Xms)
#   Decrease number of Java threads
#   Decrease Java thread stack sizes (-Xss)
#   Set larger code cache with -XX:ReservedCodeCacheSize=
#   JVM is running with Unscaled Compressed Oops mode in which the Java heap is
#     placed in the first 4GB address space. The Java Heap base address is the
#     maximum limit for the native heap growth. Please use -XX:HeapBaseMinAddress
#     to set the Java Heap base and to place the Java Heap above 4GB virtual address.
# This output file may be truncated or incomplete.
#
#  Out of Memory Error (arena.cpp:184), pid=12644, tid=10276
#
# JRE version: Java(TM) SE Runtime Environment (19.0.2+7) (build 19.0.2+7-44)
# Java VM: Java HotSpot(TM) 64-Bit Server VM (19.0.2+7-44, mixed mode, sharing, tiered, compressed oops, compressed class ptrs, g1 gc, windows-amd64)
# No core dump will be written. Minidumps are not enabled by default on client versions of Windows
#

---------------  S U M M A R Y ------------

Command Line: org.jetbrains.kotlin.cli.jvm.K2JVMCompiler @D:\Code\Android\React_Native\Restaurant\node_modules\react-native-gesture-handler\android\build\20230223_7151475776863993097.compiler.options

Host: Intel(R) Core(TM) i5-5200U CPU @ 2.20GHz, 4 cores, 7G,  Windows 10 , 64 bit Build 19041 (10.0.19041.2546)
Time: Thu Feb 23 20:55:42 2023 SE Asia Standard Time elapsed time: 33.475656 seconds (0d 0h 0m 33s)

---------------  T H R E A D  ---------------

Current thread (0x0000022fff9e2770):  JavaThread "C2 CompilerThread0" daemon [_thread_in_native, id=10276, stack(0x0000004366800000,0x0000004366900000)]


Current CompileTask:
C2:  33475 11520       4       org.jetbrains.kotlin.types.DescriptorSubstitutor::substituteTypeParameters (389 bytes)

Stack: [0x0000004366800000,0x0000004366900000]
Native frames: (J=compiled Java code, j=interpreted, Vv=VM code, C=native code)
V  [jvm.dll+0x6ee21a]
V  [jvm.dll+0x85765e]
V  [jvm.dll+0x85904e]
V  [jvm.dll+0x859703]
V  [jvm.dll+0x28298f]
V  [jvm.dll+0xc9adf]
V  [jvm.dll+0xc9e65]
V  [jvm.dll+0x3bca4c]
V  [jvm.dll+0x3860e1]
V  [jvm.dll+0x38555a]
V  [jvm.dll+0x24c3d9]
V  [jvm.dll+0x24b781]
V  [jvm.dll+0x1d6ce1]
V  [jvm.dll+0x25b25a]
V  [jvm.dll+0x2596e8]
V  [jvm.dll+0x807588]
V  [jvm.dll+0x80125a]
V  [jvm.dll+0x6ecf0b]
C  [ucrtbase.dll+0x21bb2]
C  [KERNEL32.DLL+0x17614]
C  [ntdll.dll+0x526a1]


---------------  P R O C E S S  ---------------

Threads class SMR info:
_java_thread_list=0x0000022fa0b47dd0, length=12, elements={
0x0000022ffc8a1c40, 0x0000022fff9db240, 0x0000022fff9dc1d0, 0x0000022fff9def70,
0x0000022fff9e08b0, 0x0000022fff9e11e0, 0x0000022fff9e1b10, 0x0000022fff9e2770,
0x0000022fffa43e50, 0x0000022f9f008210, 0x0000022f9f0c7240, 0x0000022f9f0cdc00
}

Java Threads: ( => current thread )
  0x0000022ffc8a1c40 JavaThread "main" [_thread_in_Java, id=1064, stack(0x0000004365a00000,0x0000004365b00000)]
  0x0000022fff9db240 JavaThread "Reference Handler" daemon [_thread_blocked, id=2148, stack(0x0000004366200000,0x0000004366300000)]
  0x0000022fff9dc1d0 JavaThread "Finalizer" daemon [_thread_blocked, id=5512, stack(0x0000004366300000,0x0000004366400000)]
  0x0000022fff9def70 JavaThread "Signal Dispatcher" daemon [_thread_blocked, id=8460, stack(0x0000004366400000,0x0000004366500000)]
  0x0000022fff9e08b0 JavaThread "Attach Listener" daemon [_thread_blocked, id=768, stack(0x0000004366500000,0x0000004366600000)]
  0x0000022fff9e11e0 JavaThread "Service Thread" daemon [_thread_blocked, id=12048, stack(0x0000004366600000,0x0000004366700000)]
  0x0000022fff9e1b10 JavaThread "Monitor Deflation Thread" daemon [_thread_blocked, id=8220, stack(0x0000004366700000,0x0000004366800000)]
=>0x0000022fff9e2770 JavaThread "C2 CompilerThread0" daemon [_thread_in_native, id=10276, stack(0x0000004366800000,0x0000004366900000)]
  0x0000022fffa43e50 JavaThread "C1 CompilerThread0" daemon [_thread_blocked, id=4812, stack(0x0000004366900000,0x0000004366a00000)]
  0x0000022f9f008210 JavaThread "Sweeper thread" daemon [_thread_blocked, id=1300, stack(0x0000004366a00000,0x0000004366b00000)]
  0x0000022f9f0c7240 JavaThread "Notification Thread" daemon [_thread_blocked, id=12988, stack(0x0000004366b00000,0x0000004366c00000)]
  0x0000022f9f0cdc00 JavaThread "Common-Cleaner" daemon [_thread_blocked, id=10704, stack(0x0000004366d00000,0x0000004366e00000)]

Other Threads:
  0x0000022fff9be980 VMThread "VM Thread" [stack: 0x0000004366100000,0x0000004366200000] [id=7112]
  0x0000022f9f0c9790 WatcherThread "VM Periodic Task Thread" [stack: 0x0000004366c00000,0x0000004366d00000] [id=6776]
  0x0000022ffc905a20 WorkerThread "GC Thread#0" [stack: 0x0000004365c00000,0x0000004365d00000] [id=9920]
  0x0000022f9f421dc0 WorkerThread "GC Thread#1" [stack: 0x0000004366f00000,0x0000004367000000] [id=12452]
  0x0000022f9f422090 WorkerThread "GC Thread#2" [stack: 0x0000004367000000,0x0000004367100000] [id=3788]
  0x0000022f9f425ac0 WorkerThread "GC Thread#3" [stack: 0x0000004367100000,0x0000004367200000] [id=964]
  0x0000022ffc9166c0 ConcurrentGCThread "G1 Main Marker" [stack: 0x0000004365d00000,0x0000004365e00000] [id=11416]
  0x0000022ffc917290 WorkerThread "G1 Conc#0" [stack: 0x0000004365e00000,0x0000004365f00000] [id=11016]
  0x0000022ffc96e0b0 ConcurrentGCThread "G1 Refine#0" [stack: 0x0000004365f00000,0x0000004366000000] [id=9176]
  0x0000022ffc96ebf0 ConcurrentGCThread "G1 Service" [stack: 0x0000004366000000,0x0000004366100000] [id=11432]

Threads with active compile tasks:
C2 CompilerThread0    33509 11520       4       org.jetbrains.kotlin.types.DescriptorSubstitutor::substituteTypeParameters (389 bytes)

VM state: not at safepoint (normal execution)

VM Mutex/Monitor currently owned by a thread: None

Heap address: 0x0000000081600000, size: 2026 MB, Compressed Oops mode: 32-bit

CDS archive(s) mapped at: [0x0000000800000000-0x0000000800c40000-0x0000000800c40000), size 12845056, SharedBaseAddress: 0x0000000800000000, ArchiveRelocationMode: 0.
Compressed class space mapped at: 0x0000000801000000-0x0000000841000000, reserved size: 1073741824
Narrow klass base: 0x0000000800000000, Narrow klass shift: 0, Narrow klass range: 0x100000000

GC Precious Log:
 CardTable entry size: 512
 Card Set container configuration: InlinePtr #cards 5 size 8 Array Of Cards #cards 12 size 40 Howl #buckets 4 coarsen threshold 1843 Howl Bitmap #cards 512 size 80 coarsen threshold 460 Card regions per heap region 1 cards per card region 2048
 CPUs: 4 total, 4 available
 Memory: 8103M
 Large Page Support: Disabled
 NUMA Support: Disabled
 Compressed Oops: Enabled (32-bit)
 Heap Region Size: 1M
 Heap Min Capacity: 8M
 Heap Initial Capacity: 128M
 Heap Max Capacity: 2026M
 Pre-touch: Disabled
 Parallel Workers: 4
 Concurrent Workers: 1
 Concurrent Refinement Workers: 4
 Periodic GC: Disabled

Heap:
 garbage-first heap   total 106496K, used 63058K [0x0000000081600000, 0x0000000100000000)
  region size 1024K, 4 young (4096K), 3 survivors (3072K)
 Metaspace       used 60249K, committed 60992K, reserved 1114112K
  class space    used 6841K, committed 7232K, reserved 1048576K

Heap Regions: E=young(eden), S=young(survivor), O=old, HS=humongous(starts), HC=humongous(continues), CS=collection set, F=free, OA=open archive, CA=closed archive, TAMS=top-at-mark-start (previous, next)
|   0|0x0000000081600000, 0x0000000081700000, 0x0000000081700000|100%|HS|  |TAMS 0x0000000081700000, 0x0000000081700000| Complete 
|   1|0x0000000081700000, 0x0000000081800000, 0x0000000081800000|100%|HC|  |TAMS 0x0000000081800000, 0x0000000081800000| Complete 
|   2|0x0000000081800000, 0x0000000081900000, 0x0000000081900000|100%|HC|  |TAMS 0x0000000081900000, 0x0000000081900000| Complete 
|   3|0x0000000081900000, 0x0000000081a00000, 0x0000000081a00000|100%| O|  |TAMS 0x0000000081a00000, 0x0000000081a00000| Untracked 
|   4|0x0000000081a00000, 0x0000000081b00000, 0x0000000081b00000|100%| O|  |TAMS 0x0000000081b00000, 0x0000000081b00000| Untracked 
|   5|0x0000000081b00000, 0x0000000081c00000, 0x0000000081c00000|100%| O|  |TAMS 0x0000000081c00000, 0x0000000081c00000| Untracked 
|   6|0x0000000081c00000, 0x0000000081d00000, 0x0000000081d00000|100%|HS|  |TAMS 0x0000000081d00000, 0x0000000081d00000| Complete 
|   7|0x0000000081d00000, 0x0000000081e00000, 0x0000000081e00000|100%|HC|  |TAMS 0x0000000081e00000, 0x0000000081e00000| Complete 
|   8|0x0000000081e00000, 0x0000000081f00000, 0x0000000081f00000|100%|HC|  |TAMS 0x0000000081f00000, 0x0000000081f00000| Complete 
|   9|0x0000000081f00000, 0x0000000082000000, 0x0000000082000000|100%| O|  |TAMS 0x0000000082000000, 0x0000000082000000| Untracked 
|  10|0x0000000082000000, 0x0000000082100000, 0x0000000082100000|100%| O|  |TAMS 0x0000000082100000, 0x0000000082100000| Untracked 
|  11|0x0000000082100000, 0x0000000082200000, 0x0000000082200000|100%| O|  |TAMS 0x0000000082200000, 0x0000000082200000| Untracked 
|  12|0x0000000082200000, 0x0000000082300000, 0x0000000082300000|100%| O|  |TAMS 0x0000000082300000, 0x0000000082300000| Untracked 
|  13|0x0000000082300000, 0x0000000082400000, 0x0000000082400000|100%| O|  |TAMS 0x0000000082400000, 0x0000000082400000| Untracked 
|  14|0x0000000082400000, 0x0000000082500000, 0x0000000082500000|100%| O|  |TAMS 0x0000000082500000, 0x0000000082500000| Untracked 
|  15|0x0000000082500000, 0x0000000082600000, 0x0000000082600000|100%| O|  |TAMS 0x0000000082600000, 0x0000000082600000| Untracked 
|  16|0x0000000082600000, 0x0000000082700000, 0x0000000082700000|100%| O|  |TAMS 0x0000000082700000, 0x0000000082700000| Untracked 
|  17|0x0000000082700000, 0x0000000082800000, 0x0000000082800000|100%| O|  |TAMS 0x0000000082800000, 0x0000000082800000| Untracked 
|  18|0x0000000082800000, 0x0000000082900000, 0x0000000082900000|100%| O|  |TAMS 0x0000000082900000, 0x0000000082900000| Untracked 
|  19|0x0000000082900000, 0x0000000082a00000, 0x0000000082a00000|100%| O|  |TAMS 0x0000000082a00000, 0x0000000082a00000| Untracked 
|  20|0x0000000082a00000, 0x0000000082b00000, 0x0000000082b00000|100%| O|  |TAMS 0x0000000082b00000, 0x0000000082b00000| Untracked 
|  21|0x0000000082b00000, 0x0000000082c00000, 0x0000000082c00000|100%| O|  |TAMS 0x0000000082c00000, 0x0000000082c00000| Untracked 
|  22|0x0000000082c00000, 0x0000000082d00000, 0x0000000082d00000|100%| O|  |TAMS 0x0000000082d00000, 0x0000000082d00000| Untracked 
|  23|0x0000000082d00000, 0x0000000082e00000, 0x0000000082e00000|100%| O|  |TAMS 0x0000000082e00000, 0x0000000082e00000| Untracked 
|  24|0x0000000082e00000, 0x0000000082f00000, 0x0000000082f00000|100%| O|  |TAMS 0x0000000082f00000, 0x0000000082f00000| Untracked 
|  25|0x0000000082f00000, 0x0000000083000000, 0x0000000083000000|100%| O|  |TAMS 0x0000000083000000, 0x0000000083000000| Untracked 
|  26|0x0000000083000000, 0x0000000083100000, 0x0000000083100000|100%|HS|  |TAMS 0x0000000083100000, 0x0000000083100000| Complete 
|  27|0x0000000083100000, 0x0000000083200000, 0x0000000083200000|100%|HC|  |TAMS 0x0000000083200000, 0x0000000083200000| Complete 
|  28|0x0000000083200000, 0x0000000083300000, 0x0000000083300000|100%| O|  |TAMS 0x0000000083300000, 0x0000000083300000| Untracked 
|  29|0x0000000083300000, 0x0000000083400000, 0x0000000083400000|100%| O|  |TAMS 0x0000000083400000, 0x0000000083400000| Untracked 
|  30|0x0000000083400000, 0x0000000083500000, 0x0000000083500000|100%| O|  |TAMS 0x0000000083500000, 0x0000000083500000| Untracked 
|  31|0x0000000083500000, 0x0000000083600000, 0x0000000083600000|100%| O|  |TAMS 0x0000000083600000, 0x0000000083600000| Untracked 
|  32|0x0000000083600000, 0x0000000083700000, 0x0000000083700000|100%| O|  |TAMS 0x0000000083700000, 0x0000000083700000| Untracked 
|  33|0x0000000083700000, 0x0000000083800000, 0x0000000083800000|100%| O|  |TAMS 0x0000000083800000, 0x0000000083800000| Untracked 
|  34|0x0000000083800000, 0x0000000083900000, 0x0000000083900000|100%| O|  |TAMS 0x0000000083900000, 0x0000000083900000| Untracked 
|  35|0x0000000083900000, 0x0000000083a00000, 0x0000000083a00000|100%| O|  |TAMS 0x0000000083a00000, 0x0000000083a00000| Untracked 
|  36|0x0000000083a00000, 0x0000000083b00000, 0x0000000083b00000|100%| O|  |TAMS 0x0000000083b00000, 0x0000000083b00000| Untracked 
|  37|0x0000000083b00000, 0x0000000083c00000, 0x0000000083c00000|100%| O|  |TAMS 0x0000000083c00000, 0x0000000083c00000| Untracked 
|  38|0x0000000083c00000, 0x0000000083d00000, 0x0000000083d00000|100%| O|  |TAMS 0x0000000083d00000, 0x0000000083d00000| Untracked 
|  39|0x0000000083d00000, 0x0000000083e00000, 0x0000000083e00000|100%| O|  |TAMS 0x0000000083e00000, 0x0000000083e00000| Untracked 
|  40|0x0000000083e00000, 0x0000000083f00000, 0x0000000083f00000|100%| O|  |TAMS 0x0000000083f00000, 0x0000000083f00000| Untracked 
|  41|0x0000000083f00000, 0x0000000084000000, 0x0000000084000000|100%| O|  |TAMS 0x0000000084000000, 0x0000000084000000| Untracked 
|  42|0x0000000084000000, 0x0000000084100000, 0x0000000084100000|100%| O|  |TAMS 0x0000000084100000, 0x0000000084100000| Untracked 
|  43|0x0000000084100000, 0x0000000084200000, 0x0000000084200000|100%| O|  |TAMS 0x0000000084200000, 0x0000000084200000| Untracked 
|  44|0x0000000084200000, 0x0000000084300000, 0x0000000084300000|100%| O|  |TAMS 0x0000000084300000, 0x0000000084300000| Untracked 
|  45|0x0000000084300000, 0x0000000084400000, 0x0000000084400000|100%| O|  |TAMS 0x0000000084400000, 0x0000000084400000| Untracked 
|  46|0x0000000084400000, 0x0000000084400000, 0x0000000084500000|  0%| F|  |TAMS 0x0000000084400000, 0x0000000084400000| Untracked 
|  47|0x0000000084500000, 0x0000000084600000, 0x0000000084600000|100%| O|  |TAMS 0x0000000084500000, 0x0000000084600000| Untracked 
|  48|0x0000000084600000, 0x0000000084700000, 0x0000000084700000|100%| O|  |TAMS 0x0000000084600000, 0x0000000084700000| Untracked 
|  49|0x0000000084700000, 0x0000000084800000, 0x0000000084800000|100%| O|  |TAMS 0x0000000084700000, 0x0000000084800000| Untracked 
|  50|0x0000000084800000, 0x0000000084900000, 0x0000000084900000|100%| O|  |TAMS 0x0000000084800000, 0x0000000084900000| Untracked 
|  51|0x0000000084900000, 0x0000000084a00000, 0x0000000084a00000|100%| O|  |TAMS 0x0000000084900000, 0x0000000084a00000| Untracked 
|  52|0x0000000084a00000, 0x0000000084b00000, 0x0000000084b00000|100%| O|  |TAMS 0x0000000084a00000, 0x0000000084b00000| Untracked 
|  53|0x0000000084b00000, 0x0000000084c00000, 0x0000000084c00000|100%| O|  |TAMS 0x0000000084b00000, 0x0000000084c00000| Untracked 
|  54|0x0000000084c00000, 0x0000000084d00000, 0x0000000084d00000|100%| O|  |TAMS 0x0000000084c00000, 0x0000000084d00000| Untracked 
|  55|0x0000000084d00000, 0x0000000084e00000, 0x0000000084e00000|100%| O|  |TAMS 0x0000000084d00000, 0x0000000084e00000| Untracked 
|  56|0x0000000084e00000, 0x0000000084f00000, 0x0000000084f00000|100%| O|  |TAMS 0x0000000084e00000, 0x0000000084f00000| Untracked 
|  57|0x0000000084f00000, 0x0000000084fdb000, 0x0000000085000000| 85%| O|  |TAMS 0x0000000084f00000, 0x0000000084fdb000| Untracked 
|  58|0x0000000085000000, 0x0000000085000000, 0x0000000085100000|  0%| F|  |TAMS 0x0000000085000000, 0x0000000085000000| Untracked 
|  59|0x0000000085100000, 0x0000000085100000, 0x0000000085200000|  0%| F|  |TAMS 0x0000000085100000, 0x0000000085100000| Untracked 
|  60|0x0000000085200000, 0x0000000085200000, 0x0000000085300000|  0%| F|  |TAMS 0x0000000085200000, 0x0000000085200000| Untracked 
|  61|0x0000000085300000, 0x0000000085300000, 0x0000000085400000|  0%| F|  |TAMS 0x0000000085300000, 0x0000000085300000| Untracked 
|  62|0x0000000085400000, 0x0000000085400000, 0x0000000085500000|  0%| F|  |TAMS 0x0000000085400000, 0x0000000085400000| Untracked 
|  63|0x0000000085500000, 0x0000000085500000, 0x0000000085600000|  0%| F|  |TAMS 0x0000000085500000, 0x0000000085500000| Untracked 
|  64|0x0000000085600000, 0x0000000085600000, 0x0000000085700000|  0%| F|  |TAMS 0x0000000085600000, 0x0000000085600000| Untracked 
|  65|0x0000000085700000, 0x0000000085700000, 0x0000000085800000|  0%| F|  |TAMS 0x0000000085700000, 0x0000000085700000| Untracked 
|  66|0x0000000085800000, 0x0000000085800000, 0x0000000085900000|  0%| F|  |TAMS 0x0000000085800000, 0x0000000085800000| Untracked 
|  67|0x0000000085900000, 0x0000000085900000, 0x0000000085a00000|  0%| F|  |TAMS 0x0000000085900000, 0x0000000085900000| Untracked 
|  68|0x0000000085a00000, 0x0000000085a00000, 0x0000000085b00000|  0%| F|  |TAMS 0x0000000085a00000, 0x0000000085a00000| Untracked 
|  69|0x0000000085b00000, 0x0000000085b00000, 0x0000000085c00000|  0%| F|  |TAMS 0x0000000085b00000, 0x0000000085b00000| Untracked 
|  70|0x0000000085c00000, 0x0000000085c00000, 0x0000000085d00000|  0%| F|  |TAMS 0x0000000085c00000, 0x0000000085c00000| Untracked 
|  71|0x0000000085d00000, 0x0000000085d00000, 0x0000000085e00000|  0%| F|  |TAMS 0x0000000085d00000, 0x0000000085d00000| Untracked 
|  72|0x0000000085e00000, 0x0000000085e00000, 0x0000000085f00000|  0%| F|  |TAMS 0x0000000085e00000, 0x0000000085e00000| Untracked 
|  73|0x0000000085f00000, 0x0000000085f00000, 0x0000000086000000|  0%| F|  |TAMS 0x0000000085f00000, 0x0000000085f00000| Untracked 
|  74|0x0000000086000000, 0x00000000860b99b8, 0x0000000086100000| 72%| S|CS|TAMS 0x0000000086000000, 0x0000000086000000| Complete 
|  75|0x0000000086100000, 0x0000000086200000, 0x0000000086200000|100%| S|CS|TAMS 0x0000000086100000, 0x0000000086100000| Complete 
|  76|0x0000000086200000, 0x0000000086300000, 0x0000000086300000|100%| S|CS|TAMS 0x0000000086200000, 0x0000000086200000| Complete 
|  77|0x0000000086300000, 0x0000000086300000, 0x0000000086400000|  0%| F|  |TAMS 0x0000000086300000, 0x0000000086300000| Untracked 
|  78|0x0000000086400000, 0x0000000086400000, 0x0000000086500000|  0%| F|  |TAMS 0x0000000086400000, 0x0000000086400000| Untracked 
|  79|0x0000000086500000, 0x0000000086500000, 0x0000000086600000|  0%| F|  |TAMS 0x0000000086500000, 0x0000000086500000| Untracked 
|  80|0x0000000086600000, 0x0000000086600000, 0x0000000086700000|  0%| F|  |TAMS 0x0000000086600000, 0x0000000086600000| Untracked 
|  81|0x0000000086700000, 0x0000000086700000, 0x0000000086800000|  0%| F|  |TAMS 0x0000000086700000, 0x0000000086700000| Untracked 
|  82|0x0000000086800000, 0x0000000086800000, 0x0000000086900000|  0%| F|  |TAMS 0x0000000086800000, 0x0000000086800000| Untracked 
|  83|0x0000000086900000, 0x0000000086900000, 0x0000000086a00000|  0%| F|  |TAMS 0x0000000086900000, 0x0000000086900000| Untracked 
|  84|0x0000000086a00000, 0x0000000086a00000, 0x0000000086b00000|  0%| F|  |TAMS 0x0000000086a00000, 0x0000000086a00000| Untracked 
|  85|0x0000000086b00000, 0x0000000086b00000, 0x0000000086c00000|  0%| F|  |TAMS 0x0000000086b00000, 0x0000000086b00000| Untracked 
|  86|0x0000000086c00000, 0x0000000086c00000, 0x0000000086d00000|  0%| F|  |TAMS 0x0000000086c00000, 0x0000000086c00000| Untracked 
|  87|0x0000000086d00000, 0x0000000086d00000, 0x0000000086e00000|  0%| F|  |TAMS 0x0000000086d00000, 0x0000000086d00000| Untracked 
|  88|0x0000000086e00000, 0x0000000086e00000, 0x0000000086f00000|  0%| F|  |TAMS 0x0000000086e00000, 0x0000000086e00000| Untracked 
|  89|0x0000000086f00000, 0x0000000086f00000, 0x0000000087000000|  0%| F|  |TAMS 0x0000000086f00000, 0x0000000086f00000| Untracked 
|  90|0x0000000087000000, 0x0000000087000000, 0x0000000087100000|  0%| F|  |TAMS 0x0000000087000000, 0x0000000087000000| Untracked 
|  91|0x0000000087100000, 0x0000000087100000, 0x0000000087200000|  0%| F|  |TAMS 0x0000000087100000, 0x0000000087100000| Untracked 
|  92|0x0000000087200000, 0x0000000087200000, 0x0000000087300000|  0%| F|  |TAMS 0x0000000087200000, 0x0000000087200000| Untracked 
|  93|0x0000000087300000, 0x0000000087300000, 0x0000000087400000|  0%| F|  |TAMS 0x0000000087300000, 0x0000000087300000| Untracked 
|  94|0x0000000087400000, 0x0000000087400000, 0x0000000087500000|  0%| F|  |TAMS 0x0000000087400000, 0x0000000087400000| Untracked 
|  95|0x0000000087500000, 0x0000000087500000, 0x0000000087600000|  0%| F|  |TAMS 0x0000000087500000, 0x0000000087500000| Untracked 
|  96|0x0000000087600000, 0x0000000087600000, 0x0000000087700000|  0%| F|  |TAMS 0x0000000087600000, 0x0000000087600000| Untracked 
|  97|0x0000000087700000, 0x0000000087700000, 0x0000000087800000|  0%| F|  |TAMS 0x0000000087700000, 0x0000000087700000| Untracked 
|  98|0x0000000087800000, 0x0000000087800000, 0x0000000087900000|  0%| F|  |TAMS 0x0000000087800000, 0x0000000087800000| Untracked 
|  99|0x0000000087900000, 0x0000000087900000, 0x0000000087a00000|  0%| F|  |TAMS 0x0000000087900000, 0x0000000087900000| Untracked 
| 100|0x0000000087a00000, 0x0000000087a00000, 0x0000000087b00000|  0%| F|  |TAMS 0x0000000087a00000, 0x0000000087a00000| Untracked 
| 101|0x0000000087b00000, 0x0000000087b718b8, 0x0000000087c00000| 44%| E|  |TAMS 0x0000000087b00000, 0x0000000087b00000| Complete 
|2024|0x00000000ffe00000, 0x00000000fff00000, 0x00000000fff00000|100%| O|  |TAMS 0x00000000fff00000, 0x00000000fff00000| Untracked 
|2025|0x00000000fff00000, 0x0000000100000000, 0x0000000100000000|100%| O|  |TAMS 0x0000000100000000, 0x0000000100000000| Untracked 

Card table byte_map: [0x0000022ffcd70000,0x0000022ffd170000] _byte_map_base: 0x0000022ffc965000

Marking Bits (Prev, Next): (CMBitMap*) 0x0000022ffc906090, (CMBitMap*) 0x0000022ffc906050
 Prev Bits: [0x0000022f96ea0000, 0x0000022f98e48000)
 Next Bits: [0x0000022ffd570000, 0x0000022fff518000)

Polling page: 0x0000022ffa7c0000

Metaspace:

Usage:
  Non-class:     52.16 MB used.
      Class:      6.68 MB used.
       Both:     58.84 MB used.

Virtual space:
  Non-class space:       64.00 MB reserved,      52.50 MB ( 82%) committed,  1 nodes.
      Class space:        1.00 GB reserved,       7.06 MB ( <1%) committed,  1 nodes.
             Both:        1.06 GB reserved,      59.56 MB (  5%) committed. 

Chunk freelists:
   Non-Class:  3.14 MB
       Class:  770.00 KB
        Both:  3.89 MB

MaxMetaspaceSize: unlimited
CompressedClassSpaceSize: 1.00 GB
Initial GC threshold: 21.00 MB
Current GC threshold: 94.81 MB
CDS: on
MetaspaceReclaimPolicy: balanced
 - commit_granule_bytes: 65536.
 - commit_granule_words: 8192.
 - virtual_space_node_default_size: 8388608.
 - enlarge_chunks_in_place: 1.
 - new_chunks_are_fully_committed: 0.
 - uncommit_free_chunks: 1.
 - use_allocation_guard: 0.


Internal statistics:

num_allocs_failed_limit: 6.
num_arena_births: 1310.
num_arena_deaths: 0.
num_vsnodes_births: 2.
num_vsnodes_deaths: 0.
num_space_committed: 951.
num_space_uncommitted: 0.
num_chunks_returned_to_freelist: 6.
num_chunks_taken_from_freelist: 3724.
num_chunk_merges: 6.
num_chunk_splits: 2711.
num_chunks_enlarged: 2012.
num_inconsistent_stats: 0.

CodeHeap 'non-profiled nmethods': size=120000Kb used=5155Kb max_used=5155Kb free=114844Kb
 bounds [0x0000022f8f970000, 0x0000022f8fe80000, 0x0000022f96ea0000]
CodeHeap 'profiled nmethods': size=120000Kb used=30180Kb max_used=30180Kb free=89819Kb
 bounds [0x0000022f87ea0000, 0x0000022f89c20000, 0x0000022f8f3d0000]
CodeHeap 'non-nmethods': size=5760Kb used=1415Kb max_used=1461Kb free=4344Kb
 bounds [0x0000022f8f3d0000, 0x0000022f8f640000, 0x0000022f8f970000]
 total_blobs=10631 nmethods=9987 adapters=551
 compilation: enabled
              stopped_count=0, restarted_count=0
 full_count=0

Compilation events (20 events):
Event: 33.333 Thread 0x0000022fffa43e50 11535       3       org.jetbrains.kotlin.types.expressions.ExpressionTypingUtils::dependsOnExpectedType (52 bytes)
Event: 33.334 Thread 0x0000022fffa43e50 nmethod 11535 0x0000022f89bfef90 code [0x0000022f89bff260, 0x0000022f89c00498]
Event: 33.334 Thread 0x0000022fffa43e50 11536       3       org.jetbrains.kotlin.types.RangeUtilKt::getRangeOrProgressionElementType (588 bytes)
Event: 33.347 Thread 0x0000022fffa43e50 nmethod 11536 0x0000022f89c00810 code [0x0000022f89c017a0, 0x0000022f89c0a358]
Event: 33.377 Thread 0x0000022fffa43e50 11537       3       org.jetbrains.kotlin.com.google.common.collect.Sets$ImprovedAbstractSet::<init> (5 bytes)
Event: 33.377 Thread 0x0000022fffa43e50 nmethod 11537 0x0000022f89c0c990 code [0x0000022f89c0cb40, 0x0000022f89c0cd58]
Event: 33.387 Thread 0x0000022fffa43e50 11538       3       org.jetbrains.kotlin.psi.KtPsiUtil::isNullConstant (44 bytes)
Event: 33.388 Thread 0x0000022fffa43e50 nmethod 11538 0x0000022f89c0ce90 code [0x0000022f89c0d0a0, 0x0000022f89c0d798]
Event: 33.392 Thread 0x0000022fffa43e50 11539       3       org.jetbrains.kotlin.resolve.calls.CallResolver::resolveFunctionCall (470 bytes)
Event: 33.396 Thread 0x0000022fffa43e50 nmethod 11539 0x0000022f89c0d990 code [0x0000022f89c0df60, 0x0000022f89c112f8]
Event: 33.402 Thread 0x0000022fffa43e50 11540       3       org.jetbrains.kotlin.resolve.descriptorUtil.DescriptorUtilsKt::getAllSuperClassifiers$doGetAllSuperClassesAndInterfaces (95 bytes)
Event: 33.405 Thread 0x0000022fffa43e50 nmethod 11540 0x0000022f89c12110 code [0x0000022f89c12640, 0x0000022f89c150d8]
Event: 33.436 Thread 0x0000022fffa43e50 11541       3       org.jetbrains.kotlin.contracts.EffectsExtractingVisitor::createDataFlowValue (50 bytes)
Event: 33.436 Thread 0x0000022fffa43e50 nmethod 11541 0x0000022f89c15d90 code [0x0000022f89c15f80, 0x0000022f89c164b8]
Event: 33.436 Thread 0x0000022fffa43e50 11542       3       org.jetbrains.kotlin.contracts.ESVariableWithDataFlowValue::<init> (23 bytes)
Event: 33.438 Thread 0x0000022fffa43e50 nmethod 11542 0x0000022f89c16690 code [0x0000022f89c16a00, 0x0000022f89c17d68]
Event: 33.442 Thread 0x0000022fffa43e50 11543       3       org.jetbrains.kotlin.resolve.calls.tower.NewCallArgumentsKt::createSimplePSICallArgument (106 bytes)
Event: 33.444 Thread 0x0000022fffa43e50 nmethod 11543 0x0000022f89c18410 code [0x0000022f89c187a0, 0x0000022f89c19a68]
Event: 33.447 Thread 0x0000022fffa43e50 11545       3       org.jetbrains.kotlin.resolve.calls.model.ReceiverExpressionKotlinCallArgument::getReceiver (8 bytes)
Event: 33.447 Thread 0x0000022fffa43e50 nmethod 11545 0x0000022f89c1a190 code [0x0000022f89c1a320, 0x0000022f89c1a438]

GC Heap History (20 events):
Event: 10.413 GC heap before
{Heap before GC invocations=12 (full 0):
 garbage-first heap   total 53248K, used 28607K [0x0000000081600000, 0x0000000100000000)
  region size 1024K, 4 young (4096K), 3 survivors (3072K)
 Metaspace       used 38591K, committed 39296K, reserved 1114112K
  class space    used 4715K, committed 5056K, reserved 1048576K
}
Event: 10.425 GC heap after
{Heap after GC invocations=13 (full 0):
 garbage-first heap   total 53248K, used 27585K [0x0000000081600000, 0x0000000100000000)
  region size 1024K, 1 young (1024K), 1 survivors (1024K)
 Metaspace       used 38591K, committed 39296K, reserved 1114112K
  class space    used 4715K, committed 5056K, reserved 1048576K
}
Event: 10.680 GC heap before
{Heap before GC invocations=13 (full 0):
 garbage-first heap   total 53248K, used 31681K [0x0000000081600000, 0x0000000100000000)
  region size 1024K, 6 young (6144K), 1 survivors (1024K)
 Metaspace       used 39663K, committed 40384K, reserved 1114112K
  class space    used 4847K, committed 5184K, reserved 1048576K
}
Event: 10.684 GC heap after
{Heap after GC invocations=14 (full 0):
 garbage-first heap   total 106496K, used 27630K [0x0000000081600000, 0x0000000100000000)
  region size 1024K, 1 young (1024K), 1 survivors (1024K)
 Metaspace       used 39663K, committed 40384K, reserved 1114112K
  class space    used 4847K, committed 5184K, reserved 1048576K
}
Event: 13.947 GC heap before
{Heap before GC invocations=14 (full 0):
 garbage-first heap   total 106496K, used 82926K [0x0000000081600000, 0x0000000100000000)
  region size 1024K, 53 young (54272K), 1 survivors (1024K)
 Metaspace       used 45376K, committed 46144K, reserved 1114112K
  class space    used 5414K, committed 5824K, reserved 1048576K
}
Event: 13.967 GC heap after
{Heap after GC invocations=15 (full 0):
 garbage-first heap   total 106496K, used 35205K [0x0000000081600000, 0x0000000100000000)
  region size 1024K, 6 young (6144K), 6 survivors (6144K)
 Metaspace       used 45376K, committed 46144K, reserved 1114112K
  class space    used 5414K, committed 5824K, reserved 1048576K
}
Event: 18.124 GC heap before
{Heap before GC invocations=15 (full 0):
 garbage-first heap   total 106496K, used 81285K [0x0000000081600000, 0x0000000100000000)
  region size 1024K, 51 young (52224K), 6 survivors (6144K)
 Metaspace       used 52325K, committed 53056K, reserved 1114112K
  class space    used 6273K, committed 6656K, reserved 1048576K
}
Event: 18.165 GC heap after
{Heap after GC invocations=16 (full 0):
 garbage-first heap   total 106496K, used 42212K [0x0000000081600000, 0x0000000100000000)
  region size 1024K, 7 young (7168K), 7 survivors (7168K)
 Metaspace       used 52325K, committed 53056K, reserved 1114112K
  class space    used 6273K, committed 6656K, reserved 1048576K
}
Event: 23.005 GC heap before
{Heap before GC invocations=16 (full 0):
 garbage-first heap   total 106496K, used 82148K [0x0000000081600000, 0x0000000100000000)
  region size 1024K, 46 young (47104K), 7 survivors (7168K)
 Metaspace       used 54476K, committed 55296K, reserved 1114112K
  class space    used 6426K, committed 6848K, reserved 1048576K
}
Event: 23.049 GC heap after
{Heap after GC invocations=17 (full 0):
 garbage-first heap   total 106496K, used 49152K [0x0000000081600000, 0x0000000100000000)
  region size 1024K, 6 young (6144K), 6 survivors (6144K)
 Metaspace       used 54476K, committed 55296K, reserved 1114112K
  class space    used 6426K, committed 6848K, reserved 1048576K
}
Event: 24.481 GC heap before
{Heap before GC invocations=17 (full 0):
 garbage-first heap   total 106496K, used 81920K [0x0000000081600000, 0x0000000100000000)
  region size 1024K, 38 young (38912K), 6 survivors (6144K)
 Metaspace       used 55270K, committed 56064K, reserved 1114112K
  class space    used 6498K, committed 6912K, reserved 1048576K
}
Event: 24.515 GC heap after
{Heap after GC invocations=18 (full 0):
 garbage-first heap   total 106496K, used 54272K [0x0000000081600000, 0x0000000100000000)
  region size 1024K, 5 young (5120K), 5 survivors (5120K)
 Metaspace       used 55270K, committed 56064K, reserved 1114112K
  class space    used 6498K, committed 6912K, reserved 1048576K
}
Event: 26.745 GC heap before
{Heap before GC invocations=18 (full 0):
 garbage-first heap   total 106496K, used 82944K [0x0000000081600000, 0x0000000100000000)
  region size 1024K, 33 young (33792K), 5 survivors (5120K)
 Metaspace       used 57139K, committed 57984K, reserved 1114112K
  class space    used 6618K, committed 7040K, reserved 1048576K
}
Event: 26.767 GC heap after
{Heap after GC invocations=19 (full 0):
 garbage-first heap   total 106496K, used 57273K [0x0000000081600000, 0x0000000100000000)
  region size 1024K, 3 young (3072K), 3 survivors (3072K)
 Metaspace       used 57139K, committed 57984K, reserved 1114112K
  class space    used 6618K, committed 7040K, reserved 1048576K
}
Event: 29.342 GC heap before
{Heap before GC invocations=20 (full 0):
 garbage-first heap   total 106496K, used 84921K [0x0000000081600000, 0x0000000100000000)
  region size 1024K, 30 young (30720K), 3 survivors (3072K)
 Metaspace       used 59192K, committed 59968K, reserved 1114112K
  class space    used 6756K, committed 7168K, reserved 1048576K
}
Event: 29.362 GC heap after
{Heap after GC invocations=21 (full 0):
 garbage-first heap   total 106496K, used 60650K [0x0000000081600000, 0x0000000100000000)
  region size 1024K, 4 young (4096K), 4 survivors (4096K)
 Metaspace       used 59192K, committed 59968K, reserved 1114112K
  class space    used 6756K, committed 7168K, reserved 1048576K
}
Event: 29.401 GC heap before
{Heap before GC invocations=21 (full 0):
 garbage-first heap   total 106496K, used 61674K [0x0000000081600000, 0x0000000100000000)
  region size 1024K, 5 young (5120K), 4 survivors (4096K)
 Metaspace       used 59365K, committed 60160K, reserved 1114112K
  class space    used 6799K, committed 7232K, reserved 1048576K
}
Event: 29.415 GC heap after
{Heap after GC invocations=22 (full 0):
 garbage-first heap   total 106496K, used 60878K [0x0000000081600000, 0x0000000100000000)
  region size 1024K, 1 young (1024K), 1 survivors (1024K)
 Metaspace       used 59365K, committed 60160K, reserved 1114112K
  class space    used 6799K, committed 7232K, reserved 1048576K
}
Event: 33.415 GC heap before
{Heap before GC invocations=22 (full 0):
 garbage-first heap   total 106496K, used 85454K [0x0000000081600000, 0x0000000100000000)
  region size 1024K, 25 young (25600K), 1 survivors (1024K)
 Metaspace       used 60247K, committed 60992K, reserved 1114112K
  class space    used 6841K, committed 7232K, reserved 1048576K
}
Event: 33.428 GC heap after
{Heap after GC invocations=23 (full 0):
 garbage-first heap   total 106496K, used 63058K [0x0000000081600000, 0x0000000100000000)
  region size 1024K, 3 young (3072K), 3 survivors (3072K)
 Metaspace       used 60247K, committed 60992K, reserved 1114112K
  class space    used 6841K, committed 7232K, reserved 1048576K
}

Dll operation events (7 events):
Event: 0.009 Loaded shared library C:\Program Files\Java\jdk-19\bin\java.dll
Event: 0.024 Loaded shared library C:\Program Files\Java\jdk-19\bin\jsvml.dll
Event: 0.169 Loaded shared library C:\Program Files\Java\jdk-19\bin\net.dll
Event: 0.173 Loaded shared library C:\Program Files\Java\jdk-19\bin\nio.dll
Event: 0.219 Loaded shared library C:\Program Files\Java\jdk-19\bin\zip.dll
Event: 0.802 Loaded shared library C:\Program Files\Java\jdk-19\bin\jimage.dll
Event: 2.267 Loaded shared library C:\Program Files\Java\jdk-19\bin\verify.dll

Deoptimization events (20 events):
Event: 32.179 Thread 0x0000022ffc8a1c40 DEOPT PACKING pc=0x0000022f8fcf8a20 sp=0x0000004365afb210
Event: 32.179 Thread 0x0000022ffc8a1c40 DEOPT UNPACKING pc=0x0000022f8f436da3 sp=0x0000004365afb198 mode 2
Event: 32.179 Thread 0x0000022ffc8a1c40 Uncommon trap: trap_request=0xffffffc6 fr.pc=0x0000022f8fcf8a20 relative=0x0000000000000100
Event: 32.179 Thread 0x0000022ffc8a1c40 Uncommon trap: reason=bimorphic_or_optimized_type_check action=maybe_recompile pc=0x0000022f8fcf8a20 method=org.jetbrains.kotlin.types.KotlinTypeKt.isError(Lorg/jetbrains/kotlin/types/KotlinType;)Z @ 31 c2
Event: 32.179 Thread 0x0000022ffc8a1c40 DEOPT PACKING pc=0x0000022f8fcf8a20 sp=0x0000004365afb340
Event: 32.179 Thread 0x0000022ffc8a1c40 DEOPT UNPACKING pc=0x0000022f8f436da3 sp=0x0000004365afb2c8 mode 2
Event: 32.180 Thread 0x0000022ffc8a1c40 Uncommon trap: trap_request=0xffffffc6 fr.pc=0x0000022f8fcf8a20 relative=0x0000000000000100
Event: 32.181 Thread 0x0000022ffc8a1c40 Uncommon trap: reason=bimorphic_or_optimized_type_check action=maybe_recompile pc=0x0000022f8fcf8a20 method=org.jetbrains.kotlin.types.KotlinTypeKt.isError(Lorg/jetbrains/kotlin/types/KotlinType;)Z @ 31 c2
Event: 32.181 Thread 0x0000022ffc8a1c40 DEOPT PACKING pc=0x0000022f8fcf8a20 sp=0x0000004365afb400
Event: 32.181 Thread 0x0000022ffc8a1c40 DEOPT UNPACKING pc=0x0000022f8f436da3 sp=0x0000004365afb388 mode 2
Event: 32.310 Thread 0x0000022ffc8a1c40 DEOPT PACKING pc=0x0000022f891a6f48 sp=0x0000004365af9bd0
Event: 32.310 Thread 0x0000022ffc8a1c40 DEOPT UNPACKING pc=0x0000022f8f437543 sp=0x0000004365af90d8 mode 0
Event: 32.776 Thread 0x0000022ffc8a1c40 Uncommon trap: trap_request=0xffffffde fr.pc=0x0000022f8fd8fe50 relative=0x00000000000018f0
Event: 32.776 Thread 0x0000022ffc8a1c40 Uncommon trap: reason=class_check action=maybe_recompile pc=0x0000022f8fd8fe50 method=org.jetbrains.kotlin.serialization.deserialization.descriptors.DeserializedMemberScope$OptimizedImplementation.getContributedVariables(Lorg/jetbrains/kotlin/name/Name;Lo
Event: 32.776 Thread 0x0000022ffc8a1c40 DEOPT PACKING pc=0x0000022f8fd8fe50 sp=0x0000004365afa940
Event: 32.776 Thread 0x0000022ffc8a1c40 DEOPT UNPACKING pc=0x0000022f8f436da3 sp=0x0000004365afa918 mode 2
Event: 32.776 Thread 0x0000022ffc8a1c40 Uncommon trap: trap_request=0xffffffde fr.pc=0x0000022f8fd8fe50 relative=0x00000000000018f0
Event: 32.776 Thread 0x0000022ffc8a1c40 Uncommon trap: reason=class_check action=maybe_recompile pc=0x0000022f8fd8fe50 method=org.jetbrains.kotlin.serialization.deserialization.descriptors.DeserializedMemberScope$OptimizedImplementation.getContributedVariables(Lorg/jetbrains/kotlin/name/Name;Lo
Event: 32.776 Thread 0x0000022ffc8a1c40 DEOPT PACKING pc=0x0000022f8fd8fe50 sp=0x0000004365afa940
Event: 32.776 Thread 0x0000022ffc8a1c40 DEOPT UNPACKING pc=0x0000022f8f436da3 sp=0x0000004365afa918 mode 2

Classes loaded (20 events):
Event: 18.191 Loading class jdk/internal/math/FloatingDecimal$ExceptionalBinaryToASCIIBuffer
Event: 18.191 Loading class jdk/internal/math/FloatingDecimal$BinaryToASCIIConverter
Event: 18.191 Loading class jdk/internal/math/FloatingDecimal$BinaryToASCIIConverter done
Event: 18.191 Loading class jdk/internal/math/FloatingDecimal$ExceptionalBinaryToASCIIBuffer done
Event: 18.191 Loading class jdk/internal/math/FloatingDecimal$BinaryToASCIIBuffer
Event: 18.191 Loading class jdk/internal/math/FloatingDecimal$BinaryToASCIIBuffer done
Event: 18.191 Loading class jdk/internal/math/FloatingDecimal$1
Event: 18.191 Loading class jdk/internal/math/FloatingDecimal$1 done
Event: 18.191 Loading class jdk/internal/math/FloatingDecimal$PreparedASCIIToBinaryBuffer
Event: 18.192 Loading class jdk/internal/math/FloatingDecimal$ASCIIToBinaryConverter
Event: 18.192 Loading class jdk/internal/math/FloatingDecimal$ASCIIToBinaryConverter done
Event: 18.192 Loading class jdk/internal/math/FloatingDecimal$PreparedASCIIToBinaryBuffer done
Event: 26.260 Loading class java/lang/Short$ShortCache
Event: 26.260 Loading class java/lang/Short$ShortCache done
Event: 26.437 Loading class java/util/regex/Pattern$Bound
Event: 26.438 Loading class java/util/regex/Pattern$Bound done
Event: 26.438 Loading class java/util/regex/Pattern$NotBehind
Event: 26.439 Loading class java/util/regex/Pattern$NotBehind done
Event: 27.908 Loading class jdk/internal/math/FloatingDecimal$ASCIIToBinaryBuffer
Event: 27.909 Loading class jdk/internal/math/FloatingDecimal$ASCIIToBinaryBuffer done

Classes unloaded (0 events):
No events

Classes redefined (0 events):
No events

Internal exceptions (20 events):
Event: 15.095 Thread 0x0000022ffc8a1c40 Exception <a 'java/lang/NoSuchMethodError'{0x0000000086f1f580}: 'void java.lang.invoke.DirectMethodHandle$Holder.invokeSpecial(java.lang.Object, java.lang.Object, int, java.lang.Object)'> (0x0000000086f1f580) 
thrown [s\open\src\hotspot\share\interpreter\linkResolver.cpp, line 774]
Event: 15.275 Thread 0x0000022ffc8a1c40 Exception <a 'java/lang/NoSuchMethodError'{0x0000000086c15c18}: 'int java.lang.invoke.DirectMethodHandle$Holder.invokeVirtual(java.lang.Object, java.lang.Object, java.lang.Object)'> (0x0000000086c15c18) 
thrown [s\open\src\hotspot\share\interpreter\linkResolver.cpp, line 774]
Event: 15.286 Thread 0x0000022ffc8a1c40 Exception <a 'java/lang/NoSuchMethodError'{0x0000000086c511a8}: 'java.lang.Object java.lang.invoke.DirectMethodHandle$Holder.newInvokeSpecial(java.lang.Object, java.lang.Object, java.lang.Object, java.lang.Object, int)'> (0x0000000086c511a8) 
thrown [s\open\src\hotspot\share\interpreter\linkResolver.cpp, line 774]
Event: 15.287 Thread 0x0000022ffc8a1c40 Exception <a 'java/lang/NoSuchMethodError'{0x0000000086c557a8}: 'java.lang.Object java.lang.invoke.DirectMethodHandle$Holder.invokeSpecial(java.lang.Object, java.lang.Object, java.lang.Object, java.lang.Object, java.lang.Object, int)'> (0x0000000086c557a8) 
thrown [s\open\src\hotspot\share\interpreter\linkResolver.cpp, line 774]
Event: 15.287 Thread 0x0000022ffc8a1c40 Exception <a 'java/lang/NoSuchMethodError'{0x0000000086c59758}: 'java.lang.Object java.lang.invoke.Invokers$Holder.linkToTargetMethod(java.lang.Object, java.lang.Object, java.lang.Object, int, java.lang.Object)'> (0x0000000086c59758) 
thrown [s\open\src\hotspot\share\interpreter\linkResolver.cpp, line 774]
Event: 15.379 Thread 0x0000022ffc8a1c40 Exception <a 'java/lang/NoSuchMethodError'{0x0000000086b96128}: 'void java.lang.invoke.DirectMethodHandle$Holder.invokeInterface(java.lang.Object, java.lang.Object)'> (0x0000000086b96128) 
thrown [s\open\src\hotspot\share\interpreter\linkResolver.cpp, line 774]
Event: 16.155 Thread 0x0000022ffc8a1c40 Exception <a 'java/lang/NoSuchMethodError'{0x0000000085ec7d58}: 'java.lang.Object java.lang.invoke.DirectMethodHandle$Holder.invokeStaticInit(java.lang.Object, java.lang.Object, java.lang.Object)'> (0x0000000085ec7d58) 
thrown [s\open\src\hotspot\share\interpreter\linkResolver.cpp, line 774]
Event: 16.203 Thread 0x0000022ffc8a1c40 Exception <a 'java/lang/NoSuchMethodError'{0x0000000085da14f0}: 'int java.lang.invoke.DirectMethodHandle$Holder.invokeSpecialIFC(java.lang.Object, java.lang.Object, java.lang.Object, java.lang.Object, java.lang.Object)'> (0x0000000085da14f0) 
thrown [s\open\src\hotspot\share\interpreter\linkResolver.cpp, line 774]
Event: 16.209 Thread 0x0000022ffc8a1c40 Exception <a 'java/lang/NoSuchMethodError'{0x0000000085dc2708}: 'void java.lang.invoke.DirectMethodHandle$Holder.invokeInterface(java.lang.Object, java.lang.Object, java.lang.Object)'> (0x0000000085dc2708) 
thrown [s\open\src\hotspot\share\interpreter\linkResolver.cpp, line 774]
Event: 17.956 Thread 0x0000022ffc8a1c40 Exception <a 'java/lang/NoSuchMethodError'{0x000000008508bba8}: 'int java.lang.invoke.DirectMethodHandle$Holder.invokeStaticInit(java.lang.Object, int)'> (0x000000008508bba8) 
thrown [s\open\src\hotspot\share\interpreter\linkResolver.cpp, line 774]
Event: 19.977 Thread 0x0000022ffc8a1c40 Exception <a 'java/lang/NoSuchMethodError'{0x0000000086f17df8}: 'java.lang.Object java.lang.invoke.DirectMethodHandle$Holder.newInvokeSpecial(java.lang.Object, int, java.lang.Object)'> (0x0000000086f17df8) 
thrown [s\open\src\hotspot\share\interpreter\linkResolver.cpp, line 774]
Event: 24.309 Thread 0x0000022ffc8a1c40 Exception <a 'java/lang/NoSuchMethodError'{0x000000008638cc60}: 'java.lang.Object java.lang.invoke.DirectMethodHandle$Holder.invokeInterface(java.lang.Object, java.lang.Object, java.lang.Object)'> (0x000000008638cc60) 
thrown [s\open\src\hotspot\share\interpreter\linkResolver.cpp, line 774]
Event: 24.309 Thread 0x0000022ffc8a1c40 Exception <a 'java/lang/IncompatibleClassChangeError'{0x00000000863905e0}: Found class java.lang.Object, but interface was expected> (0x00000000863905e0) 
thrown [s\open\src\hotspot\share\interpreter\linkResolver.cpp, line 841]
Event: 25.063 Thread 0x0000022ffc8a1c40 Implicit null exception at 0x0000022f8fd08ffc to 0x0000022f8fd09864
Event: 25.493 Thread 0x0000022ffc8a1c40 Implicit null exception at 0x0000022f8fd92953 to 0x0000022f8fd93d2c
Event: 28.934 Thread 0x0000022ffc8a1c40 Implicit null exception at 0x0000022f8fc087ef to 0x0000022f8fc0899c
Event: 30.944 Thread 0x0000022ffc8a1c40 Implicit null exception at 0x0000022f8f9ddae0 to 0x0000022f8f9ddd80
Event: 31.028 Thread 0x0000022ffc8a1c40 Implicit null exception at 0x0000022f8fd62adc to 0x0000022f8fd62dac
Event: 31.149 Thread 0x0000022ffc8a1c40 Implicit null exception at 0x0000022f8fe09ff4 to 0x0000022f8fe0a378
Event: 31.180 Thread 0x0000022ffc8a1c40 Implicit null exception at 0x0000022f8fe0a974 to 0x0000022f8fe0acfc

VM Operations (20 events):
Event: 30.143 Executing VM operation: ICBufferFull
Event: 30.143 Executing VM operation: ICBufferFull done
Event: 30.838 Executing VM operation: ICBufferFull
Event: 30.838 Executing VM operation: ICBufferFull done
Event: 30.961 Executing VM operation: HandshakeAllThreads
Event: 30.961 Executing VM operation: HandshakeAllThreads done
Event: 31.014 Executing VM operation: HandshakeAllThreads
Event: 31.014 Executing VM operation: HandshakeAllThreads done
Event: 31.030 Executing VM operation: ICBufferFull
Event: 31.030 Executing VM operation: ICBufferFull done
Event: 31.103 Executing VM operation: HandshakeAllThreads
Event: 31.109 Executing VM operation: HandshakeAllThreads done
Event: 31.310 Executing VM operation: ICBufferFull
Event: 31.311 Executing VM operation: ICBufferFull done
Event: 31.997 Executing VM operation: ICBufferFull
Event: 31.997 Executing VM operation: ICBufferFull done
Event: 32.870 Executing VM operation: ICBufferFull
Event: 32.870 Executing VM operation: ICBufferFull done
Event: 33.415 Executing VM operation: G1CollectForAllocation
Event: 33.433 Executing VM operation: G1CollectForAllocation done

Events (20 events):
Event: 26.625 Thread 0x0000022f9f008210 flushing nmethod 0x0000022f88ee2190
Event: 26.627 Thread 0x0000022f9f008210 flushing nmethod 0x0000022f890e6510
Event: 26.627 Thread 0x0000022f9f008210 flushing nmethod 0x0000022f890f5d10
Event: 26.627 Thread 0x0000022f9f008210 flushing nmethod 0x0000022f890fa290
Event: 26.627 Thread 0x0000022f9f008210 flushing nmethod 0x0000022f890fd710
Event: 26.627 Thread 0x0000022f9f008210 flushing nmethod 0x0000022f8910af90
Event: 26.627 Thread 0x0000022f9f008210 flushing nmethod 0x0000022f8910d310
Event: 26.627 Thread 0x0000022f9f008210 flushing nmethod 0x0000022f89113a10
Event: 26.627 Thread 0x0000022f9f008210 flushing nmethod 0x0000022f8915c290
Event: 26.628 Thread 0x0000022f9f008210 flushing nmethod 0x0000022f89219e10
Event: 26.628 Thread 0x0000022f9f008210 flushing nmethod 0x0000022f8921e010
Event: 26.628 Thread 0x0000022f9f008210 flushing nmethod 0x0000022f8921f290
Event: 26.629 Thread 0x0000022f9f008210 flushing nmethod 0x0000022f89355c90
Event: 26.629 Thread 0x0000022f9f008210 flushing nmethod 0x0000022f8941c510
Event: 31.113 Thread 0x0000022f9f008210 flushing nmethod 0x0000022f87f81610
Event: 31.119 Thread 0x0000022f9f008210 flushing nmethod 0x0000022f88644510
Event: 31.120 Thread 0x0000022f9f008210 flushing nmethod 0x0000022f88769c10
Event: 31.123 Thread 0x0000022f9f008210 flushing nmethod 0x0000022f88ace710
Event: 31.124 Thread 0x0000022f9f008210 flushing nmethod 0x0000022f88c62190
Event: 31.125 Thread 0x0000022f9f008210 flushing nmethod 0x0000022f88cced10


Dynamic libraries:
0x00007ff72ce90000 - 0x00007ff72cea0000 	C:\Program Files\Java\jdk-19\bin\java.exe
0x00007ffb77490000 - 0x00007ffb77688000 	C:\Windows\SYSTEM32\ntdll.dll
0x00007ffb754d0000 - 0x00007ffb7558f000 	C:\Windows\System32\KERNEL32.DLL
0x00007ffb74cc0000 - 0x00007ffb74f92000 	C:\Windows\System32\KERNELBASE.dll
0x00007ffb753d0000 - 0x00007ffb754d0000 	C:\Windows\System32\ucrtbase.dll
0x00007ffb687c0000 - 0x00007ffb687d8000 	C:\Program Files\Java\jdk-19\bin\jli.dll
0x00007ffb759f0000 - 0x00007ffb75a9e000 	C:\Windows\System32\ADVAPI32.dll
0x00007ffb758f0000 - 0x00007ffb7598e000 	C:\Windows\System32\msvcrt.dll
0x00007ffb76210000 - 0x00007ffb762ac000 	C:\Windows\System32\sechost.dll
0x00007ffb77320000 - 0x00007ffb77445000 	C:\Windows\System32\RPCRT4.dll
0x00007ffb76480000 - 0x00007ffb76621000 	C:\Windows\System32\USER32.dll
0x00007ffb752f0000 - 0x00007ffb75312000 	C:\Windows\System32\win32u.dll
0x00007ffb75ce0000 - 0x00007ffb75d0b000 	C:\Windows\System32\GDI32.dll
0x00007ffb74b80000 - 0x00007ffb74c8f000 	C:\Windows\System32\gdi32full.dll
0x00007ffb75250000 - 0x00007ffb752ed000 	C:\Windows\System32\msvcp_win.dll
0x00007ffb687a0000 - 0x00007ffb687bb000 	C:\Program Files\Java\jdk-19\bin\VCRUNTIME140.dll
0x00007ffb662b0000 - 0x00007ffb6654a000 	C:\Windows\WinSxS\amd64_microsoft.windows.common-controls_6595b64144ccf1df_6.0.19041.1110_none_60b5254171f9507e\COMCTL32.dll
0x00007ffb68ed0000 - 0x00007ffb68eda000 	C:\Windows\SYSTEM32\VERSION.dll
0x00007ffb76920000 - 0x00007ffb76952000 	C:\Windows\System32\IMM32.DLL
0x00007ffb70820000 - 0x00007ffb7082c000 	C:\Program Files\Java\jdk-19\bin\vcruntime140_1.dll
0x00007ffb59b50000 - 0x00007ffb59bde000 	C:\Program Files\Java\jdk-19\bin\msvcp140.dll
0x00007ffb18e50000 - 0x00007ffb19b10000 	C:\Program Files\Java\jdk-19\bin\server\jvm.dll
0x00007ffb5a070000 - 0x00007ffb5a079000 	C:\Windows\SYSTEM32\WSOCK32.dll
0x00007ffb75aa0000 - 0x00007ffb75b0b000 	C:\Windows\System32\WS2_32.dll
0x00007ffb66550000 - 0x00007ffb66577000 	C:\Windows\SYSTEM32\WINMM.dll
0x00007ffb72a40000 - 0x00007ffb72a52000 	C:\Windows\SYSTEM32\kernel.appcore.dll
0x00007ffb6fb70000 - 0x00007ffb6fb7a000 	C:\Program Files\Java\jdk-19\bin\jimage.dll
0x00007ffb65e90000 - 0x00007ffb66074000 	C:\Windows\SYSTEM32\DBGHELP.DLL
0x00007ffb65c80000 - 0x00007ffb65cb5000 	C:\Windows\SYSTEM32\dbgcore.DLL
0x00007ffb74fa0000 - 0x00007ffb75022000 	C:\Windows\System32\bcryptPrimitives.dll
0x00007ffb68770000 - 0x00007ffb68796000 	C:\Program Files\Java\jdk-19\bin\java.dll
0x00007ffb2fbb0000 - 0x00007ffb2fc87000 	C:\Program Files\Java\jdk-19\bin\jsvml.dll
0x00007ffb76960000 - 0x00007ffb770a5000 	C:\Windows\System32\SHELL32.dll
0x00007ffb72c40000 - 0x00007ffb733d2000 	C:\Windows\SYSTEM32\windows.storage.dll
0x00007ffb75590000 - 0x00007ffb758e5000 	C:\Windows\System32\combase.dll
0x00007ffb745e0000 - 0x00007ffb74610000 	C:\Windows\SYSTEM32\Wldp.dll
0x00007ffb763d0000 - 0x00007ffb7647d000 	C:\Windows\System32\SHCORE.dll
0x00007ffb76370000 - 0x00007ffb763c5000 	C:\Windows\System32\shlwapi.dll
0x00007ffb74ac0000 - 0x00007ffb74adf000 	C:\Windows\SYSTEM32\profapi.dll
0x00007ffb648e0000 - 0x00007ffb648f3000 	C:\Program Files\Java\jdk-19\bin\net.dll
0x00007ffb6b250000 - 0x00007ffb6b35c000 	C:\Windows\SYSTEM32\WINHTTP.dll
0x00007ffb74340000 - 0x00007ffb743aa000 	C:\Windows\system32\mswsock.dll
0x00007ffb5b9a0000 - 0x00007ffb5b9b6000 	C:\Program Files\Java\jdk-19\bin\nio.dll
0x00007ffb5b980000 - 0x00007ffb5b998000 	C:\Program Files\Java\jdk-19\bin\zip.dll
0x00007ffb6f280000 - 0x00007ffb6f290000 	C:\Program Files\Java\jdk-19\bin\verify.dll

dbghelp: loaded successfully - version: 4.0.5 - missing functions: none
symbol engine: initialized successfully - sym options: 0x614 - pdb path: .;C:\Program Files\Java\jdk-19\bin;C:\Windows\SYSTEM32;C:\Windows\WinSxS\amd64_microsoft.windows.common-controls_6595b64144ccf1df_6.0.19041.1110_none_60b5254171f9507e;C:\Program Files\Java\jdk-19\bin\server

VM Arguments:
java_command: org.jetbrains.kotlin.cli.jvm.K2JVMCompiler @D:\Code\Android\React_Native\Restaurant\node_modules\react-native-gesture-handler\android\build\20230223_7151475776863993097.compiler.options
java_class_path (initial): C:\Users\minht\.gradle\caches\modules-2\files-2.1\org.jetbrains.kotlin\kotlin-compiler-embeddable\1.6.21\97bdd5a752ce73b58ef16c17bc7f0ea2faff7a2e\kotlin-compiler-embeddable-1.6.21.jar;C:\Users\minht\.gradle\caches\modules-2\files-2.1\org.jetbrains.kotlin\kotlin-reflect\1.6.21\5dc3574d9b7bebfcb4ec6b10ada4aaa9e140bd0b\kotlin-reflect-1.6.21.jar;C:\Users\minht\.gradle\caches\modules-2\files-2.1\org.jetbrains.kotlin\kotlin-stdlib\1.6.21\11ef67f1900634fd951bad28c53ec957fabbe5b8\kotlin-stdlib-1.6.21.jar;C:\Users\minht\.gradle\caches\modules-2\files-2.1\org.jetbrains.kotlin\kotlin-script-runtime\1.6.21\99c6675100da5d6d5b1c5a1032f27f28008d101b\kotlin-script-runtime-1.6.21.jar;C:\Users\minht\.gradle\caches\modules-2\files-2.1\org.jetbrains.kotlin\kotlin-daemon-embeddable\1.6.21\46b78cf392e1c4f10854c3cadba44abb7b82250f\kotlin-daemon-embeddable-1.6.21.jar;C:\Users\minht\.gradle\caches\modules-2\files-2.1\org.jetbrains.intellij.deps\trove4j\1.0.20200330\3afb14d5f9ceb459d724e907a21145e8ff394f02\trove4j-1.0.20200330.jar;C:\Users\minht\.gradle\caches\modules-2\files-2.1\net.java.dev.jna\jna\5.6.0\330f2244e9030119ab3030fc3fededc86713d9cc\jna-5.6.0.jar;C:\Users\minht\.gradle\caches\modules-2\files-2.1\org.jetbrains.kotlin\kotlin-stdlib-common\1.6.21\5e5b55c26dbc80372a920aef60eb774b714559b8\kotlin-stdlib-common-1.6.21.jar;C:\Users\minht\.gradle\caches\modules-2\files-2.1\org.jetbrains\annotations\13.0\919f0dfe192fb4e063e7dacadee7f8bb9a2672a9\annotations-13.0.jar
Launcher Type: SUN_STANDARD

[Global flags]
     intx CICompilerCount                          = 3                                         {product} {ergonomic}
     uint ConcGCThreads                            = 1                                         {product} {ergonomic}
     uint G1ConcRefinementThreads                  = 4                                         {product} {ergonomic}
   size_t G1HeapRegionSize                         = 1048576                                   {product} {ergonomic}
    uintx GCDrainStackTargetSize                   = 64                                        {product} {ergonomic}
   size_t InitialHeapSize                          = 134217728                                 {product} {ergonomic}
   size_t MarkStackSize                            = 4194304                                   {product} {ergonomic}
   size_t MaxHeapSize                              = 2124414976                                {product} {ergonomic}
   size_t MaxNewSize                               = 1274019840                                {product} {ergonomic}
   size_t MinHeapDeltaBytes                        = 1048576                                   {product} {ergonomic}
   size_t MinHeapSize                              = 8388608                                   {product} {ergonomic}
    uintx NonNMethodCodeHeapSize                   = 5832780                                {pd product} {ergonomic}
    uintx NonProfiledCodeHeapSize                  = 122912730                              {pd product} {ergonomic}
    uintx ProfiledCodeHeapSize                     = 122912730                              {pd product} {ergonomic}
    uintx ReservedCodeCacheSize                    = 251658240                              {pd product} {ergonomic}
     bool SegmentedCodeCache                       = true                                      {product} {ergonomic}
   size_t SoftMaxHeapSize                          = 2124414976                             {manageable} {ergonomic}
     bool UseCompressedClassPointers               = true                           {product lp64_product} {ergonomic}
     bool UseCompressedOops                        = true                           {product lp64_product} {ergonomic}
     bool UseG1GC                                  = true                                      {product} {ergonomic}
     bool UseLargePagesIndividualAllocation        = false                                  {pd product} {ergonomic}

Logging:
Log output configuration:
 #0: stdout all=warning uptime,level,tags foldmultilines=false
 #1: stderr all=off uptime,level,tags foldmultilines=false

Environment Variables:
JAVA_HOME=C:\Progra~1\Java\jdk-19
CLASSPATH=D:\Code\Android\React_Native\Restaurant\android\\gradle\wrapper\gradle-wrapper.jar
PATH=D:\Code\Android\React_Native\Restaurant\android\node_modules\.bin;D:\Code\Android\React_Native\Restaurant\node_modules\.bin;D:\Code\Android\React_Native\node_modules\.bin;D:\Code\Android\node_modules\.bin;D:\Code\node_modules\.bin;D:\node_modules\.bin;C:\Program Files\nodejs;D:\Code\Android\React_Native\Restaurant\node_modules\.bin;D:\Code\Android\React_Native\node_modules\.bin;D:\Code\Android\node_modules\.bin;D:\Code\node_modules\.bin;D:\node_modules\.bin;C:\Program Files\nodejs\node_modules\npm\node_modules\@npmcli\run-script\lib\node-gyp-bin;D:\Code\Android\React_Native\Restaurant\node_modules\.bin;D:\Code\Android\React_Native\node_modules\.bin;D:\Code\Android\node_modules\.bin;D:\Code\node_modules\.bin;D:\node_modules\.bin;C:\Program Files\nodejs;D:\Code\Android\React_Native\Restaurant\node_modules\.bin;D:\Code\Android\React_Native\node_modules\.bin;D:\Code\Android\node_modules\.bin;D:\Code\node_modules\.bin;D:\node_modules\.bin;C:\Program Files\nodejs\node_modules\npm\node_modules\@npmcli\run-script\lib\node-gyp-bin;C:\Program Files\Java\jdk-19\bin;C:\Progra~1\Java\jdk-19\bin;C:\Program Files\Java\jdk1.8.0_202\bin;C:\Program Files\Common Files\Oracle\Java\javapath;C:\Program Files (x86)\Common Files\Oracle\Java\javapath;C:\Windows\system32;C:\Windows;C:\Windows\System32\Wbem;C:\Windows\System32\WindowsPowerShell\v1.0\;C:\Windows\System32\OpenSSH\;C:\Program Files\Git\cmd;C:\ProgramData\chocolatey\bin;C:\Program Files\nodejs\;C:\Program Files\OpenJDK\openjdk-11.0.16_8\bin;C:\Program Files\Microsoft SQL Server\Client SDK\ODBC\170\Tools\Binn\;C:\Program Files (x86)\Microsoft SQL Server\150\Tools\Binn\;C:\Program Files\Microsoft SQL Server\150\Tools\Binn\;C:\Program Files\Microsoft SQL Server\150\DTS\Binn\;C:\Program Files (x86)\Microsoft SQL Server\150\DTS\Binn\;C:\Program Files\Azure Data Studio\bin;C:\hadoop-3.3.0\bin;C:\hadoop-3.3.0\sbin;C:\Users\minht\AppData\Local\Programs\Python\Python311\Scripts\;C:\Users\minht\AppData\Local\Programs\Python\Python311\;C:\Users\minht\AppData\Local\Microsoft\WindowsApps;C:\Users\minht\AppData\Local\Programs\Microsoft VS Code\bin;C:\Users\minht\AppData\Roaming\npm;C:\Users\minht\AppData\Local\Android\sdk\platform-tools
USERNAME=minht
LANG=en_US.UTF-8
OS=Windows_NT
PROCESSOR_IDENTIFIER=Intel64 Family 6 Model 61 Stepping 4, GenuineIntel
TMP=C:\Users\minht\AppData\Local\Temp
TEMP=C:\Users\minht\AppData\Local\Temp



---------------  S Y S T E M  ---------------

OS:
 Windows 10 , 64 bit Build 19041 (10.0.19041.2546)
OS uptime: 0 days 3:17 hours

CPU: total 4 (initial active 4) (2 cores per cpu, 2 threads per core) family 6 model 61 stepping 4 microcode 0x2d, cx8, cmov, fxsr, ht, mmx, 3dnowpref, sse, sse2, sse3, ssse3, sse4.1, sse4.2, popcnt, lzcnt, tsc, tscinvbit, avx, avx2, aes, erms, clmul, bmi1, bmi2, adx, fma, vzeroupper, clflush, rdtscp

Memory: 4k page, system-wide physical 8103M (291M free)
TotalPageFile size 12199M (AvailPageFile size 6M)
current process WorkingSet (physical memory assigned to process): 285M, peak: 290M
current process commit charge ("private bytes"): 318M, peak: 322M

vm_info: Java HotSpot(TM) 64-Bit Server VM (19.0.2+7-44) for windows-amd64 JRE (19.0.2+7-44), built on 2022-11-30T18:02:09Z by "mach5one" with MS VC++ 17.1 (VS2022)

END.
