#
# There is insufficient memory for the Java Runtime Environment to continue.
# Native memory allocation (mmap) failed to map 319815680 bytes for G1 virtual space
# Possible reasons:
#   The system is out of physical RAM or swap space
#   The process is running with CompressedOops enabled, and the Java Heap may be blocking the growth of the native heap
# Possible solutions:
#   Reduce memory load on the system
#   Increase physical memory or swap space
#   Check if swap backing store is full
#   Decrease Java heap size (-Xmx/-Xms)
#   Decrease number of Java threads
#   Decrease Java thread stack sizes (-Xss)
#   Set larger code cache with -XX:ReservedCodeCacheSize=
#   JVM is running with Unscaled Compressed Oops mode in which the Java heap is
#     placed in the first 4GB address space. The Java Heap base address is the
#     maximum limit for the native heap growth. Please use -XX:HeapBaseMinAddress
#     to set the Java Heap base and to place the Java Heap above 4GB virtual address.
# This output file may be truncated or incomplete.
#
#  Out of Memory Error (os_windows.cpp:3536), pid=2464, tid=544
#
# JRE version: Java(TM) SE Runtime Environment (19.0.2+7) (build 19.0.2+7-44)
# Java VM: Java HotSpot(TM) 64-Bit Server VM (19.0.2+7-44, mixed mode, sharing, tiered, compressed oops, compressed class ptrs, g1 gc, windows-amd64)
# No core dump will be written. Minidumps are not enabled by default on client versions of Windows
#

---------------  S U M M A R Y ------------

Command Line: org.jetbrains.kotlin.cli.jvm.K2JVMCompiler @D:\Code\Android\React_Native\Restaurant\node_modules\react-native-screens\android\build\20230223_10055323501652304197.compiler.options

Host: Intel(R) Core(TM) i5-5200U CPU @ 2.20GHz, 4 cores, 7G,  Windows 10 , 64 bit Build 19041 (10.0.19041.2546)
Time: Thu Feb 23 23:33:00 2023 SE Asia Standard Time elapsed time: 39.349242 seconds (0d 0h 0m 39s)

---------------  T H R E A D  ---------------

Current thread (0x0000020b52cff060):  VMThread "VM Thread" [stack: 0x000000b72c400000,0x000000b72c500000] [id=544]

Stack: [0x000000b72c400000,0x000000b72c500000]
Native frames: (J=compiled Java code, j=interpreted, Vv=VM code, C=native code)
V  [jvm.dll+0x6ee21a]
V  [jvm.dll+0x85765e]
V  [jvm.dll+0x85904e]
V  [jvm.dll+0x859703]
V  [jvm.dll+0x28298f]
V  [jvm.dll+0x6eb009]
V  [jvm.dll+0x6dfbaa]
V  [jvm.dll+0x3573f6]
V  [jvm.dll+0x35ee56]
V  [jvm.dll+0x3b541e]
V  [jvm.dll+0x3b564f]
V  [jvm.dll+0x32c9ea]
V  [jvm.dll+0x32ca97]
V  [jvm.dll+0x374cd2]
V  [jvm.dll+0x37340f]
V  [jvm.dll+0x32c210]
V  [jvm.dll+0x3729ab]
V  [jvm.dll+0x85ebc3]
V  [jvm.dll+0x85f989]
V  [jvm.dll+0x85febd]
V  [jvm.dll+0x86034b]
V  [jvm.dll+0x860407]
V  [jvm.dll+0x80125a]
V  [jvm.dll+0x6ecf0b]
C  [ucrtbase.dll+0x21bb2]
C  [KERNEL32.DLL+0x17614]
C  [ntdll.dll+0x526a1]

VM_Operation (0x000000b72befd540): G1CollectForAllocation, mode: safepoint, requested by thread 0x0000020b32e05480


---------------  P R O C E S S  ---------------

Threads class SMR info:
_java_thread_list=0x0000020b59d97290, length=13, elements={
0x0000020b32e05480, 0x0000020b52d1cc30, 0x0000020b52d1e160, 0x0000020b52d21ed0,
0x0000020b52d225b0, 0x0000020b52d23820, 0x0000020b52d24a90, 0x0000020b52d2b210,
0x0000020b52d2e4d0, 0x0000020b52d31790, 0x0000020b570d5640, 0x0000020b570d5b90,
0x0000020b5a2884f0
}

Java Threads: ( => current thread )
  0x0000020b32e05480 JavaThread "main" [_thread_blocked, id=4540, stack(0x000000b72be00000,0x000000b72bf00000)]
  0x0000020b52d1cc30 JavaThread "Reference Handler" daemon [_thread_blocked, id=5660, stack(0x000000b72c500000,0x000000b72c600000)]
  0x0000020b52d1e160 JavaThread "Finalizer" daemon [_thread_blocked, id=6224, stack(0x000000b72c600000,0x000000b72c700000)]
  0x0000020b52d21ed0 JavaThread "Signal Dispatcher" daemon [_thread_blocked, id=11700, stack(0x000000b72c700000,0x000000b72c800000)]
  0x0000020b52d225b0 JavaThread "Attach Listener" daemon [_thread_blocked, id=12668, stack(0x000000b72c800000,0x000000b72c900000)]
  0x0000020b52d23820 JavaThread "Service Thread" daemon [_thread_blocked, id=3040, stack(0x000000b72c900000,0x000000b72ca00000)]
  0x0000020b52d24a90 JavaThread "Monitor Deflation Thread" daemon [_thread_blocked, id=9884, stack(0x000000b72ca00000,0x000000b72cb00000)]
  0x0000020b52d2b210 JavaThread "C2 CompilerThread0" daemon [_thread_blocked, id=12984, stack(0x000000b72cb00000,0x000000b72cc00000)]
  0x0000020b52d2e4d0 JavaThread "C1 CompilerThread0" daemon [_thread_blocked, id=5692, stack(0x000000b72cc00000,0x000000b72cd00000)]
  0x0000020b52d31790 JavaThread "Sweeper thread" daemon [_thread_blocked, id=1964, stack(0x000000b72cd00000,0x000000b72ce00000)]
  0x0000020b570d5640 JavaThread "Notification Thread" daemon [_thread_blocked, id=5484, stack(0x000000b72ce00000,0x000000b72cf00000)]
  0x0000020b570d5b90 JavaThread "Common-Cleaner" daemon [_thread_blocked, id=5468, stack(0x000000b72d000000,0x000000b72d100000)]
  0x0000020b5a2884f0 JavaThread "C2 CompilerThread1" daemon [_thread_blocked, id=3560, stack(0x000000b72bd00000,0x000000b72be00000)]

Other Threads:
=>0x0000020b52cff060 VMThread "VM Thread" [stack: 0x000000b72c400000,0x000000b72c500000] [id=544]
  0x0000020b570dc890 WatcherThread "VM Periodic Task Thread" [stack: 0x000000b72cf00000,0x000000b72d000000] [id=10304]
  0x0000020b32e65ad0 WorkerThread "GC Thread#0" [stack: 0x000000b72bf00000,0x000000b72c000000] [id=10004]
  0x0000020b574069b0 WorkerThread "GC Thread#1" [stack: 0x000000b72d200000,0x000000b72d300000] [id=2984]
  0x0000020b57419520 WorkerThread "GC Thread#2" [stack: 0x000000b72d300000,0x000000b72d400000] [id=3868]
  0x0000020b5745c280 WorkerThread "GC Thread#3" [stack: 0x000000b72d400000,0x000000b72d500000] [id=13076]
  0x0000020b32e76680 ConcurrentGCThread "G1 Main Marker" [stack: 0x000000b72c000000,0x000000b72c100000] [id=10136]
  0x0000020b32e76fd0 WorkerThread "G1 Conc#0" [stack: 0x000000b72c100000,0x000000b72c200000] [id=4552]
  0x0000020b52bb84e0 ConcurrentGCThread "G1 Refine#0" [stack: 0x000000b72c200000,0x000000b72c300000] [id=6052]
  0x0000020b52bb9770 ConcurrentGCThread "G1 Service" [stack: 0x000000b72c300000,0x000000b72c400000] [id=6452]

Threads with active compile tasks:
C2 CompilerThread0    39372 16311       4       org.jetbrains.kotlin.psi2ir.generators.FunctionGenerator::declareParameter$default (34 bytes)
C1 CompilerThread0    39372 17415       2       org.jetbrains.kotlin.ir.visitors.IrElementTransformerVoid::visitTypeParameter (10 bytes)
C2 CompilerThread1    39372 17405       4       org.jetbrains.kotlin.backend.common.IrElementTransformerVoidWithContext::visitFunction (38 bytes)

VM state: at safepoint (normal execution)

VM Mutex/Monitor currently owned by a thread:  ([mutex/lock_event])
[0x0000020b32e01a20] Threads_lock - owner thread: 0x0000020b52cff060
[0x0000020b32e01b40] Heap_lock - owner thread: 0x0000020b32e05480

Heap address: 0x0000000081600000, size: 2026 MB, Compressed Oops mode: 32-bit

CDS archive(s) mapped at: [0x0000000800000000-0x0000000800c40000-0x0000000800c40000), size 12845056, SharedBaseAddress: 0x0000000800000000, ArchiveRelocationMode: 0.
Compressed class space mapped at: 0x0000000801000000-0x0000000841000000, reserved size: 1073741824
Narrow klass base: 0x0000000800000000, Narrow klass shift: 0, Narrow klass range: 0x100000000

GC Precious Log:
 CardTable entry size: 512
 Card Set container configuration: InlinePtr #cards 5 size 8 Array Of Cards #cards 12 size 40 Howl #buckets 4 coarsen threshold 1843 Howl Bitmap #cards 512 size 80 coarsen threshold 460 Card regions per heap region 1 cards per card region 2048
 CPUs: 4 total, 4 available
 Memory: 8103M
 Large Page Support: Disabled
 NUMA Support: Disabled
 Compressed Oops: Enabled (32-bit)
 Heap Region Size: 1M
 Heap Min Capacity: 8M
 Heap Initial Capacity: 128M
 Heap Max Capacity: 2026M
 Pre-touch: Disabled
 Parallel Workers: 4
 Concurrent Workers: 1
 Concurrent Refinement Workers: 4
 Periodic GC: Disabled

Heap:
 garbage-first heap   total 190464K, used 117089K [0x0000000081600000, 0x0000000100000000)
  region size 1024K, 4 young (4096K), 4 survivors (4096K)
 Metaspace       used 76695K, committed 77504K, reserved 1179648K
  class space    used 8337K, committed 8768K, reserved 1048576K

Heap Regions: E=young(eden), S=young(survivor), O=old, HS=humongous(starts), HC=humongous(continues), CS=collection set, F=free, OA=open archive, CA=closed archive, TAMS=top-at-mark-start (previous, next)
|   0|0x0000000081600000, 0x0000000081700000, 0x0000000081700000|100%|HS|  |TAMS 0x0000000081700000, 0x0000000081600000| Complete 
|   1|0x0000000081700000, 0x0000000081800000, 0x0000000081800000|100%|HC|  |TAMS 0x0000000081800000, 0x0000000081700000| Complete 
|   2|0x0000000081800000, 0x0000000081900000, 0x0000000081900000|100%|HC|  |TAMS 0x0000000081900000, 0x0000000081800000| Complete 
|   3|0x0000000081900000, 0x0000000081a00000, 0x0000000081a00000|100%| O|  |TAMS 0x0000000081a00000, 0x0000000081900000| Untracked 
|   4|0x0000000081a00000, 0x0000000081b00000, 0x0000000081b00000|100%| O|  |TAMS 0x0000000081b00000, 0x0000000081a00000| Untracked 
|   5|0x0000000081b00000, 0x0000000081c00000, 0x0000000081c00000|100%| O|  |TAMS 0x0000000081c00000, 0x0000000081b00000| Untracked 
|   6|0x0000000081c00000, 0x0000000081d00000, 0x0000000081d00000|100%|HS|  |TAMS 0x0000000081d00000, 0x0000000081c00000| Complete 
|   7|0x0000000081d00000, 0x0000000081e00000, 0x0000000081e00000|100%|HC|  |TAMS 0x0000000081e00000, 0x0000000081d00000| Complete 
|   8|0x0000000081e00000, 0x0000000081f00000, 0x0000000081f00000|100%|HC|  |TAMS 0x0000000081f00000, 0x0000000081e00000| Complete 
|   9|0x0000000081f00000, 0x0000000082000000, 0x0000000082000000|100%| O|  |TAMS 0x0000000082000000, 0x0000000081f00000| Untracked 
|  10|0x0000000082000000, 0x0000000082100000, 0x0000000082100000|100%| O|  |TAMS 0x0000000082100000, 0x0000000082000000| Untracked 
|  11|0x0000000082100000, 0x0000000082200000, 0x0000000082200000|100%| O|  |TAMS 0x0000000082200000, 0x0000000082100000| Untracked 
|  12|0x0000000082200000, 0x0000000082300000, 0x0000000082300000|100%| O|  |TAMS 0x0000000082300000, 0x0000000082200000| Untracked 
|  13|0x0000000082300000, 0x0000000082400000, 0x0000000082400000|100%| O|  |TAMS 0x0000000082400000, 0x0000000082300000| Untracked 
|  14|0x0000000082400000, 0x0000000082500000, 0x0000000082500000|100%| O|  |TAMS 0x0000000082500000, 0x0000000082400000| Untracked 
|  15|0x0000000082500000, 0x0000000082600000, 0x0000000082600000|100%| O|  |TAMS 0x0000000082600000, 0x0000000082500000| Untracked 
|  16|0x0000000082600000, 0x0000000082700000, 0x0000000082700000|100%| O|  |TAMS 0x0000000082700000, 0x0000000082600000| Untracked 
|  17|0x0000000082700000, 0x0000000082800000, 0x0000000082800000|100%| O|  |TAMS 0x0000000082800000, 0x0000000082700000| Untracked 
|  18|0x0000000082800000, 0x0000000082900000, 0x0000000082900000|100%|HS|  |TAMS 0x0000000082900000, 0x0000000082800000| Complete 
|  19|0x0000000082900000, 0x0000000082a00000, 0x0000000082a00000|100%|HC|  |TAMS 0x0000000082a00000, 0x0000000082900000| Complete 
|  20|0x0000000082a00000, 0x0000000082b00000, 0x0000000082b00000|100%| O|  |TAMS 0x0000000082b00000, 0x0000000082a00000| Untracked 
|  21|0x0000000082b00000, 0x0000000082c00000, 0x0000000082c00000|100%| O|  |TAMS 0x0000000082c00000, 0x0000000082b00000| Untracked 
|  22|0x0000000082c00000, 0x0000000082d00000, 0x0000000082d00000|100%| O|  |TAMS 0x0000000082d00000, 0x0000000082c00000| Untracked 
|  23|0x0000000082d00000, 0x0000000082e00000, 0x0000000082e00000|100%| O|  |TAMS 0x0000000082e00000, 0x0000000082d00000| Untracked 
|  24|0x0000000082e00000, 0x0000000082f00000, 0x0000000082f00000|100%| O|  |TAMS 0x0000000082f00000, 0x0000000082e00000| Untracked 
|  25|0x0000000082f00000, 0x0000000083000000, 0x0000000083000000|100%| O|  |TAMS 0x0000000083000000, 0x0000000082f00000| Untracked 
|  26|0x0000000083000000, 0x0000000083100000, 0x0000000083100000|100%| O|  |TAMS 0x0000000083100000, 0x0000000083000000| Untracked 
|  27|0x0000000083100000, 0x0000000083200000, 0x0000000083200000|100%| O|  |TAMS 0x0000000083200000, 0x0000000083100000| Untracked 
|  28|0x0000000083200000, 0x0000000083300000, 0x0000000083300000|100%| O|  |TAMS 0x0000000083300000, 0x0000000083200000| Untracked 
|  29|0x0000000083300000, 0x0000000083400000, 0x0000000083400000|100%| O|  |TAMS 0x0000000083400000, 0x0000000083300000| Untracked 
|  30|0x0000000083400000, 0x0000000083500000, 0x0000000083500000|100%| O|  |TAMS 0x0000000083500000, 0x0000000083400000| Untracked 
|  31|0x0000000083500000, 0x0000000083600000, 0x0000000083600000|100%| O|  |TAMS 0x0000000083600000, 0x0000000083500000| Untracked 
|  32|0x0000000083600000, 0x0000000083700000, 0x0000000083700000|100%| O|  |TAMS 0x0000000083700000, 0x0000000083600000| Untracked 
|  33|0x0000000083700000, 0x0000000083800000, 0x0000000083800000|100%| O|  |TAMS 0x0000000083700000, 0x0000000083700000| Untracked 
|  34|0x0000000083800000, 0x0000000083900000, 0x0000000083900000|100%| O|  |TAMS 0x0000000083900000, 0x0000000083800000| Untracked 
|  35|0x0000000083900000, 0x0000000083a00000, 0x0000000083a00000|100%| O|  |TAMS 0x0000000083a00000, 0x0000000083900000| Untracked 
|  36|0x0000000083a00000, 0x0000000083b00000, 0x0000000083b00000|100%| O|  |TAMS 0x0000000083b00000, 0x0000000083a00000| Untracked 
|  37|0x0000000083b00000, 0x0000000083c00000, 0x0000000083c00000|100%| O|  |TAMS 0x0000000083c00000, 0x0000000083b00000| Untracked 
|  38|0x0000000083c00000, 0x0000000083d00000, 0x0000000083d00000|100%| O|  |TAMS 0x0000000083d00000, 0x0000000083c00000| Untracked 
|  39|0x0000000083d00000, 0x0000000083e00000, 0x0000000083e00000|100%| O|  |TAMS 0x0000000083d00000, 0x0000000083d00000| Untracked 
|  40|0x0000000083e00000, 0x0000000083f00000, 0x0000000083f00000|100%| O|  |TAMS 0x0000000083f00000, 0x0000000083e00000| Untracked 
|  41|0x0000000083f00000, 0x0000000084000000, 0x0000000084000000|100%| O|  |TAMS 0x0000000084000000, 0x0000000083f00000| Untracked 
|  42|0x0000000084000000, 0x0000000084100000, 0x0000000084100000|100%| O|  |TAMS 0x0000000084100000, 0x0000000084000000| Untracked 
|  43|0x0000000084100000, 0x0000000084200000, 0x0000000084200000|100%| O|  |TAMS 0x0000000084200000, 0x0000000084100000| Untracked 
|  44|0x0000000084200000, 0x0000000084300000, 0x0000000084300000|100%| O|  |TAMS 0x0000000084300000, 0x0000000084200000| Untracked 
|  45|0x0000000084300000, 0x0000000084400000, 0x0000000084400000|100%| O|  |TAMS 0x0000000084400000, 0x0000000084300000| Untracked 
|  46|0x0000000084400000, 0x0000000084500000, 0x0000000084500000|100%| O|  |TAMS 0x0000000084500000, 0x0000000084400000| Untracked 
|  47|0x0000000084500000, 0x0000000084600000, 0x0000000084600000|100%| O|  |TAMS 0x0000000084600000, 0x0000000084500000| Untracked 
|  48|0x0000000084600000, 0x0000000084700000, 0x0000000084700000|100%| O|  |TAMS 0x0000000084700000, 0x0000000084600000| Untracked 
|  49|0x0000000084700000, 0x0000000084800000, 0x0000000084800000|100%| O|  |TAMS 0x0000000084800000, 0x0000000084700000| Untracked 
|  50|0x0000000084800000, 0x0000000084900000, 0x0000000084900000|100%| O|  |TAMS 0x0000000084900000, 0x0000000084800000| Untracked 
|  51|0x0000000084900000, 0x0000000084a00000, 0x0000000084a00000|100%| O|  |TAMS 0x0000000084a00000, 0x0000000084900000| Untracked 
|  52|0x0000000084a00000, 0x0000000084b00000, 0x0000000084b00000|100%| O|  |TAMS 0x0000000084a10200, 0x0000000084a00000| Untracked 
|  53|0x0000000084b00000, 0x0000000084c00000, 0x0000000084c00000|100%| O|  |TAMS 0x0000000084b00000, 0x0000000084b00000| Untracked 
|  54|0x0000000084c00000, 0x0000000084d00000, 0x0000000084d00000|100%| O|  |TAMS 0x0000000084c00000, 0x0000000084c00000| Untracked 
|  55|0x0000000084d00000, 0x0000000084e00000, 0x0000000084e00000|100%| O|  |TAMS 0x0000000084d00000, 0x0000000084d00000| Untracked 
|  56|0x0000000084e00000, 0x0000000084f00000, 0x0000000084f00000|100%| O|  |TAMS 0x0000000084e00000, 0x0000000084e00000| Untracked 
|  57|0x0000000084f00000, 0x0000000085000000, 0x0000000085000000|100%| O|  |TAMS 0x0000000084f00000, 0x0000000084f00000| Untracked 
|  58|0x0000000085000000, 0x0000000085100000, 0x0000000085100000|100%| O|  |TAMS 0x0000000085000000, 0x0000000085000000| Untracked 
|  59|0x0000000085100000, 0x0000000085200000, 0x0000000085200000|100%| O|  |TAMS 0x0000000085100000, 0x0000000085100000| Untracked 
|  60|0x0000000085200000, 0x0000000085300000, 0x0000000085300000|100%| O|  |TAMS 0x0000000085200000, 0x0000000085200000| Untracked 
|  61|0x0000000085300000, 0x0000000085400000, 0x0000000085400000|100%| O|  |TAMS 0x0000000085300000, 0x0000000085300000| Untracked 
|  62|0x0000000085400000, 0x0000000085500000, 0x0000000085500000|100%| O|  |TAMS 0x0000000085400000, 0x0000000085400000| Untracked 
|  63|0x0000000085500000, 0x0000000085600000, 0x0000000085600000|100%|HS|  |TAMS 0x0000000085500000, 0x0000000085500000| Complete 
|  64|0x0000000085600000, 0x0000000085700000, 0x0000000085700000|100%|HC|  |TAMS 0x0000000085600000, 0x0000000085600000| Complete 
|  65|0x0000000085700000, 0x0000000085800000, 0x0000000085800000|100%| O|  |TAMS 0x0000000085700000, 0x0000000085700000| Untracked 
|  66|0x0000000085800000, 0x0000000085900000, 0x0000000085900000|100%| O|  |TAMS 0x0000000085800000, 0x0000000085800000| Untracked 
|  67|0x0000000085900000, 0x0000000085a00000, 0x0000000085a00000|100%| O|  |TAMS 0x0000000085900000, 0x0000000085900000| Untracked 
|  68|0x0000000085a00000, 0x0000000085b00000, 0x0000000085b00000|100%| O|  |TAMS 0x0000000085a00000, 0x0000000085a00000| Untracked 
|  69|0x0000000085b00000, 0x0000000085c00000, 0x0000000085c00000|100%| O|  |TAMS 0x0000000085b00000, 0x0000000085b00000| Untracked 
|  70|0x0000000085c00000, 0x0000000085d00000, 0x0000000085d00000|100%| O|  |TAMS 0x0000000085c00000, 0x0000000085c00000| Untracked 
|  71|0x0000000085d00000, 0x0000000085e00000, 0x0000000085e00000|100%| O|  |TAMS 0x0000000085d00000, 0x0000000085d00000| Untracked 
|  72|0x0000000085e00000, 0x0000000085f00000, 0x0000000085f00000|100%| O|  |TAMS 0x0000000085e00000, 0x0000000085e00000| Untracked 
|  73|0x0000000085f00000, 0x0000000086000000, 0x0000000086000000|100%| O|  |TAMS 0x0000000085f00000, 0x0000000085f00000| Untracked 
|  74|0x0000000086000000, 0x0000000086100000, 0x0000000086100000|100%| O|  |TAMS 0x0000000086000000, 0x0000000086000000| Untracked 
|  75|0x0000000086100000, 0x0000000086200000, 0x0000000086200000|100%| O|  |TAMS 0x0000000086100000, 0x0000000086100000| Untracked 
|  76|0x0000000086200000, 0x0000000086300000, 0x0000000086300000|100%| O|  |TAMS 0x0000000086200000, 0x0000000086200000| Untracked 
|  77|0x0000000086300000, 0x0000000086400000, 0x0000000086400000|100%| O|  |TAMS 0x0000000086300000, 0x0000000086300000| Untracked 
|  78|0x0000000086400000, 0x0000000086500000, 0x0000000086500000|100%| O|  |TAMS 0x0000000086400000, 0x0000000086400000| Untracked 
|  79|0x0000000086500000, 0x0000000086600000, 0x0000000086600000|100%| O|  |TAMS 0x0000000086500000, 0x0000000086500000| Untracked 
|  80|0x0000000086600000, 0x0000000086700000, 0x0000000086700000|100%| O|  |TAMS 0x0000000086600000, 0x0000000086600000| Untracked 
|  81|0x0000000086700000, 0x0000000086800000, 0x0000000086800000|100%| O|  |TAMS 0x0000000086700000, 0x0000000086700000| Untracked 
|  82|0x0000000086800000, 0x0000000086900000, 0x0000000086900000|100%| O|  |TAMS 0x0000000086800000, 0x0000000086800000| Untracked 
|  83|0x0000000086900000, 0x0000000086a00000, 0x0000000086a00000|100%| O|  |TAMS 0x0000000086900000, 0x0000000086900000| Untracked 
|  84|0x0000000086a00000, 0x0000000086b00000, 0x0000000086b00000|100%| O|  |TAMS 0x0000000086a00000, 0x0000000086a00000| Untracked 
|  85|0x0000000086b00000, 0x0000000086c00000, 0x0000000086c00000|100%| O|  |TAMS 0x0000000086b00000, 0x0000000086b00000| Untracked 
|  86|0x0000000086c00000, 0x0000000086d00000, 0x0000000086d00000|100%| O|  |TAMS 0x0000000086c00000, 0x0000000086c00000| Untracked 
|  87|0x0000000086d00000, 0x0000000086e00000, 0x0000000086e00000|100%| O|  |TAMS 0x0000000086d00000, 0x0000000086d00000| Untracked 
|  88|0x0000000086e00000, 0x0000000086f00000, 0x0000000086f00000|100%| O|  |TAMS 0x0000000086e00000, 0x0000000086e00000| Untracked 
|  89|0x0000000086f00000, 0x0000000087000000, 0x0000000087000000|100%| O|  |TAMS 0x0000000086f00000, 0x0000000086f00000| Untracked 
|  90|0x0000000087000000, 0x0000000087100000, 0x0000000087100000|100%| O|  |TAMS 0x0000000087000000, 0x0000000087000000| Untracked 
|  91|0x0000000087100000, 0x0000000087200000, 0x0000000087200000|100%| O|  |TAMS 0x0000000087100000, 0x0000000087100000| Untracked 
|  92|0x0000000087200000, 0x0000000087300000, 0x0000000087300000|100%| O|  |TAMS 0x0000000087200000, 0x0000000087200000| Untracked 
|  93|0x0000000087300000, 0x0000000087400000, 0x0000000087400000|100%| O|  |TAMS 0x0000000087300000, 0x0000000087300000| Untracked 
|  94|0x0000000087400000, 0x0000000087500000, 0x0000000087500000|100%| O|  |TAMS 0x0000000087400000, 0x0000000087400000| Untracked 
|  95|0x0000000087500000, 0x0000000087600000, 0x0000000087600000|100%| O|  |TAMS 0x0000000087500000, 0x0000000087500000| Untracked 
|  96|0x0000000087600000, 0x0000000087700000, 0x0000000087700000|100%| O|  |TAMS 0x0000000087600000, 0x0000000087600000| Untracked 
|  97|0x0000000087700000, 0x0000000087800000, 0x0000000087800000|100%| O|  |TAMS 0x0000000087700000, 0x0000000087700000| Untracked 
|  98|0x0000000087800000, 0x0000000087900000, 0x0000000087900000|100%| O|  |TAMS 0x0000000087800000, 0x0000000087800000| Untracked 
|  99|0x0000000087900000, 0x0000000087a00000, 0x0000000087a00000|100%| O|  |TAMS 0x0000000087900000, 0x0000000087900000| Untracked 
| 100|0x0000000087a00000, 0x0000000087b00000, 0x0000000087b00000|100%| O|  |TAMS 0x0000000087a00000, 0x0000000087a00000| Untracked 
| 101|0x0000000087b00000, 0x0000000087c00000, 0x0000000087c00000|100%| O|  |TAMS 0x0000000087b00000, 0x0000000087b00000| Untracked 
| 102|0x0000000087c00000, 0x0000000087d00000, 0x0000000087d00000|100%| O|  |TAMS 0x0000000087c00000, 0x0000000087c00000| Untracked 
| 103|0x0000000087d00000, 0x0000000087e00000, 0x0000000087e00000|100%| O|  |TAMS 0x0000000087d00000, 0x0000000087d00000| Untracked 
| 104|0x0000000087e00000, 0x0000000087f00000, 0x0000000087f00000|100%| O|  |TAMS 0x0000000087e00000, 0x0000000087e00000| Untracked 
| 105|0x0000000087f00000, 0x0000000088000000, 0x0000000088000000|100%| O|  |TAMS 0x0000000087f00000, 0x0000000087f00000| Untracked 
| 106|0x0000000088000000, 0x0000000088100000, 0x0000000088100000|100%| O|  |TAMS 0x0000000088000000, 0x0000000088000000| Untracked 
| 107|0x0000000088100000, 0x0000000088200000, 0x0000000088200000|100%| O|  |TAMS 0x0000000088100000, 0x0000000088100000| Untracked 
| 108|0x0000000088200000, 0x0000000088300000, 0x0000000088300000|100%| O|  |TAMS 0x0000000088200000, 0x0000000088200000| Untracked 
| 109|0x0000000088300000, 0x0000000088400000, 0x0000000088400000|100%| O|  |TAMS 0x0000000088300000, 0x0000000088300000| Untracked 
| 110|0x0000000088400000, 0x000000008845e400, 0x0000000088500000| 36%| O|  |TAMS 0x0000000088400000, 0x0000000088400000| Untracked 
| 111|0x0000000088500000, 0x0000000088500000, 0x0000000088600000|  0%| F|  |TAMS 0x0000000088500000, 0x0000000088500000| Untracked 
| 112|0x0000000088600000, 0x0000000088600000, 0x0000000088700000|  0%| F|  |TAMS 0x0000000088600000, 0x0000000088600000| Untracked 
| 113|0x0000000088700000, 0x0000000088700000, 0x0000000088800000|  0%| F|  |TAMS 0x0000000088700000, 0x0000000088700000| Untracked 
| 114|0x0000000088800000, 0x0000000088800000, 0x0000000088900000|  0%| F|  |TAMS 0x0000000088800000, 0x0000000088800000| Untracked 
| 115|0x0000000088900000, 0x0000000088900000, 0x0000000088a00000|  0%| F|  |TAMS 0x0000000088900000, 0x0000000088900000| Untracked 
| 116|0x0000000088a00000, 0x0000000088a00000, 0x0000000088b00000|  0%| F|  |TAMS 0x0000000088a00000, 0x0000000088a00000| Untracked 
| 117|0x0000000088b00000, 0x0000000088b00000, 0x0000000088c00000|  0%| F|  |TAMS 0x0000000088b00000, 0x0000000088b00000| Untracked 
| 118|0x0000000088c00000, 0x0000000088c00000, 0x0000000088d00000|  0%| F|  |TAMS 0x0000000088c00000, 0x0000000088c00000| Untracked 
| 119|0x0000000088d00000, 0x0000000088d00000, 0x0000000088e00000|  0%| F|  |TAMS 0x0000000088d00000, 0x0000000088d00000| Untracked 
| 120|0x0000000088e00000, 0x0000000088e00000, 0x0000000088f00000|  0%| F|  |TAMS 0x0000000088e00000, 0x0000000088e00000| Untracked 
| 121|0x0000000088f00000, 0x0000000088f00000, 0x0000000089000000|  0%| F|  |TAMS 0x0000000088f00000, 0x0000000088f00000| Untracked 
| 122|0x0000000089000000, 0x0000000089000000, 0x0000000089100000|  0%| F|  |TAMS 0x0000000089000000, 0x0000000089000000| Untracked 
| 123|0x0000000089100000, 0x0000000089100000, 0x0000000089200000|  0%| F|  |TAMS 0x0000000089100000, 0x0000000089100000| Untracked 
| 124|0x0000000089200000, 0x0000000089200000, 0x0000000089300000|  0%| F|  |TAMS 0x0000000089200000, 0x0000000089200000| Untracked 
| 125|0x0000000089300000, 0x0000000089300000, 0x0000000089400000|  0%| F|  |TAMS 0x0000000089300000, 0x0000000089300000| Untracked 
| 126|0x0000000089400000, 0x0000000089400000, 0x0000000089500000|  0%| F|  |TAMS 0x0000000089400000, 0x0000000089400000| Untracked 
| 127|0x0000000089500000, 0x0000000089500000, 0x0000000089600000|  0%| F|  |TAMS 0x0000000089500000, 0x0000000089500000| Untracked 
| 128|0x0000000089600000, 0x0000000089600000, 0x0000000089700000|  0%| F|  |TAMS 0x0000000089600000, 0x0000000089600000| Untracked 
| 129|0x0000000089700000, 0x0000000089700000, 0x0000000089800000|  0%| F|  |TAMS 0x0000000089700000, 0x0000000089700000| Untracked 
| 130|0x0000000089800000, 0x0000000089800000, 0x0000000089900000|  0%| F|  |TAMS 0x0000000089800000, 0x0000000089800000| Untracked 
| 131|0x0000000089900000, 0x0000000089900000, 0x0000000089a00000|  0%| F|  |TAMS 0x0000000089900000, 0x0000000089900000| Untracked 
| 132|0x0000000089a00000, 0x0000000089a00000, 0x0000000089b00000|  0%| F|  |TAMS 0x0000000089a00000, 0x0000000089a00000| Untracked 
| 133|0x0000000089b00000, 0x0000000089b00000, 0x0000000089c00000|  0%| F|  |TAMS 0x0000000089b00000, 0x0000000089b00000| Untracked 
| 134|0x0000000089c00000, 0x0000000089c00000, 0x0000000089d00000|  0%| F|  |TAMS 0x0000000089c00000, 0x0000000089c00000| Untracked 
| 135|0x0000000089d00000, 0x0000000089d00000, 0x0000000089e00000|  0%| F|  |TAMS 0x0000000089d00000, 0x0000000089d00000| Untracked 
| 136|0x0000000089e00000, 0x0000000089e00000, 0x0000000089f00000|  0%| F|  |TAMS 0x0000000089e00000, 0x0000000089e00000| Untracked 
| 137|0x0000000089f00000, 0x0000000089f00000, 0x000000008a000000|  0%| F|  |TAMS 0x0000000089f00000, 0x0000000089f00000| Untracked 
| 138|0x000000008a000000, 0x000000008a000000, 0x000000008a100000|  0%| F|  |TAMS 0x000000008a000000, 0x000000008a000000| Untracked 
| 139|0x000000008a100000, 0x000000008a100000, 0x000000008a200000|  0%| F|  |TAMS 0x000000008a100000, 0x000000008a100000| Untracked 
| 140|0x000000008a200000, 0x000000008a2fa290, 0x000000008a300000| 97%| S|CS|TAMS 0x000000008a200000, 0x000000008a200000| Complete 
| 141|0x000000008a300000, 0x000000008a400000, 0x000000008a400000|100%| S|CS|TAMS 0x000000008a300000, 0x000000008a300000| Complete 
| 142|0x000000008a400000, 0x000000008a500000, 0x000000008a500000|100%| S|CS|TAMS 0x000000008a400000, 0x000000008a400000| Complete 
| 143|0x000000008a500000, 0x000000008a600000, 0x000000008a600000|100%| S|CS|TAMS 0x000000008a500000, 0x000000008a500000| Complete 
| 144|0x000000008a600000, 0x000000008a600000, 0x000000008a700000|  0%| F|  |TAMS 0x000000008a600000, 0x000000008a600000| Untracked 
| 145|0x000000008a700000, 0x000000008a700000, 0x000000008a800000|  0%| F|  |TAMS 0x000000008a700000, 0x000000008a700000| Untracked 
| 146|0x000000008a800000, 0x000000008a800000, 0x000000008a900000|  0%| F|  |TAMS 0x000000008a800000, 0x000000008a800000| Untracked 
| 147|0x000000008a900000, 0x000000008a900000, 0x000000008aa00000|  0%| F|  |TAMS 0x000000008a900000, 0x000000008a900000| Untracked 
| 148|0x000000008aa00000, 0x000000008aa00000, 0x000000008ab00000|  0%| F|  |TAMS 0x000000008aa00000, 0x000000008aa00000| Untracked 
| 149|0x000000008ab00000, 0x000000008ab00000, 0x000000008ac00000|  0%| F|  |TAMS 0x000000008ab00000, 0x000000008ab00000| Untracked 
| 150|0x000000008ac00000, 0x000000008ac00000, 0x000000008ad00000|  0%| F|  |TAMS 0x000000008ac00000, 0x000000008ac00000| Untracked 
| 151|0x000000008ad00000, 0x000000008ad00000, 0x000000008ae00000|  0%| F|  |TAMS 0x000000008ad00000, 0x000000008ad00000| Untracked 
| 152|0x000000008ae00000, 0x000000008ae00000, 0x000000008af00000|  0%| F|  |TAMS 0x000000008ae00000, 0x000000008ae00000| Untracked 
| 153|0x000000008af00000, 0x000000008af00000, 0x000000008b000000|  0%| F|  |TAMS 0x000000008af00000, 0x000000008af00000| Untracked 
| 154|0x000000008b000000, 0x000000008b000000, 0x000000008b100000|  0%| F|  |TAMS 0x000000008b000000, 0x000000008b000000| Untracked 
| 155|0x000000008b100000, 0x000000008b100000, 0x000000008b200000|  0%| F|  |TAMS 0x000000008b100000, 0x000000008b100000| Untracked 
| 156|0x000000008b200000, 0x000000008b200000, 0x000000008b300000|  0%| F|  |TAMS 0x000000008b200000, 0x000000008b200000| Untracked 
| 157|0x000000008b300000, 0x000000008b300000, 0x000000008b400000|  0%| F|  |TAMS 0x000000008b300000, 0x000000008b300000| Untracked 
| 158|0x000000008b400000, 0x000000008b400000, 0x000000008b500000|  0%| F|  |TAMS 0x000000008b400000, 0x000000008b400000| Untracked 
| 159|0x000000008b500000, 0x000000008b500000, 0x000000008b600000|  0%| F|  |TAMS 0x000000008b500000, 0x000000008b500000| Untracked 
| 160|0x000000008b600000, 0x000000008b600000, 0x000000008b700000|  0%| F|  |TAMS 0x000000008b600000, 0x000000008b600000| Untracked 
| 161|0x000000008b700000, 0x000000008b700000, 0x000000008b800000|  0%| F|  |TAMS 0x000000008b700000, 0x000000008b700000| Untracked 
| 162|0x000000008b800000, 0x000000008b800000, 0x000000008b900000|  0%| F|  |TAMS 0x000000008b800000, 0x000000008b800000| Untracked 
| 163|0x000000008b900000, 0x000000008b900000, 0x000000008ba00000|  0%| F|  |TAMS 0x000000008b900000, 0x000000008b900000| Untracked 
| 164|0x000000008ba00000, 0x000000008ba00000, 0x000000008bb00000|  0%| F|  |TAMS 0x000000008ba00000, 0x000000008ba00000| Untracked 
| 165|0x000000008bb00000, 0x000000008bb00000, 0x000000008bc00000|  0%| F|  |TAMS 0x000000008bb00000, 0x000000008bb00000| Untracked 
| 166|0x000000008bc00000, 0x000000008bc00000, 0x000000008bd00000|  0%| F|  |TAMS 0x000000008bc00000, 0x000000008bc00000| Untracked 
| 167|0x000000008bd00000, 0x000000008bd00000, 0x000000008be00000|  0%| F|  |TAMS 0x000000008bd00000, 0x000000008bd00000| Untracked 
| 168|0x000000008be00000, 0x000000008be00000, 0x000000008bf00000|  0%| F|  |TAMS 0x000000008be00000, 0x000000008be00000| Untracked 
| 169|0x000000008bf00000, 0x000000008bf00000, 0x000000008c000000|  0%| F|  |TAMS 0x000000008bf00000, 0x000000008bf00000| Untracked 
| 170|0x000000008c000000, 0x000000008c000000, 0x000000008c100000|  0%| F|  |TAMS 0x000000008c000000, 0x000000008c000000| Untracked 
| 171|0x000000008c100000, 0x000000008c100000, 0x000000008c200000|  0%| F|  |TAMS 0x000000008c100000, 0x000000008c100000| Untracked 
| 172|0x000000008c200000, 0x000000008c200000, 0x000000008c300000|  0%| F|  |TAMS 0x000000008c200000, 0x000000008c200000| Untracked 
| 173|0x000000008c300000, 0x000000008c300000, 0x000000008c400000|  0%| F|  |TAMS 0x000000008c300000, 0x000000008c300000| Untracked 
| 174|0x000000008c400000, 0x000000008c400000, 0x000000008c500000|  0%| F|  |TAMS 0x000000008c400000, 0x000000008c400000| Untracked 
| 175|0x000000008c500000, 0x000000008c500000, 0x000000008c600000|  0%| F|  |TAMS 0x000000008c500000, 0x000000008c500000| Untracked 
| 176|0x000000008c600000, 0x000000008c600000, 0x000000008c700000|  0%| F|  |TAMS 0x000000008c600000, 0x000000008c600000| Untracked 
| 177|0x000000008c700000, 0x000000008c700000, 0x000000008c800000|  0%| F|  |TAMS 0x000000008c700000, 0x000000008c700000| Untracked 
| 178|0x000000008c800000, 0x000000008c800000, 0x000000008c900000|  0%| F|  |TAMS 0x000000008c800000, 0x000000008c800000| Untracked 
| 179|0x000000008c900000, 0x000000008c900000, 0x000000008ca00000|  0%| F|  |TAMS 0x000000008c900000, 0x000000008c900000| Untracked 
| 180|0x000000008ca00000, 0x000000008ca00000, 0x000000008cb00000|  0%| F|  |TAMS 0x000000008ca00000, 0x000000008ca00000| Untracked 
| 181|0x000000008cb00000, 0x000000008cb00000, 0x000000008cc00000|  0%| F|  |TAMS 0x000000008cb00000, 0x000000008cb00000| Untracked 
| 182|0x000000008cc00000, 0x000000008cc00000, 0x000000008cd00000|  0%| F|  |TAMS 0x000000008cc00000, 0x000000008cc00000| Untracked 
| 183|0x000000008cd00000, 0x000000008cd00000, 0x000000008ce00000|  0%| F|  |TAMS 0x000000008cd00000, 0x000000008cd00000| Untracked 
| 184|0x000000008ce00000, 0x000000008ce00000, 0x000000008cf00000|  0%| F|  |TAMS 0x000000008ce00000, 0x000000008ce00000| Untracked 
| 185|0x000000008cf00000, 0x000000008cf00000, 0x000000008d000000|  0%| F|  |TAMS 0x000000008cf00000, 0x000000008cf00000| Untracked 

Card table byte_map: [0x0000020b4bf90000,0x0000020b4c390000] _byte_map_base: 0x0000020b4bb85000

Marking Bits (Prev, Next): (CMBitMap*) 0x0000020b32e66010, (CMBitMap*) 0x0000020b32e66050
 Prev Bits: [0x0000020b4c790000, 0x0000020b4e738000)
 Next Bits: [0x0000020b4e740000, 0x0000020b506e8000)

Polling page: 0x0000020b32ed0000

Metaspace:

Usage:
  Non-class:     66.76 MB used.
      Class:      8.14 MB used.
       Both:     74.90 MB used.

Virtual space:
  Non-class space:      128.00 MB reserved,      67.12 MB ( 52%) committed,  2 nodes.
      Class space:        1.00 GB reserved,       8.56 MB ( <1%) committed,  1 nodes.
             Both:        1.12 GB reserved,      75.69 MB (  7%) committed. 

Chunk freelists:
   Non-Class:  928.00 KB
       Class:  3.47 MB
        Both:  4.38 MB

MaxMetaspaceSize: unlimited
CompressedClassSpaceSize: 1.00 GB
Initial GC threshold: 21.00 MB
Current GC threshold: 87.50 MB
CDS: on
MetaspaceReclaimPolicy: balanced
 - commit_granule_bytes: 65536.
 - commit_granule_words: 8192.
 - virtual_space_node_default_size: 8388608.
 - enlarge_chunks_in_place: 1.
 - new_chunks_are_fully_committed: 0.
 - uncommit_free_chunks: 1.
 - use_allocation_guard: 0.


Internal statistics:

num_allocs_failed_limit: 6.
num_arena_births: 1334.
num_arena_deaths: 0.
num_vsnodes_births: 3.
num_vsnodes_deaths: 0.
num_space_committed: 1209.
num_space_uncommitted: 0.
num_chunks_returned_to_freelist: 6.
num_chunks_taken_from_freelist: 4340.
num_chunk_merges: 6.
num_chunk_splits: 3219.
num_chunks_enlarged: 2504.
num_inconsistent_stats: 0.

CodeHeap 'non-profiled nmethods': size=120000Kb used=7915Kb max_used=8221Kb free=112084Kb
 bounds [0x0000020b44040000, 0x0000020b44850000, 0x0000020b4b570000]
CodeHeap 'profiled nmethods': size=120000Kb used=37863Kb max_used=39121Kb free=82137Kb
 bounds [0x0000020b3c570000, 0x0000020b3ebb0000, 0x0000020b43aa0000]
CodeHeap 'non-nmethods': size=5760Kb used=1489Kb max_used=1555Kb free=4270Kb
 bounds [0x0000020b43aa0000, 0x0000020b43d10000, 0x0000020b44040000]
 total_blobs=14487 nmethods=13752 adapters=639
 compilation: enabled
              stopped_count=0, restarted_count=0
 full_count=0

Compilation events (20 events):
Event: 39.327 Thread 0x0000020b5a2884f0 17406       4       org.jetbrains.kotlin.ir.declarations.impl.IrFunctionCommonImpl::getParent (17 bytes)
Event: 39.328 Thread 0x0000020b5a2884f0 nmethod 17406 0x0000020b44720d90 code [0x0000020b44720f20, 0x0000020b44720fb8]
Event: 39.328 Thread 0x0000020b5a2884f0 17405       4       org.jetbrains.kotlin.backend.common.IrElementTransformerVoidWithContext::visitFunction (38 bytes)
Event: 39.328 Thread 0x0000020b52d2e4d0 17407       1       org.jetbrains.kotlin.backend.common.phaser.PhaseConfig::getEnabled (5 bytes)
Event: 39.328 Thread 0x0000020b52d2e4d0 nmethod 17407 0x0000020b44720a90 code [0x0000020b44720c20, 0x0000020b44720cd8]
Event: 39.328 Thread 0x0000020b52d2e4d0 17408       1       org.jetbrains.kotlin.backend.common.phaser.PhaseConfig::getVerbose (5 bytes)
Event: 39.329 Thread 0x0000020b52d2e4d0 nmethod 17408 0x0000020b44720690 code [0x0000020b44720820, 0x0000020b447208d8]
Event: 39.329 Thread 0x0000020b52d2e4d0 17409       1       org.jetbrains.kotlin.backend.jvm.JvmBackendContext::setInVerbosePhase (6 bytes)
Event: 39.329 Thread 0x0000020b52d2e4d0 nmethod 17409 0x0000020b447a1f90 code [0x0000020b447a2120, 0x0000020b447a21f8]
Event: 39.329 Thread 0x0000020b52d2e4d0 17410       1       org.jetbrains.kotlin.backend.common.phaser.PhaseConfig::getToDumpStateBefore (5 bytes)
Event: 39.329 Thread 0x0000020b52d2e4d0 nmethod 17410 0x0000020b447a1c90 code [0x0000020b447a1e20, 0x0000020b447a1ed8]
Event: 39.329 Thread 0x0000020b52d2e4d0 17411       1       org.jetbrains.kotlin.backend.common.phaser.PhaseConfig::getNeedProfiling (5 bytes)
Event: 39.329 Thread 0x0000020b52d2e4d0 nmethod 17411 0x0000020b447a1990 code [0x0000020b447a1b20, 0x0000020b447a1bf8]
Event: 39.329 Thread 0x0000020b52d2e4d0 17412       1       org.jetbrains.kotlin.backend.common.phaser.PhaseConfig::getToValidateStateBefore (5 bytes)
Event: 39.329 Thread 0x0000020b52d2e4d0 nmethod 17412 0x0000020b447a1410 code [0x0000020b447a15a0, 0x0000020b447a1658]
Event: 39.329 Thread 0x0000020b52d2e4d0 17413       2       org.jetbrains.kotlin.ir.util.IrUtilsKt$functions$1::invoke (9 bytes)
Event: 39.330 Thread 0x0000020b52d2e4d0 nmethod 17413 0x0000020b3dfdac90 code [0x0000020b3dfdae80, 0x0000020b3dfdb188]
Event: 39.330 Thread 0x0000020b52d2e4d0 17414       2       org.jetbrains.kotlin.ir.util.IrUtilsKt$functions$1::invoke (11 bytes)
Event: 39.330 Thread 0x0000020b52d2e4d0 nmethod 17414 0x0000020b3e878710 code [0x0000020b3e878900, 0x0000020b3e878bc8]
Event: 39.330 Thread 0x0000020b52d2e4d0 17415       2       org.jetbrains.kotlin.ir.visitors.IrElementTransformerVoid::visitTypeParameter (10 bytes)

GC Heap History (20 events):
Event: 21.515 GC heap after
{Heap after GC invocations=20 (full 0):
 garbage-first heap   total 190464K, used 55255K [0x0000000081600000, 0x0000000100000000)
  region size 1024K, 3 young (3072K), 3 survivors (3072K)
 Metaspace       used 52858K, committed 53632K, reserved 1114112K
  class space    used 6220K, committed 6656K, reserved 1048576K
}
Event: 23.116 GC heap before
{Heap before GC invocations=21 (full 0):
 garbage-first heap   total 190464K, used 140247K [0x0000000081600000, 0x0000000100000000)
  region size 1024K, 86 young (88064K), 3 survivors (3072K)
 Metaspace       used 54061K, committed 54784K, reserved 1114112K
  class space    used 6336K, committed 6720K, reserved 1048576K
}
Event: 23.138 GC heap after
{Heap after GC invocations=22 (full 0):
 garbage-first heap   total 190464K, used 63133K [0x0000000081600000, 0x0000000100000000)
  region size 1024K, 11 young (11264K), 11 survivors (11264K)
 Metaspace       used 54061K, committed 54784K, reserved 1114112K
  class space    used 6336K, committed 6720K, reserved 1048576K
}
Event: 23.142 GC heap before
{Heap before GC invocations=22 (full 0):
 garbage-first heap   total 190464K, used 64157K [0x0000000081600000, 0x0000000100000000)
  region size 1024K, 12 young (12288K), 11 survivors (11264K)
 Metaspace       used 54061K, committed 54784K, reserved 1114112K
  class space    used 6336K, committed 6720K, reserved 1048576K
}
Event: 23.160 GC heap after
{Heap after GC invocations=23 (full 0):
 garbage-first heap   total 190464K, used 63595K [0x0000000081600000, 0x0000000100000000)
  region size 1024K, 1 young (1024K), 1 survivors (1024K)
 Metaspace       used 54061K, committed 54784K, reserved 1114112K
  class space    used 6336K, committed 6720K, reserved 1048576K
}
Event: 26.181 GC heap before
{Heap before GC invocations=23 (full 0):
 garbage-first heap   total 190464K, used 136299K [0x0000000081600000, 0x0000000100000000)
  region size 1024K, 72 young (73728K), 1 survivors (1024K)
 Metaspace       used 59729K, committed 60544K, reserved 1114112K
  class space    used 6857K, committed 7296K, reserved 1048576K
}
Event: 26.195 GC heap after
{Heap after GC invocations=24 (full 0):
 garbage-first heap   total 190464K, used 70487K [0x0000000081600000, 0x0000000100000000)
  region size 1024K, 8 young (8192K), 8 survivors (8192K)
 Metaspace       used 59729K, committed 60544K, reserved 1114112K
  class space    used 6857K, committed 7296K, reserved 1048576K
}
Event: 29.887 GC heap before
{Heap before GC invocations=24 (full 0):
 garbage-first heap   total 190464K, used 144215K [0x0000000081600000, 0x0000000100000000)
  region size 1024K, 78 young (79872K), 8 survivors (8192K)
 Metaspace       used 61335K, committed 62144K, reserved 1114112K
  class space    used 6939K, committed 7360K, reserved 1048576K
}
Event: 29.912 GC heap after
{Heap after GC invocations=25 (full 0):
 garbage-first heap   total 190464K, used 79481K [0x0000000081600000, 0x0000000100000000)
  region size 1024K, 7 young (7168K), 7 survivors (7168K)
 Metaspace       used 61335K, committed 62144K, reserved 1114112K
  class space    used 6939K, committed 7360K, reserved 1048576K
}
Event: 33.211 GC heap before
{Heap before GC invocations=25 (full 0):
 garbage-first heap   total 190464K, used 148089K [0x0000000081600000, 0x0000000100000000)
  region size 1024K, 74 young (75776K), 7 survivors (7168K)
 Metaspace       used 62126K, committed 62912K, reserved 1114112K
  class space    used 6961K, committed 7360K, reserved 1048576K
}
Event: 33.237 GC heap after
{Heap after GC invocations=26 (full 0):
 garbage-first heap   total 190464K, used 86637K [0x0000000081600000, 0x0000000100000000)
  region size 1024K, 7 young (7168K), 7 survivors (7168K)
 Metaspace       used 62126K, committed 62912K, reserved 1114112K
  class space    used 6961K, committed 7360K, reserved 1048576K
}
Event: 35.098 GC heap before
{Heap before GC invocations=26 (full 0):
 garbage-first heap   total 190464K, used 151149K [0x0000000081600000, 0x0000000100000000)
  region size 1024K, 70 young (71680K), 7 survivors (7168K)
 Metaspace       used 67512K, committed 68352K, reserved 1114112K
  class space    used 7432K, committed 7872K, reserved 1048576K
}
Event: 35.116 GC heap after
{Heap after GC invocations=27 (full 0):
 garbage-first heap   total 190464K, used 90045K [0x0000000081600000, 0x0000000100000000)
  region size 1024K, 4 young (4096K), 4 survivors (4096K)
 Metaspace       used 67512K, committed 68352K, reserved 1114112K
  class space    used 7432K, committed 7872K, reserved 1048576K
}
Event: 36.646 GC heap before
{Heap before GC invocations=27 (full 0):
 garbage-first heap   total 190464K, used 152509K [0x0000000081600000, 0x0000000100000000)
  region size 1024K, 65 young (66560K), 4 survivors (4096K)
 Metaspace       used 68881K, committed 69696K, reserved 1114112K
  class space    used 7514K, committed 7936K, reserved 1048576K
}
Event: 36.666 GC heap after
{Heap after GC invocations=28 (full 0):
 garbage-first heap   total 190464K, used 98212K [0x0000000081600000, 0x0000000100000000)
  region size 1024K, 9 young (9216K), 9 survivors (9216K)
 Metaspace       used 68881K, committed 69696K, reserved 1114112K
  class space    used 7514K, committed 7936K, reserved 1048576K
}
Event: 37.464 GC heap before
{Heap before GC invocations=28 (full 0):
 garbage-first heap   total 190464K, used 153508K [0x0000000081600000, 0x0000000100000000)
  region size 1024K, 63 young (64512K), 9 survivors (9216K)
 Metaspace       used 69072K, committed 69888K, reserved 1114112K
  class space    used 7519K, committed 7936K, reserved 1048576K
}
Event: 37.495 GC heap after
{Heap after GC invocations=29 (full 0):
 garbage-first heap   total 190464K, used 106496K [0x0000000081600000, 0x0000000100000000)
  region size 1024K, 8 young (8192K), 8 survivors (8192K)
 Metaspace       used 69072K, committed 69888K, reserved 1114112K
  class space    used 7519K, committed 7936K, reserved 1048576K
}
Event: 38.366 GC heap before
{Heap before GC invocations=29 (full 0):
 garbage-first heap   total 190464K, used 155648K [0x0000000081600000, 0x0000000100000000)
  region size 1024K, 56 young (57344K), 8 survivors (8192K)
 Metaspace       used 72406K, committed 73152K, reserved 1114112K
  class space    used 7857K, committed 8256K, reserved 1048576K
}
Event: 38.387 GC heap after
{Heap after GC invocations=30 (full 0):
 garbage-first heap   total 190464K, used 113020K [0x0000000081600000, 0x0000000100000000)
  region size 1024K, 7 young (7168K), 7 survivors (7168K)
 Metaspace       used 72406K, committed 73152K, reserved 1114112K
  class space    used 7857K, committed 8256K, reserved 1048576K
}
Event: 39.331 GC heap before
{Heap before GC invocations=30 (full 0):
 garbage-first heap   total 190464K, used 156028K [0x0000000081600000, 0x0000000100000000)
  region size 1024K, 49 young (50176K), 7 survivors (7168K)
 Metaspace       used 76695K, committed 77504K, reserved 1179648K
  class space    used 8337K, committed 8768K, reserved 1048576K
}

Dll operation events (7 events):
Event: 0.012 Loaded shared library C:\Program Files\Java\jdk-19\bin\java.dll
Event: 0.027 Loaded shared library C:\Program Files\Java\jdk-19\bin\jsvml.dll
Event: 0.104 Loaded shared library C:\Program Files\Java\jdk-19\bin\net.dll
Event: 0.107 Loaded shared library C:\Program Files\Java\jdk-19\bin\nio.dll
Event: 0.146 Loaded shared library C:\Program Files\Java\jdk-19\bin\zip.dll
Event: 0.694 Loaded shared library C:\Program Files\Java\jdk-19\bin\jimage.dll
Event: 2.067 Loaded shared library C:\Program Files\Java\jdk-19\bin\verify.dll

Deoptimization events (20 events):
Event: 39.212 Thread 0x0000020b32e05480 Uncommon trap: trap_request=0xffffff76 fr.pc=0x0000020b44427044 relative=0x00000000000000a4
Event: 39.212 Thread 0x0000020b32e05480 Uncommon trap: reason=predicate action=maybe_recompile pc=0x0000020b44427044 method=kotlin.collections.ArraysKt___ArraysKt.toCollection([Ljava/lang/Object;Ljava/util/Collection;)Ljava/util/Collection; @ 20 c2
Event: 39.212 Thread 0x0000020b32e05480 DEOPT PACKING pc=0x0000020b44427044 sp=0x000000b72befd9a0
Event: 39.212 Thread 0x0000020b32e05480 DEOPT UNPACKING pc=0x0000020b43b06da3 sp=0x000000b72befd930 mode 2
Event: 39.253 Thread 0x0000020b32e05480 Uncommon trap: trap_request=0xffffffde fr.pc=0x0000020b443196a4 relative=0x0000000000000084
Event: 39.253 Thread 0x0000020b32e05480 Uncommon trap: reason=class_check action=maybe_recompile pc=0x0000020b443196a4 method=kotlin.collections.AbstractMutableList.size()I @ 1 c2
Event: 39.253 Thread 0x0000020b32e05480 DEOPT PACKING pc=0x0000020b443196a4 sp=0x000000b72befdb60
Event: 39.253 Thread 0x0000020b32e05480 DEOPT UNPACKING pc=0x0000020b43b06da3 sp=0x000000b72befdaf0 mode 2
Event: 39.253 Thread 0x0000020b32e05480 Uncommon trap: trap_request=0xffffffde fr.pc=0x0000020b443196a4 relative=0x0000000000000084
Event: 39.253 Thread 0x0000020b32e05480 Uncommon trap: reason=class_check action=maybe_recompile pc=0x0000020b443196a4 method=kotlin.collections.AbstractMutableList.size()I @ 1 c2
Event: 39.253 Thread 0x0000020b32e05480 DEOPT PACKING pc=0x0000020b443196a4 sp=0x000000b72befdb50
Event: 39.253 Thread 0x0000020b32e05480 DEOPT UNPACKING pc=0x0000020b43b06da3 sp=0x000000b72befdae0 mode 2
Event: 39.253 Thread 0x0000020b32e05480 Uncommon trap: trap_request=0xffffffde fr.pc=0x0000020b443196a4 relative=0x0000000000000084
Event: 39.253 Thread 0x0000020b32e05480 Uncommon trap: reason=class_check action=maybe_recompile pc=0x0000020b443196a4 method=kotlin.collections.AbstractMutableList.size()I @ 1 c2
Event: 39.253 Thread 0x0000020b32e05480 DEOPT PACKING pc=0x0000020b443196a4 sp=0x000000b72befdb60
Event: 39.253 Thread 0x0000020b32e05480 DEOPT UNPACKING pc=0x0000020b43b06da3 sp=0x000000b72befdaf0 mode 2
Event: 39.264 Thread 0x0000020b32e05480 Uncommon trap: trap_request=0xffffffde fr.pc=0x0000020b443196a4 relative=0x0000000000000084
Event: 39.264 Thread 0x0000020b32e05480 Uncommon trap: reason=class_check action=maybe_recompile pc=0x0000020b443196a4 method=kotlin.collections.AbstractMutableList.size()I @ 1 c2
Event: 39.264 Thread 0x0000020b32e05480 DEOPT PACKING pc=0x0000020b443196a4 sp=0x000000b72befd700
Event: 39.265 Thread 0x0000020b32e05480 DEOPT UNPACKING pc=0x0000020b43b06da3 sp=0x000000b72befd690 mode 2

Classes loaded (20 events):
Event: 24.834 Loading class jdk/internal/math/FloatingDecimal$PreparedASCIIToBinaryBuffer
Event: 24.834 Loading class jdk/internal/math/FloatingDecimal$ASCIIToBinaryConverter
Event: 24.834 Loading class jdk/internal/math/FloatingDecimal$ASCIIToBinaryConverter done
Event: 24.834 Loading class jdk/internal/math/FloatingDecimal$PreparedASCIIToBinaryBuffer done
Event: 24.834 Loading class jdk/internal/math/FloatingDecimal$ASCIIToBinaryBuffer
Event: 24.834 Loading class jdk/internal/math/FloatingDecimal$ASCIIToBinaryBuffer done
Event: 33.057 Loading class java/lang/Short$ShortCache
Event: 33.057 Loading class java/lang/Short$ShortCache done
Event: 34.428 Loading class java/text/MessageFormat
Event: 34.429 Loading class java/text/MessageFormat done
Event: 34.436 Loading class jdk/internal/reflect/MethodHandleBooleanFieldAccessorImpl
Event: 34.436 Loading class jdk/internal/reflect/MethodHandleBooleanFieldAccessorImpl done
Event: 34.465 Loading class java/text/ChoiceFormat
Event: 34.465 Loading class java/text/ChoiceFormat done
Event: 34.474 Loading class java/lang/invoke/DirectMethodHandle$1
Event: 34.474 Loading class java/lang/invoke/DirectMethodHandle$1 done
Event: 34.483 Loading class java/text/MessageFormat$Field
Event: 34.483 Loading class java/text/MessageFormat$Field done
Event: 37.653 Loading class java/util/regex/Pattern$1
Event: 37.653 Loading class java/util/regex/Pattern$1 done

Classes unloaded (0 events):
No events

Classes redefined (0 events):
No events

Internal exceptions (20 events):
Event: 22.800 Thread 0x0000020b32e05480 Implicit null exception at 0x0000020b44238328 to 0x0000020b4423d07c
Event: 22.810 Thread 0x0000020b32e05480 Implicit null exception at 0x0000020b4434c972 to 0x0000020b4434d248
Event: 23.168 Thread 0x0000020b32e05480 Implicit null exception at 0x0000020b440595bd to 0x0000020b4405a68c
Event: 23.618 Thread 0x0000020b32e05480 Implicit null exception at 0x0000020b4445161f to 0x0000020b44458b8c
Event: 24.022 Thread 0x0000020b32e05480 Exception <a 'java/lang/NoSuchMethodError'{0x000000008b490df8}: 'int java.lang.invoke.DirectMethodHandle$Holder.invokeStaticInit(java.lang.Object, int)'> (0x000000008b490df8) 
thrown [s\open\src\hotspot\share\interpreter\linkResolver.cpp, line 774]
Event: 24.078 Thread 0x0000020b32e05480 Exception <a 'java/lang/NoSuchMethodError'{0x000000008b374050}: 'java.lang.Object java.lang.invoke.DirectMethodHandle$Holder.invokeInterface(java.lang.Object, java.lang.Object, java.lang.Object)'> (0x000000008b374050) 
thrown [s\open\src\hotspot\share\interpreter\linkResolver.cpp, line 774]
Event: 24.079 Thread 0x0000020b32e05480 Exception <a 'java/lang/IncompatibleClassChangeError'{0x000000008b3779d0}: Found class java.lang.Object, but interface was expected> (0x000000008b3779d0) 
thrown [s\open\src\hotspot\share\interpreter\linkResolver.cpp, line 841]
Event: 24.950 Thread 0x0000020b32e05480 Implicit null exception at 0x0000020b4405e272 to 0x0000020b4405e75c
Event: 24.975 Thread 0x0000020b32e05480 Implicit null exception at 0x0000020b44060bf2 to 0x0000020b440610d0
Event: 26.361 Thread 0x0000020b32e05480 Implicit null exception at 0x0000020b444108bc to 0x0000020b44410b3c
Event: 26.789 Thread 0x0000020b32e05480 Implicit null exception at 0x0000020b44505fe1 to 0x0000020b445062d0
Event: 26.790 Thread 0x0000020b32e05480 Implicit null exception at 0x0000020b443f98db to 0x0000020b443f9b7c
Event: 27.065 Thread 0x0000020b32e05480 Exception <a 'java/lang/NoSuchMethodError'{0x000000008c0b4d70}: 'void java.lang.invoke.DirectMethodHandle$Holder.invokeStatic(java.lang.Object, java.lang.Object, java.lang.Object)'> (0x000000008c0b4d70) 
thrown [s\open\src\hotspot\share\interpreter\linkResolver.cpp, line 774]
Event: 31.944 Thread 0x0000020b32e05480 Implicit null exception at 0x0000020b445db7dd to 0x0000020b445dbaf8
Event: 33.255 Thread 0x0000020b32e05480 Implicit null exception at 0x0000020b440d3e0c to 0x0000020b440d4020
Event: 34.437 Thread 0x0000020b32e05480 Exception <a 'java/lang/NoSuchMethodError'{0x000000008aa9f238}: 'int java.lang.invoke.Invokers$Holder.invokeExact_MT(java.lang.Object, java.lang.Object, java.lang.Object)'> (0x000000008aa9f238) 
thrown [s\open\src\hotspot\share\interpreter\linkResolver.cpp, line 774]
Event: 34.437 Thread 0x0000020b32e05480 Exception <a 'java/lang/NoSuchMethodError'{0x000000008aaa3c08}: 'void java.lang.invoke.Invokers$Holder.invokeExact_MT(java.lang.Object, java.lang.Object, java.lang.Object, java.lang.Object)'> (0x000000008aaa3c08) 
thrown [s\open\src\hotspot\share\interpreter\linkResolver.cpp, line 774]
Event: 34.460 Thread 0x0000020b32e05480 Exception <a 'java/lang/NoSuchMethodError'{0x000000008a9a93a8}: 'java.lang.Object java.lang.invoke.DirectMethodHandle$Holder.invokeStaticInit(java.lang.Object, java.lang.Object, java.lang.Object, java.lang.Object)'> (0x000000008a9a93a8) 
thrown [s\open\src\hotspot\share\interpreter\linkResolver.cpp, line 774]
Event: 34.689 Thread 0x0000020b32e05480 Exception <a 'java/lang/NoSuchMethodError'{0x0000000089ea7fa8}: 'int java.lang.invoke.DirectMethodHandle$Holder.invokeStaticInit(java.lang.Object, java.lang.Object, java.lang.Object, java.lang.Object)'> (0x0000000089ea7fa8) 
thrown [s\open\src\hotspot\share\interpreter\linkResolver.cpp, line 774]
Event: 35.504 Thread 0x0000020b32e05480 Implicit null exception at 0x0000020b440af612 to 0x0000020b440af874

VM Operations (20 events):
Event: 38.663 Executing VM operation: HandshakeAllThreads done
Event: 38.702 Executing VM operation: ICBufferFull
Event: 38.704 Executing VM operation: ICBufferFull done
Event: 38.841 Executing VM operation: HandshakeAllThreads
Event: 38.842 Executing VM operation: HandshakeAllThreads done
Event: 39.019 Executing VM operation: ICBufferFull
Event: 39.019 Executing VM operation: ICBufferFull done
Event: 39.117 Executing VM operation: HandshakeAllThreads
Event: 39.118 Executing VM operation: HandshakeAllThreads done
Event: 39.199 Executing VM operation: HandshakeAllThreads
Event: 39.200 Executing VM operation: HandshakeAllThreads done
Event: 39.215 Executing VM operation: ICBufferFull
Event: 39.215 Executing VM operation: ICBufferFull done
Event: 39.259 Executing VM operation: HandshakeAllThreads
Event: 39.259 Executing VM operation: HandshakeAllThreads done
Event: 39.261 Executing VM operation: HandshakeAllThreads
Event: 39.261 Executing VM operation: HandshakeAllThreads done
Event: 39.293 Executing VM operation: HandshakeAllThreads
Event: 39.293 Executing VM operation: HandshakeAllThreads done
Event: 39.330 Executing VM operation: G1CollectForAllocation

Events (20 events):
Event: 39.158 Thread 0x0000020b52d31790 flushing nmethod 0x0000020b3eb0fe10
Event: 39.158 Thread 0x0000020b52d31790 flushing nmethod 0x0000020b3eb10e90
Event: 39.158 Thread 0x0000020b52d31790 flushing nmethod 0x0000020b3eb13f90
Event: 39.158 Thread 0x0000020b52d31790 flushing nmethod 0x0000020b3eb1b690
Event: 39.158 Thread 0x0000020b52d31790 flushing nmethod 0x0000020b3eb1ea90
Event: 39.158 Thread 0x0000020b52d31790 flushing nmethod 0x0000020b3eb1ee90
Event: 39.158 Thread 0x0000020b52d31790 flushing nmethod 0x0000020b3eb20a10
Event: 39.158 Thread 0x0000020b52d31790 flushing nmethod 0x0000020b3eb27e90
Event: 39.158 Thread 0x0000020b52d31790 flushing nmethod 0x0000020b3eb29490
Event: 39.158 Thread 0x0000020b52d31790 flushing nmethod 0x0000020b3eb2b910
Event: 39.158 Thread 0x0000020b52d31790 flushing nmethod 0x0000020b3eb31b90
Event: 39.158 Thread 0x0000020b52d31790 flushing nmethod 0x0000020b3eb33010
Event: 39.158 Thread 0x0000020b52d31790 flushing nmethod 0x0000020b3eb3a710
Event: 39.158 Thread 0x0000020b52d31790 flushing nmethod 0x0000020b3eb3ae10
Event: 39.158 Thread 0x0000020b52d31790 flushing nmethod 0x0000020b3eb3ef90
Event: 39.158 Thread 0x0000020b52d31790 flushing nmethod 0x0000020b3eb42a10
Event: 39.158 Thread 0x0000020b52d31790 flushing nmethod 0x0000020b3eb43110
Event: 39.159 Thread 0x0000020b52d31790 flushing nmethod 0x0000020b3eb45d10
Event: 39.159 Thread 0x0000020b52d31790 flushing nmethod 0x0000020b3eb47710
Event: 39.159 Thread 0x0000020b52d31790 flushing nmethod 0x0000020b3eb7ca10


Dynamic libraries:
0x00007ff72ce90000 - 0x00007ff72cea0000 	C:\Program Files\Java\jdk-19\bin\java.exe
0x00007ffb77490000 - 0x00007ffb77688000 	C:\Windows\SYSTEM32\ntdll.dll
0x00007ffb754d0000 - 0x00007ffb7558f000 	C:\Windows\System32\KERNEL32.DLL
0x00007ffb74cc0000 - 0x00007ffb74f92000 	C:\Windows\System32\KERNELBASE.dll
0x00007ffb753d0000 - 0x00007ffb754d0000 	C:\Windows\System32\ucrtbase.dll
0x00007ffb687a0000 - 0x00007ffb687bb000 	C:\Program Files\Java\jdk-19\bin\VCRUNTIME140.dll
0x00007ffb687c0000 - 0x00007ffb687d8000 	C:\Program Files\Java\jdk-19\bin\jli.dll
0x00007ffb759f0000 - 0x00007ffb75a9e000 	C:\Windows\System32\ADVAPI32.dll
0x00007ffb758f0000 - 0x00007ffb7598e000 	C:\Windows\System32\msvcrt.dll
0x00007ffb76210000 - 0x00007ffb762ac000 	C:\Windows\System32\sechost.dll
0x00007ffb77320000 - 0x00007ffb77445000 	C:\Windows\System32\RPCRT4.dll
0x00007ffb76480000 - 0x00007ffb76621000 	C:\Windows\System32\USER32.dll
0x00007ffb752f0000 - 0x00007ffb75312000 	C:\Windows\System32\win32u.dll
0x00007ffb662b0000 - 0x00007ffb6654a000 	C:\Windows\WinSxS\amd64_microsoft.windows.common-controls_6595b64144ccf1df_6.0.19041.1110_none_60b5254171f9507e\COMCTL32.dll
0x00007ffb75ce0000 - 0x00007ffb75d0b000 	C:\Windows\System32\GDI32.dll
0x00007ffb74b80000 - 0x00007ffb74c8f000 	C:\Windows\System32\gdi32full.dll
0x00007ffb75250000 - 0x00007ffb752ed000 	C:\Windows\System32\msvcp_win.dll
0x00007ffb68ed0000 - 0x00007ffb68eda000 	C:\Windows\SYSTEM32\VERSION.dll
0x00007ffb76920000 - 0x00007ffb76952000 	C:\Windows\System32\IMM32.DLL
0x00007ffb70820000 - 0x00007ffb7082c000 	C:\Program Files\Java\jdk-19\bin\vcruntime140_1.dll
0x00007ffb59b50000 - 0x00007ffb59bde000 	C:\Program Files\Java\jdk-19\bin\msvcp140.dll
0x00007ffb18e50000 - 0x00007ffb19b10000 	C:\Program Files\Java\jdk-19\bin\server\jvm.dll
0x00007ffb5a070000 - 0x00007ffb5a079000 	C:\Windows\SYSTEM32\WSOCK32.dll
0x00007ffb75aa0000 - 0x00007ffb75b0b000 	C:\Windows\System32\WS2_32.dll
0x00007ffb66550000 - 0x00007ffb66577000 	C:\Windows\SYSTEM32\WINMM.dll
0x00007ffb72a40000 - 0x00007ffb72a52000 	C:\Windows\SYSTEM32\kernel.appcore.dll
0x00007ffb6fb70000 - 0x00007ffb6fb7a000 	C:\Program Files\Java\jdk-19\bin\jimage.dll
0x00007ffb65e90000 - 0x00007ffb66074000 	C:\Windows\SYSTEM32\DBGHELP.DLL
0x00007ffb65c80000 - 0x00007ffb65cb5000 	C:\Windows\SYSTEM32\dbgcore.DLL
0x00007ffb74fa0000 - 0x00007ffb75022000 	C:\Windows\System32\bcryptPrimitives.dll
0x00007ffb68770000 - 0x00007ffb68796000 	C:\Program Files\Java\jdk-19\bin\java.dll
0x00007ffb2fbb0000 - 0x00007ffb2fc87000 	C:\Program Files\Java\jdk-19\bin\jsvml.dll
0x00007ffb76960000 - 0x00007ffb770a5000 	C:\Windows\System32\SHELL32.dll
0x00007ffb72c40000 - 0x00007ffb733d2000 	C:\Windows\SYSTEM32\windows.storage.dll
0x00007ffb75590000 - 0x00007ffb758e5000 	C:\Windows\System32\combase.dll
0x00007ffb745e0000 - 0x00007ffb74610000 	C:\Windows\SYSTEM32\Wldp.dll
0x00007ffb763d0000 - 0x00007ffb7647d000 	C:\Windows\System32\SHCORE.dll
0x00007ffb76370000 - 0x00007ffb763c5000 	C:\Windows\System32\shlwapi.dll
0x00007ffb74ac0000 - 0x00007ffb74adf000 	C:\Windows\SYSTEM32\profapi.dll
0x00007ffb648e0000 - 0x00007ffb648f3000 	C:\Program Files\Java\jdk-19\bin\net.dll
0x00007ffb6b250000 - 0x00007ffb6b35c000 	C:\Windows\SYSTEM32\WINHTTP.dll
0x00007ffb74340000 - 0x00007ffb743aa000 	C:\Windows\system32\mswsock.dll
0x00007ffb5b9a0000 - 0x00007ffb5b9b6000 	C:\Program Files\Java\jdk-19\bin\nio.dll
0x00007ffb5b980000 - 0x00007ffb5b998000 	C:\Program Files\Java\jdk-19\bin\zip.dll
0x00007ffb6f280000 - 0x00007ffb6f290000 	C:\Program Files\Java\jdk-19\bin\verify.dll

dbghelp: loaded successfully - version: 4.0.5 - missing functions: none
symbol engine: initialized successfully - sym options: 0x614 - pdb path: .;C:\Program Files\Java\jdk-19\bin;C:\Windows\SYSTEM32;C:\Windows\WinSxS\amd64_microsoft.windows.common-controls_6595b64144ccf1df_6.0.19041.1110_none_60b5254171f9507e;C:\Program Files\Java\jdk-19\bin\server

VM Arguments:
java_command: org.jetbrains.kotlin.cli.jvm.K2JVMCompiler @D:\Code\Android\React_Native\Restaurant\node_modules\react-native-screens\android\build\20230223_10055323501652304197.compiler.options
java_class_path (initial): C:\Users\minht\.gradle\caches\modules-2\files-2.1\org.jetbrains.kotlin\kotlin-compiler-embeddable\1.6.21\97bdd5a752ce73b58ef16c17bc7f0ea2faff7a2e\kotlin-compiler-embeddable-1.6.21.jar;C:\Users\minht\.gradle\caches\modules-2\files-2.1\org.jetbrains.kotlin\kotlin-reflect\1.6.21\5dc3574d9b7bebfcb4ec6b10ada4aaa9e140bd0b\kotlin-reflect-1.6.21.jar;C:\Users\minht\.gradle\caches\modules-2\files-2.1\org.jetbrains.kotlin\kotlin-stdlib\1.6.21\11ef67f1900634fd951bad28c53ec957fabbe5b8\kotlin-stdlib-1.6.21.jar;C:\Users\minht\.gradle\caches\modules-2\files-2.1\org.jetbrains.kotlin\kotlin-script-runtime\1.6.21\99c6675100da5d6d5b1c5a1032f27f28008d101b\kotlin-script-runtime-1.6.21.jar;C:\Users\minht\.gradle\caches\modules-2\files-2.1\org.jetbrains.kotlin\kotlin-daemon-embeddable\1.6.21\46b78cf392e1c4f10854c3cadba44abb7b82250f\kotlin-daemon-embeddable-1.6.21.jar;C:\Users\minht\.gradle\caches\modules-2\files-2.1\org.jetbrains.intellij.deps\trove4j\1.0.20200330\3afb14d5f9ceb459d724e907a21145e8ff394f02\trove4j-1.0.20200330.jar;C:\Users\minht\.gradle\caches\modules-2\files-2.1\net.java.dev.jna\jna\5.6.0\330f2244e9030119ab3030fc3fededc86713d9cc\jna-5.6.0.jar;C:\Users\minht\.gradle\caches\modules-2\files-2.1\org.jetbrains.kotlin\kotlin-stdlib-common\1.6.21\5e5b55c26dbc80372a920aef60eb774b714559b8\kotlin-stdlib-common-1.6.21.jar;C:\Users\minht\.gradle\caches\modules-2\files-2.1\org.jetbrains\annotations\13.0\919f0dfe192fb4e063e7dacadee7f8bb9a2672a9\annotations-13.0.jar
Launcher Type: SUN_STANDARD

[Global flags]
     intx CICompilerCount                          = 3                                         {product} {ergonomic}
     uint ConcGCThreads                            = 1                                         {product} {ergonomic}
     uint G1ConcRefinementThreads                  = 4                                         {product} {ergonomic}
   size_t G1HeapRegionSize                         = 1048576                                   {product} {ergonomic}
    uintx GCDrainStackTargetSize                   = 64                                        {product} {ergonomic}
   size_t InitialHeapSize                          = 134217728                                 {product} {ergonomic}
   size_t MarkStackSize                            = 4194304                                   {product} {ergonomic}
   size_t MaxHeapSize                              = 2124414976                                {product} {ergonomic}
   size_t MaxNewSize                               = 1274019840                                {product} {ergonomic}
   size_t MinHeapDeltaBytes                        = 1048576                                   {product} {ergonomic}
   size_t MinHeapSize                              = 8388608                                   {product} {ergonomic}
    uintx NonNMethodCodeHeapSize                   = 5832780                                {pd product} {ergonomic}
    uintx NonProfiledCodeHeapSize                  = 122912730                              {pd product} {ergonomic}
    uintx ProfiledCodeHeapSize                     = 122912730                              {pd product} {ergonomic}
    uintx ReservedCodeCacheSize                    = 251658240                              {pd product} {ergonomic}
     bool SegmentedCodeCache                       = true                                      {product} {ergonomic}
   size_t SoftMaxHeapSize                          = 2124414976                             {manageable} {ergonomic}
     bool UseCompressedClassPointers               = true                           {product lp64_product} {ergonomic}
     bool UseCompressedOops                        = true                           {product lp64_product} {ergonomic}
     bool UseG1GC                                  = true                                      {product} {ergonomic}
     bool UseLargePagesIndividualAllocation        = false                                  {pd product} {ergonomic}

Logging:
Log output configuration:
 #0: stdout all=warning uptime,level,tags foldmultilines=false
 #1: stderr all=off uptime,level,tags foldmultilines=false

Environment Variables:
JAVA_HOME=C:\Progra~1\Java\jdk-19
CLASSPATH=D:\Code\Android\React_Native\Restaurant\android\\gradle\wrapper\gradle-wrapper.jar
PATH=D:\Code\Android\React_Native\Restaurant\android\node_modules\.bin;D:\Code\Android\React_Native\Restaurant\node_modules\.bin;D:\Code\Android\React_Native\node_modules\.bin;D:\Code\Android\node_modules\.bin;D:\Code\node_modules\.bin;D:\node_modules\.bin;C:\Program Files\nodejs;D:\Code\Android\React_Native\Restaurant\node_modules\.bin;D:\Code\Android\React_Native\node_modules\.bin;D:\Code\Android\node_modules\.bin;D:\Code\node_modules\.bin;D:\node_modules\.bin;C:\Program Files\nodejs\node_modules\npm\node_modules\@npmcli\run-script\lib\node-gyp-bin;D:\Code\Android\React_Native\Restaurant\node_modules\.bin;D:\Code\Android\React_Native\node_modules\.bin;D:\Code\Android\node_modules\.bin;D:\Code\node_modules\.bin;D:\node_modules\.bin;C:\Program Files\nodejs;D:\Code\Android\React_Native\Restaurant\node_modules\.bin;D:\Code\Android\React_Native\node_modules\.bin;D:\Code\Android\node_modules\.bin;D:\Code\node_modules\.bin;D:\node_modules\.bin;C:\Program Files\nodejs\node_modules\npm\node_modules\@npmcli\run-script\lib\node-gyp-bin;C:\Program Files\Java\jdk-19\bin;C:\Progra~1\Java\jdk-19\bin;C:\Program Files\Java\jdk1.8.0_202\bin;C:\Program Files\Common Files\Oracle\Java\javapath;C:\Program Files (x86)\Common Files\Oracle\Java\javapath;C:\Windows\system32;C:\Windows;C:\Windows\System32\Wbem;C:\Windows\System32\WindowsPowerShell\v1.0\;C:\Windows\System32\OpenSSH\;C:\Program Files\Git\cmd;C:\ProgramData\chocolatey\bin;C:\Program Files\nodejs\;C:\Program Files\OpenJDK\openjdk-11.0.16_8\bin;C:\Program Files\Microsoft SQL Server\Client SDK\ODBC\170\Tools\Binn\;C:\Program Files (x86)\Microsoft SQL Server\150\Tools\Binn\;C:\Program Files\Microsoft SQL Server\150\Tools\Binn\;C:\Program Files\Microsoft SQL Server\150\DTS\Binn\;C:\Program Files (x86)\Microsoft SQL Server\150\DTS\Binn\;C:\Program Files\Azure Data Studio\bin;C:\hadoop-3.3.0\bin;C:\hadoop-3.3.0\sbin;C:\Users\minht\AppData\Local\Programs\Python\Python311\Scripts\;C:\Users\minht\AppData\Local\Programs\Python\Python311\;C:\Users\minht\AppData\Local\Microsoft\WindowsApps;C:\Users\minht\AppData\Local\Programs\Microsoft VS Code\bin;C:\Users\minht\AppData\Roaming\npm;C:\Users\minht\AppData\Local\Android\sdk\platform-tools
USERNAME=minht
LANG=en_US.UTF-8
OS=Windows_NT
PROCESSOR_IDENTIFIER=Intel64 Family 6 Model 61 Stepping 4, GenuineIntel
TMP=C:\Users\minht\AppData\Local\Temp
TEMP=C:\Users\minht\AppData\Local\Temp



---------------  S Y S T E M  ---------------

OS:
 Windows 10 , 64 bit Build 19041 (10.0.19041.2546)
OS uptime: 0 days 5:54 hours

CPU: total 4 (initial active 4) (2 cores per cpu, 2 threads per core) family 6 model 61 stepping 4 microcode 0x2d, cx8, cmov, fxsr, ht, mmx, 3dnowpref, sse, sse2, sse3, ssse3, sse4.1, sse4.2, popcnt, lzcnt, tsc, tscinvbit, avx, avx2, aes, erms, clmul, bmi1, bmi2, adx, fma, vzeroupper, clflush, rdtscp

Memory: 4k page, system-wide physical 8103M (543M free)
TotalPageFile size 12199M (AvailPageFile size 243M)
current process WorkingSet (physical memory assigned to process): 423M, peak: 425M
current process commit charge ("private bytes"): 457M, peak: 762M

vm_info: Java HotSpot(TM) 64-Bit Server VM (19.0.2+7-44) for windows-amd64 JRE (19.0.2+7-44), built on 2022-11-30T18:02:09Z by "mach5one" with MS VC++ 17.1 (VS2022)

END.
